<?xml version="1.0" encoding="UTF-8"?>
<testsuite xmlns:xsi="http://www.w3.org/2001/XMLSchema-instance" xsi:noNamespaceSchemaLocation="https://maven.apache.org/surefire/maven-surefire-plugin/xsd/surefire-test-report.xsd" name="TestSuite" time="10.364" tests="73" errors="0" skipped="0" failures="1">
  <properties>
    <property name="java.runtime.name" value="OpenJDK Runtime Environment"/>
    <property name="sun.boot.library.path" value="/usr/lib/jvm/java-8-openjdk-amd64/jre/lib/amd64"/>
    <property name="java.vm.version" value="25.292-b10"/>
    <property name="java.vm.vendor" value="Private Build"/>
    <property name="maven.multiModuleProjectDirectory" value="/home/user/Idea/IdeaProjects/HW_EPAM_REST"/>
    <property name="java.vendor.url" value="http://java.oracle.com/"/>
    <property name="path.separator" value=":"/>
    <property name="guice.disable.misplaced.annotation.check" value="true"/>
    <property name="java.vm.name" value="OpenJDK 64-Bit Server VM"/>
    <property name="file.encoding.pkg" value="sun.io"/>
    <property name="user.country" value="US"/>
    <property name="sun.java.launcher" value="SUN_STANDARD"/>
    <property name="sun.os.patch.level" value="unknown"/>
    <property name="java.vm.specification.name" value="Java Virtual Machine Specification"/>
    <property name="user.dir" value="/home/user/Idea/IdeaProjects/HW_EPAM_REST"/>
    <property name="java.runtime.version" value="1.8.0_292-8u292-b10-0ubuntu1~18.04-b10"/>
    <property name="java.awt.graphicsenv" value="sun.awt.X11GraphicsEnvironment"/>
    <property name="java.endorsed.dirs" value="/usr/lib/jvm/java-8-openjdk-amd64/jre/lib/endorsed"/>
    <property name="os.arch" value="amd64"/>
    <property name="java.io.tmpdir" value="/tmp"/>
    <property name="line.separator" value="&#10;"/>
    <property name="java.vm.specification.vendor" value="Oracle Corporation"/>
    <property name="os.name" value="Linux"/>
    <property name="classworlds.conf" value="/usr/share/maven/bin/m2.conf"/>
    <property name="sun.jnu.encoding" value="UTF-8"/>
    <property name="java.library.path" value="/usr/java/packages/lib/amd64:/usr/lib/x86_64-linux-gnu/jni:/lib/x86_64-linux-gnu:/usr/lib/x86_64-linux-gnu:/usr/lib/jni:/lib:/usr/lib"/>
    <property name="maven.conf" value="/usr/share/maven/conf"/>
    <property name="java.specification.name" value="Java Platform API Specification"/>
    <property name="java.class.version" value="52.0"/>
    <property name="sun.management.compiler" value="HotSpot 64-Bit Tiered Compilers"/>
    <property name="os.version" value="5.4.0-80-generic"/>
    <property name="library.jansi.path" value="/usr/share/maven/lib/jansi-native"/>
    <property name="user.home" value="/home/user"/>
    <property name="user.timezone" value="Europe/Kiev"/>
    <property name="java.awt.printerjob" value="sun.print.PSPrinterJob"/>
    <property name="java.specification.version" value="1.8"/>
    <property name="file.encoding" value="UTF-8"/>
    <property name="user.name" value="user"/>
    <property name="java.class.path" value="/usr/share/maven/boot/plexus-classworlds-2.x.jar"/>
    <property name="java.vm.specification.version" value="1.8"/>
    <property name="sun.arch.data.model" value="64"/>
    <property name="java.home" value="/usr/lib/jvm/java-8-openjdk-amd64/jre"/>
    <property name="sun.java.command" value="org.codehaus.plexus.classworlds.launcher.Launcher clean test"/>
    <property name="java.specification.vendor" value="Oracle Corporation"/>
    <property name="user.language" value="en"/>
    <property name="awt.toolkit" value="sun.awt.X11.XToolkit"/>
    <property name="java.vm.info" value="mixed mode"/>
    <property name="java.version" value="1.8.0_292"/>
    <property name="java.ext.dirs" value="/usr/lib/jvm/java-8-openjdk-amd64/jre/lib/ext:/usr/java/packages/lib/ext"/>
    <property name="securerandom.source" value="file:/dev/./urandom"/>
    <property name="sun.boot.class.path" value="/usr/lib/jvm/java-8-openjdk-amd64/jre/lib/resources.jar:/usr/lib/jvm/java-8-openjdk-amd64/jre/lib/rt.jar:/usr/lib/jvm/java-8-openjdk-amd64/jre/lib/sunrsasign.jar:/usr/lib/jvm/java-8-openjdk-amd64/jre/lib/jsse.jar:/usr/lib/jvm/java-8-openjdk-amd64/jre/lib/jce.jar:/usr/lib/jvm/java-8-openjdk-amd64/jre/lib/charsets.jar:/usr/lib/jvm/java-8-openjdk-amd64/jre/lib/jfr.jar:/usr/lib/jvm/java-8-openjdk-amd64/jre/classes"/>
    <property name="java.vendor" value="Private Build"/>
    <property name="maven.home" value="/usr/share/maven"/>
    <property name="file.separator" value="/"/>
    <property name="java.vendor.url.bug" value="http://bugreport.sun.com/bugreport/"/>
    <property name="sun.cpu.endian" value="little"/>
    <property name="sun.io.unicode.encoding" value="UnicodeLittle"/>
    <property name="sun.cpu.isalist" value=""/>
  </properties>
  <testcase name="testSearchBookBadRequest" classname="book.SearchBookTest" time="2.367"/>
  <testcase name="testSearchBookByName" classname="book.SearchBookTest" time="0.625"/>
  <testcase name="testSearchBookReturn5Results" classname="book.SearchBookTest" time="0.536"/>
  <testcase name="testDeleteBookBadRequest" classname="book.DeleteBookTest" time="0.584"/>
  <testcase name="testDeleteBookById" classname="book.DeleteBookTest" time="0.094"/>
  <testcase name="testDeleteBookNotFound" classname="book.DeleteBookTest" time="0.024"/>
  <testcase name="testSearchBookByAuthorAndGenre" classname="book.GetBookByAuthorAndGenreTest" time="0.004"/>
  <testcase name="testSearchBookByAuthorBadRequestAndGenre" classname="book.GetBookByAuthorAndGenreTest" time="0.025"/>
  <testcase name="testSearchBookByAuthorThatNotExistAndGenre" classname="book.GetBookByAuthorAndGenreTest" time="0.023"/>
  <testcase name="testSearchBookByGenreBadRequestAndAuthor" classname="book.GetBookByAuthorAndGenreTest" time="0.018"/>
  <testcase name="testSearchBookByGenreThatNotExistAndAuthor" classname="book.GetBookByAuthorAndGenreTest" time="0.022"/>
  <testcase name="testGetAllBooks" classname="book.GetAllBookOfSpecialGenreTest" time="1.767">
    <failure message="expected [5] but found [453]" type="java.lang.AssertionError">java.lang.AssertionError: expected [5] but found [453]
	at book.GetAllBookOfSpecialGenreTest.testGetAllBooks(GetAllBookOfSpecialGenreTest.java:40)
</failure>
    <system-out><![CDATA[2021-08-18 16:04 INFO  AuthorMethods - Get id for genre: '10835'
2021-08-18 16:04 INFO  HttpClient - Send GET request to /api/library/genre/10835 with body : null
2021-08-18 16:04 INFO  BaseResponse - Get status code - 404
2021-08-18 16:04 INFO  AuthorMethods - ID is created successful!
2021-08-18 16:04 INFO  HttpClient - Send POST request to /api/library/genre with body : {"genreId":10835,"genreName":"genreName10835","genreDescription":"goodGenre"}
2021-08-18 16:04 INFO  BookMethods - Get id for book: '60056'
2021-08-18 16:04 INFO  HttpClient - Send GET request to /api/library/book/60056 with body : null
2021-08-18 16:04 INFO  BaseResponse - Get status code - 404
2021-08-18 16:04 INFO  BookMethods - ID is created successful!
2021-08-18 16:04 INFO  AuthorMethods - Get id for author: '42452'
2021-08-18 16:04 INFO  HttpClient - Send GET request to /api/library/author/42452 with body : null
2021-08-18 16:04 INFO  BaseResponse - Get status code - 404
2021-08-18 16:04 INFO  AuthorMethods - ID is created successful!
2021-08-18 16:04 INFO  Author - Setting authorId = 42452
2021-08-18 16:04 INFO  Author - Setting first name = FirstName42452
2021-08-18 16:04 INFO  Author - Setting second name = LastName42452
2021-08-18 16:04 INFO  Author - Setting nationality = Ukrainian42452
2021-08-18 16:04 INFO  Author - Setting birth date = 1973-03-28
2021-08-18 16:04 INFO  Author - Setting birth country = Ukraine
2021-08-18 16:04 INFO  Author - Setting birth city = Mykoliv
2021-08-18 16:04 INFO  Author - Setting authorDescription = GoodAuthor
2021-08-18 16:04 INFO  HttpClient - Send POST request to /api/library/author with body : {"authorId":42452,"authorName":{"first":"FirstName42452","second":"LastName42452"},"nationality":"Ukrainian42452","birth":{"date":"1973-03-28","country":"Ukraine","city":"Mykoliv"},"authorDescription":"GoodAuthor"}
2021-08-18 16:04 INFO  HttpClient - Send POST request to /api/library/book/42452/10835 with body : {"bookId":60056,"bookName":"BookName60056","bookLanguage":"Ukrainian","bookDescription":"goodDescription","additional":{"pageCount":756,"size":{"height":10,"width":20,"length":30}},"publicationYear":2001}
2021-08-18 16:04 INFO  BaseResponse - Get status code - 201
2021-08-18 16:04 INFO  BookMethods - Get id for book: '34824'
2021-08-18 16:04 INFO  HttpClient - Send GET request to /api/library/book/34824 with body : null
2021-08-18 16:04 INFO  BaseResponse - Get status code - 404
2021-08-18 16:04 INFO  BookMethods - ID is created successful!
2021-08-18 16:04 INFO  AuthorMethods - Get id for author: '83360'
2021-08-18 16:04 INFO  HttpClient - Send GET request to /api/library/author/83360 with body : null
2021-08-18 16:04 INFO  BaseResponse - Get status code - 404
2021-08-18 16:04 INFO  AuthorMethods - ID is created successful!
2021-08-18 16:04 INFO  Author - Setting authorId = 83360
2021-08-18 16:04 INFO  Author - Setting first name = FirstName83360
2021-08-18 16:04 INFO  Author - Setting second name = LastName83360
2021-08-18 16:04 INFO  Author - Setting nationality = Ukrainian83360
2021-08-18 16:04 INFO  Author - Setting birth date = 1973-03-28
2021-08-18 16:04 INFO  Author - Setting birth country = Ukraine
2021-08-18 16:04 INFO  Author - Setting birth city = Mykoliv
2021-08-18 16:04 INFO  Author - Setting authorDescription = GoodAuthor
2021-08-18 16:04 INFO  HttpClient - Send POST request to /api/library/author with body : {"authorId":83360,"authorName":{"first":"FirstName83360","second":"LastName83360"},"nationality":"Ukrainian83360","birth":{"date":"1973-03-28","country":"Ukraine","city":"Mykoliv"},"authorDescription":"GoodAuthor"}
2021-08-18 16:04 INFO  HttpClient - Send POST request to /api/library/book/83360/10835 with body : {"bookId":34824,"bookName":"BookName34824","bookLanguage":"Ukrainian","bookDescription":"goodDescription","additional":{"pageCount":756,"size":{"height":10,"width":20,"length":30}},"publicationYear":2001}
2021-08-18 16:04 INFO  BaseResponse - Get status code - 201
2021-08-18 16:04 INFO  BookMethods - Get id for book: '63121'
2021-08-18 16:04 INFO  HttpClient - Send GET request to /api/library/book/63121 with body : null
2021-08-18 16:04 INFO  BaseResponse - Get status code - 404
2021-08-18 16:04 INFO  BookMethods - ID is created successful!
2021-08-18 16:04 INFO  AuthorMethods - Get id for author: '32339'
2021-08-18 16:04 INFO  HttpClient - Send GET request to /api/library/author/32339 with body : null
2021-08-18 16:04 INFO  BaseResponse - Get status code - 404
2021-08-18 16:04 INFO  AuthorMethods - ID is created successful!
2021-08-18 16:04 INFO  Author - Setting authorId = 32339
2021-08-18 16:04 INFO  Author - Setting first name = FirstName32339
2021-08-18 16:04 INFO  Author - Setting second name = LastName32339
2021-08-18 16:04 INFO  Author - Setting nationality = Ukrainian32339
2021-08-18 16:04 INFO  Author - Setting birth date = 1973-03-28
2021-08-18 16:04 INFO  Author - Setting birth country = Ukraine
2021-08-18 16:04 INFO  Author - Setting birth city = Mykoliv
2021-08-18 16:04 INFO  Author - Setting authorDescription = GoodAuthor
2021-08-18 16:04 INFO  HttpClient - Send POST request to /api/library/author with body : {"authorId":32339,"authorName":{"first":"FirstName32339","second":"LastName32339"},"nationality":"Ukrainian32339","birth":{"date":"1973-03-28","country":"Ukraine","city":"Mykoliv"},"authorDescription":"GoodAuthor"}
2021-08-18 16:04 INFO  HttpClient - Send POST request to /api/library/book/32339/10835 with body : {"bookId":63121,"bookName":"BookName63121","bookLanguage":"Ukrainian","bookDescription":"goodDescription","additional":{"pageCount":756,"size":{"height":10,"width":20,"length":30}},"publicationYear":2001}
2021-08-18 16:04 INFO  BaseResponse - Get status code - 201
2021-08-18 16:04 INFO  BookMethods - Get id for book: '4474'
2021-08-18 16:04 INFO  HttpClient - Send GET request to /api/library/book/4474 with body : null
2021-08-18 16:04 INFO  BaseResponse - Get status code - 404
2021-08-18 16:04 INFO  BookMethods - ID is created successful!
2021-08-18 16:04 INFO  AuthorMethods - Get id for author: '75559'
2021-08-18 16:04 INFO  HttpClient - Send GET request to /api/library/author/75559 with body : null
2021-08-18 16:04 INFO  BaseResponse - Get status code - 404
2021-08-18 16:04 INFO  AuthorMethods - ID is created successful!
2021-08-18 16:04 INFO  Author - Setting authorId = 75559
2021-08-18 16:04 INFO  Author - Setting first name = FirstName75559
2021-08-18 16:04 INFO  Author - Setting second name = LastName75559
2021-08-18 16:04 INFO  Author - Setting nationality = Ukrainian75559
2021-08-18 16:04 INFO  Author - Setting birth date = 1973-03-28
2021-08-18 16:04 INFO  Author - Setting birth country = Ukraine
2021-08-18 16:04 INFO  Author - Setting birth city = Mykoliv
2021-08-18 16:04 INFO  Author - Setting authorDescription = GoodAuthor
2021-08-18 16:04 INFO  HttpClient - Send POST request to /api/library/author with body : {"authorId":75559,"authorName":{"first":"FirstName75559","second":"LastName75559"},"nationality":"Ukrainian75559","birth":{"date":"1973-03-28","country":"Ukraine","city":"Mykoliv"},"authorDescription":"GoodAuthor"}
2021-08-18 16:04 INFO  HttpClient - Send POST request to /api/library/book/75559/10835 with body : {"bookId":4474,"bookName":"BookName4474","bookLanguage":"Ukrainian","bookDescription":"goodDescription","additional":{"pageCount":756,"size":{"height":10,"width":20,"length":30}},"publicationYear":2001}
2021-08-18 16:04 INFO  BaseResponse - Get status code - 201
2021-08-18 16:04 INFO  BookMethods - Get id for book: '20594'
2021-08-18 16:04 INFO  HttpClient - Send GET request to /api/library/book/20594 with body : null
2021-08-18 16:04 INFO  BaseResponse - Get status code - 404
2021-08-18 16:04 INFO  BookMethods - ID is created successful!
2021-08-18 16:04 INFO  AuthorMethods - Get id for author: '87582'
2021-08-18 16:04 INFO  HttpClient - Send GET request to /api/library/author/87582 with body : null
2021-08-18 16:04 INFO  BaseResponse - Get status code - 404
2021-08-18 16:04 INFO  AuthorMethods - ID is created successful!
2021-08-18 16:04 INFO  Author - Setting authorId = 87582
2021-08-18 16:04 INFO  Author - Setting first name = FirstName87582
2021-08-18 16:04 INFO  Author - Setting second name = LastName87582
2021-08-18 16:04 INFO  Author - Setting nationality = Ukrainian87582
2021-08-18 16:04 INFO  Author - Setting birth date = 1973-03-28
2021-08-18 16:04 INFO  Author - Setting birth country = Ukraine
2021-08-18 16:04 INFO  Author - Setting birth city = Mykoliv
2021-08-18 16:04 INFO  Author - Setting authorDescription = GoodAuthor
2021-08-18 16:04 INFO  HttpClient - Send POST request to /api/library/author with body : {"authorId":87582,"authorName":{"first":"FirstName87582","second":"LastName87582"},"nationality":"Ukrainian87582","birth":{"date":"1973-03-28","country":"Ukraine","city":"Mykoliv"},"authorDescription":"GoodAuthor"}
2021-08-18 16:04 INFO  HttpClient - Send POST request to /api/library/book/87582/10835 with body : {"bookId":20594,"bookName":"BookName20594","bookLanguage":"Ukrainian","bookDescription":"goodDescription","additional":{"pageCount":756,"size":{"height":10,"width":20,"length":30}},"publicationYear":2001}
2021-08-18 16:04 INFO  BaseResponse - Get status code - 201
2021-08-18 16:04 INFO  HttpClient - Send GET request to /api/library/genre/10835/books?page=5&pagination=false&size=10 with body : null
2021-08-18 16:04 INFO  BaseResponse - Get status code - 200
2021-08-18 16:04 INFO  BaseResponse - Getting list.  List -> [Book{bookId=56, bookName='Quia magnam quis', bookLanguage='portuguese', bookDescription='Accusamus debitis occaecati similique esse. Recusandae a ex sint tenetur illo unde delectus. Nihil aut similique. Eos velit voluptas velit quam.', additional=Additional{pageCount=709, size=Size{height=34, width=17, length=4}}, publicationYear=1988}, Book{bookId=122, bookName='Est sunt quod architecto', bookLanguage='german', bookDescription='Inventore voluptatem impedit quos nemo est error. Delectus maxime voluptatem sequi quisquam qui exercitationem id. Et recusandae facilis voluptate nam voluptatum ex iste. Et culpa aperiam similique voluptatem. Accusamus explicabo non.', additional=Additional{pageCount=67, size=Size{height=15, width=23, length=2}}, publicationYear=2012}, Book{bookId=210, bookName='BookName210', bookLanguage='Ukrainian', bookDescription='goodDescription', additional=Additional{pageCount=756, size=Size{height=10, width=20, length=30}}, publicationYear=2001}, Book{bookId=235, bookName='Soluta saepe et', bookLanguage='urdu', bookDescription='Magni veniam natus inventore magnam. Porro ut odio. Officia et ut voluptas consequatur. Consequatur eligendi ut.', additional=Additional{pageCount=369, size=Size{height=7, width=24, length=4}}, publicationYear=1970}, Book{bookId=264, bookName='BookName264', bookLanguage='Ukrainian', bookDescription='goodDescription', additional=Additional{pageCount=756, size=Size{height=10, width=20, length=30}}, publicationYear=2001}, Book{bookId=279, bookName='Quibusdam blanditiis neque sapiente', bookLanguage='portuguese', bookDescription='Sint officia ut laboriosam. Velit autem totam molestiae dolore. Et voluptas inventore. Adipisci dolorem et pariatur omnis. Incidunt accusantium laudantium beatae qui sit voluptates.', additional=Additional{pageCount=868, size=Size{height=22, width=13, length=4}}, publicationYear=2006}, Book{bookId=303, bookName='Ab quidem non', bookLanguage='ukrainian', bookDescription='Beatae reprehenderit doloremque. Fugiat rerum ut qui. Et quidem odit autem.', additional=Additional{pageCount=534, size=Size{height=7, width=20, length=4}}, publicationYear=2006}, Book{bookId=322, bookName='Nobis laboriosam quos deleniti', bookLanguage='german', bookDescription='Aliquam et dolores. Velit aut eveniet. Nemo at eum suscipit consectetur amet.', additional=Additional{pageCount=210, size=Size{height=25, width=16, length=3}}, publicationYear=1972}, Book{bookId=325, bookName='Veritatis itaque nulla libero', bookLanguage='arabic', bookDescription='Dignissimos nesciunt asperiores animi nulla soluta. Quos voluptatem consequuntur rerum et cupiditate. Repudiandae officia rem velit soluta nisi odio. Qui occaecati accusamus maxime odio eaque.', additional=Additional{pageCount=28, size=Size{height=17, width=21, length=3}}, publicationYear=2018}, Book{bookId=326, bookName='BookName326', bookLanguage='Ukrainian', bookDescription='goodDescription', additional=Additional{pageCount=756, size=Size{height=10, width=20, length=30}}, publicationYear=2001}, Book{bookId=336, bookName='Autem harum sunt', bookLanguage='belorussian', bookDescription='In facere vel. Dolorum laborum earum quaerat id sunt fuga quo. Nemo nisi maiores repellat eaque consequuntur fugit.', additional=Additional{pageCount=639, size=Size{height=15, width=12, length=1}}, publicationYear=1973}, Book{bookId=386, bookName='Quidem et fuga amet', bookLanguage='german', bookDescription='Et cum rem pariatur magni qui modi. Dolorum dolor aut sed repellat. Nulla consequuntur sed dicta quo.', additional=Additional{pageCount=533, size=Size{height=16, width=26, length=4}}, publicationYear=2018}, Book{bookId=415, bookName='Quos aliquam non', bookLanguage='ukrainian', bookDescription='Ratione nemo ea nisi autem sequi voluptate commodi. Soluta ea qui. Qui perspiciatis perspiciatis. Expedita perferendis soluta et. Quae cum error aperiam.', additional=Additional{pageCount=336, size=Size{height=6, width=28, length=1}}, publicationYear=2000}, Book{bookId=428, bookName='Et et beatae', bookLanguage='french', bookDescription='Exercitationem est ipsam officia nisi nemo maxime inventore. Tempore vel harum illo labore odio illum impedit. Quod ut aut quaerat voluptates laboriosam exercitationem.', additional=Additional{pageCount=493, size=Size{height=5, width=29, length=3}}, publicationYear=2009}, Book{bookId=494, bookName='Quam doloribus ad qui', bookLanguage='farsi', bookDescription='Ut cumque nemo. Adipisci dignissimos voluptatem odio libero ducimus odio placeat. Itaque doloribus et aut. Non sapiente velit in quo quae et aliquam. Pariatur quam veritatis autem.', additional=Additional{pageCount=517, size=Size{height=26, width=6, length=2}}, publicationYear=2005}, Book{bookId=525, bookName='Omnis veritatis dolorum voluptatum', bookLanguage='english', bookDescription='Iusto consequatur non et libero autem commodi. Laboriosam alias tempore et sunt facilis quia delectus. Et aspernatur quam. Consequatur quidem non voluptatem est. Consectetur molestias illum.', additional=Additional{pageCount=731, size=Size{height=25, width=9, length=3}}, publicationYear=2011}, Book{bookId=617, bookName='Voluptates dolore eos et', bookLanguage='portuguese', bookDescription='Voluptates ipsa et in in blanditiis. Earum eum voluptates velit deleniti. Veritatis fugiat nobis expedita animi et dolores quaerat. Sit dolorem expedita maiores aperiam cum est. Quam recusandae recusandae at.', additional=Additional{pageCount=406, size=Size{height=22, width=22, length=2}}, publicationYear=2013}, Book{bookId=629, bookName='BookName629', bookLanguage='Ukrainian', bookDescription='goodDescription', additional=Additional{pageCount=756, size=Size{height=10, width=20, length=30}}, publicationYear=2001}, Book{bookId=631, bookName='Perspiciatis sint qui sed', bookLanguage='portuguese', bookDescription='Molestias consequatur illum perferendis nihil. Illo et aut aut molestias aperiam aut voluptatem. Laudantium porro ipsam quaerat.', additional=Additional{pageCount=782, size=Size{height=32, width=7, length=1}}, publicationYear=1985}, Book{bookId=649, bookName='Quia dicta quidem', bookLanguage='french', bookDescription='Soluta corporis facilis ab cumque dignissimos molestias quas. Est temporibus et magni laudantium ut quas corporis. Quos perferendis expedita modi.', additional=Additional{pageCount=883, size=Size{height=25, width=6, length=1}}, publicationYear=1987}, Book{bookId=722, bookName='Cupiditate veritatis ut', bookLanguage='farsi', bookDescription='Vel et eaque voluptatibus nobis ut accusamus. Quibusdam assumenda alias iste. Sapiente rerum minima repudiandae unde tempore quis est.', additional=Additional{pageCount=669, size=Size{height=8, width=17, length=2}}, publicationYear=2016}, Book{bookId=831, bookName='Quis libero ut', bookLanguage='belorussian', bookDescription='Quis doloremque autem animi rerum. Iusto voluptatibus aut. Et et non distinctio quam.', additional=Additional{pageCount=718, size=Size{height=12, width=12, length=1}}, publicationYear=1981}, Book{bookId=845, bookName='Necessitatibus eaque debitis', bookLanguage='spanish', bookDescription='Exercitationem cupiditate exercitationem. Eligendi est non rerum hic reprehenderit laborum est. Aliquam deleniti qui qui iure at est. Omnis ea dicta dolores harum nihil voluptas et. Commodi dicta optio qui perferendis.', additional=Additional{pageCount=204, size=Size{height=32, width=15, length=4}}, publicationYear=1986}, Book{bookId=853, bookName='Sit eaque et illo', bookLanguage='english', bookDescription='Atque architecto maxime et laborum ipsam. Voluptatem quasi iste quisquam consequatur saepe. Omnis voluptatem esse. Aspernatur placeat ut rerum voluptatem voluptas. Aut eaque minima et atque.', additional=Additional{pageCount=172, size=Size{height=12, width=10, length=1}}, publicationYear=2010}, Book{bookId=900, bookName='Labore saepe sapiente', bookLanguage='arabic', bookDescription='Incidunt consequatur soluta quia maxime rem nulla eveniet. Vero et qui voluptatem consequatur. Incidunt hic dolor.', additional=Additional{pageCount=274, size=Size{height=25, width=34, length=4}}, publicationYear=1995}, Book{bookId=907, bookName='Laboriosam est quaerat', bookLanguage='belorussian', bookDescription='Ut et ut. Consequatur quidem enim eveniet doloribus. Voluptas non voluptates sed dicta blanditiis. Cumque a fuga dignissimos at ullam.', additional=Additional{pageCount=735, size=Size{height=27, width=17, length=2}}, publicationYear=1994}, Book{bookId=929, bookName='Neque beatae voluptatem', bookLanguage='farsi', bookDescription='Eos eos odit laborum. Modi possimus et consequatur eos. Velit excepturi consequuntur itaque a voluptatem voluptas.', additional=Additional{pageCount=937, size=Size{height=26, width=26, length=4}}, publicationYear=2018}, Book{bookId=943, bookName='Dolorem eos omnis optio', bookLanguage='chinese', bookDescription='Rerum eum laboriosam ut. Porro sunt temporibus voluptatem architecto dolorem. Animi illo est velit voluptatem.', additional=Additional{pageCount=728, size=Size{height=31, width=10, length=3}}, publicationYear=1975}, Book{bookId=973, bookName='Consequatur doloremque voluptate', bookLanguage='ukrainian', bookDescription='Id et cumque. Repellendus laudantium expedita ut at consectetur asperiores. Ex rerum voluptatem ea ipsa.', additional=Additional{pageCount=474, size=Size{height=32, width=16, length=2}}, publicationYear=1982}, Book{bookId=1011, bookName='Magni consectetur consequatur', bookLanguage='english', bookDescription='Dolorem deserunt dolor vel omnis. Autem exercitationem earum recusandae. Inventore aut quibusdam.', additional=Additional{pageCount=30, size=Size{height=15, width=30, length=5}}, publicationYear=1999}, Book{bookId=1015, bookName='Debitis quo nam', bookLanguage='spanish', bookDescription='Ut ut voluptatum fuga vel et. Est accusantium libero numquam doloribus aut. Qui rem odio odio sed aperiam.', additional=Additional{pageCount=84, size=Size{height=7, width=10, length=1}}, publicationYear=1983}, Book{bookId=1100, bookName='Est nesciunt repellendus', bookLanguage='urdu', bookDescription='Enim repudiandae quia omnis. Illum iure dolores rerum. Beatae et vel consectetur perferendis sint beatae.', additional=Additional{pageCount=949, size=Size{height=11, width=24, length=3}}, publicationYear=1979}, Book{bookId=1136, bookName='Fugit consequatur voluptas libero', bookLanguage='english', bookDescription='Aut animi nostrum. Est est officia inventore expedita eum sunt corrupti. Minus et alias itaque. Cupiditate ex similique. Et sint accusamus id.', additional=Additional{pageCount=682, size=Size{height=34, width=10, length=1}}, publicationYear=2014}, Book{bookId=1234, bookName='Dolor dignissimos aliquid', bookLanguage='croatian', bookDescription='Est quo quia. Tempora beatae voluptatem deleniti enim voluptatem et impedit. Consectetur voluptatem rerum minus et. Ex eveniet eveniet repellendus in a quam consequuntur. Vel totam odit.', additional=Additional{pageCount=792, size=Size{height=29, width=20, length=1}}, publicationYear=1986}, Book{bookId=1238, bookName='Nam minus quam reprehenderit', bookLanguage='arabic', bookDescription='Porro perspiciatis veniam. In omnis ipsa. Voluptatem ratione enim consequatur et incidunt. Nobis qui hic sequi.', additional=Additional{pageCount=366, size=Size{height=26, width=13, length=2}}, publicationYear=1973}, Book{bookId=1240, bookName='Saepe necessitatibus aliquam', bookLanguage='belorussian', bookDescription='Aut esse debitis doloribus accusantium id. Autem minima qui eligendi earum qui omnis dolor. Veritatis iusto nostrum voluptas. Nihil dolor expedita vel cupiditate consequuntur et.', additional=Additional{pageCount=889, size=Size{height=13, width=29, length=1}}, publicationYear=1970}, Book{bookId=1354, bookName='Deleniti nam quis', bookLanguage='armenian', bookDescription='Nostrum ullam ab. Aut est nihil tempora. Est harum natus nulla alias. Ut earum aut natus porro.', additional=Additional{pageCount=891, size=Size{height=23, width=5, length=4}}, publicationYear=1986}, Book{bookId=1359, bookName='Voluptates similique sequi', bookLanguage='portuguese', bookDescription='Neque asperiores velit velit qui omnis consequatur. Quae fugit dolorem quia et et quibusdam sequi. Quaerat quisquam qui atque. Molestias velit delectus et rerum provident. Est qui commodi vel id enim.', additional=Additional{pageCount=835, size=Size{height=27, width=14, length=4}}, publicationYear=2004}, Book{bookId=1361, bookName='Quis tenetur non provident', bookLanguage='croatian', bookDescription='Sint odio voluptas eos perspiciatis voluptates eligendi. Aut qui eaque sit. Cumque numquam qui soluta. Quia beatae eveniet fugit sapiente qui ut sit.', additional=Additional{pageCount=65, size=Size{height=8, width=14, length=1}}, publicationYear=1980}, Book{bookId=1405, bookName='Voluptates aut repudiandae', bookLanguage='russian', bookDescription='Provident cum qui architecto maxime. In facere tempora laudantium consequuntur quidem. Nihil qui id est eos.', additional=Additional{pageCount=98, size=Size{height=28, width=5, length=2}}, publicationYear=2015}, Book{bookId=1408, bookName='Et facilis enim odio', bookLanguage='armenian', bookDescription='In et quaerat perferendis autem velit laboriosam. Atque laborum ut perferendis suscipit facere est consequatur. Modi iusto et sapiente possimus.', additional=Additional{pageCount=454, size=Size{height=17, width=30, length=2}}, publicationYear=1996}, Book{bookId=1410, bookName='Placeat repellat enim', bookLanguage='belorussian', bookDescription='Soluta aperiam officia voluptatum alias et. Non at voluptates nesciunt ut. Id in at quibusdam et sed repellat totam.', additional=Additional{pageCount=98, size=Size{height=30, width=19, length=5}}, publicationYear=1999}, Book{bookId=1454, bookName='Nisi qui voluptatum dolorum', bookLanguage='russian', bookDescription='Laborum itaque occaecati dolorem ipsum et laudantium. Sint numquam assumenda et sunt nulla nemo sit. Provident et mollitia totam perferendis aut sapiente repudiandae. Aut non adipisci ullam omnis reiciendis. Totam in nisi accusamus tempora.', additional=Additional{pageCount=79, size=Size{height=31, width=7, length=2}}, publicationYear=1972}, Book{bookId=1575, bookName='Et culpa sint eaque', bookLanguage='spanish', bookDescription='Distinctio sit fugiat numquam rerum in. Tempora sed assumenda aliquid dolor dolor cum voluptas. At aut quia.', additional=Additional{pageCount=556, size=Size{height=13, width=11, length=4}}, publicationYear=1981}, Book{bookId=1585, bookName='Voluptas ipsum necessitatibus', bookLanguage='russian', bookDescription='Dolores nobis et repellat amet a sunt. Similique sapiente est sit ad. Ut dolore voluptates. Id voluptatibus exercitationem. Eum consectetur deleniti nesciunt eos aut ut asperiores.', additional=Additional{pageCount=99, size=Size{height=25, width=20, length=1}}, publicationYear=2011}, Book{bookId=1587, bookName='Quaerat quasi hic quia', bookLanguage='portuguese', bookDescription='Eaque fugit ratione in aut ut. Eveniet dignissimos eligendi. Sequi veritatis laborum est quidem est. Est voluptatum aut omnis iure quidem.', additional=Additional{pageCount=69, size=Size{height=6, width=32, length=3}}, publicationYear=1979}, Book{bookId=1608, bookName='Praesentium nobis omnis dolorem', bookLanguage='spanish', bookDescription='Ipsa voluptatem nulla minima voluptatem. Amet sint illo ut. Dignissimos aut officia consequatur quia.', additional=Additional{pageCount=108, size=Size{height=6, width=19, length=1}}, publicationYear=2014}, Book{bookId=1633, bookName='Magni repudiandae nostrum', bookLanguage='belorussian', bookDescription='Reprehenderit aut voluptate quia sunt. Omnis magnam dolores. Laboriosam amet nisi et ipsum libero beatae voluptatem. Labore maiores rem sit aut temporibus. Corporis molestiae quae dolor minus non.', additional=Additional{pageCount=554, size=Size{height=29, width=30, length=2}}, publicationYear=1974}, Book{bookId=1658, bookName='Dolorem quaerat quia', bookLanguage='arabic', bookDescription='Numquam maxime autem deleniti ipsam molestiae maiores voluptatem. Quia consequatur voluptatem. Ea ipsum ratione. Recusandae suscipit est omnis aut laudantium deserunt. Deserunt laborum ratione inventore perspiciatis voluptas.', additional=Additional{pageCount=874, size=Size{height=22, width=12, length=2}}, publicationYear=1996}, Book{bookId=1687, bookName='Vero qui itaque sint', bookLanguage='spanish', bookDescription='Omnis tempore nobis. Reprehenderit voluptatem facere et dolor. Maxime velit porro.', additional=Additional{pageCount=184, size=Size{height=19, width=8, length=4}}, publicationYear=1977}, Book{bookId=1757, bookName='Exercitationem id ut', bookLanguage='armenian', bookDescription='Dicta ut inventore ut fugiat et qui. Possimus ut nihil neque ad dolor. Vero autem saepe. Voluptates cum quis temporibus repudiandae nulla ullam ipsam. At occaecati nesciunt corporis maiores aliquam quia.', additional=Additional{pageCount=854, size=Size{height=21, width=30, length=4}}, publicationYear=1975}, Book{bookId=1776, bookName='Rerum et voluptatem iusto', bookLanguage='russian', bookDescription='Ex natus architecto. Aliquid vero quaerat tenetur accusamus. Nostrum distinctio quis nobis molestiae aut.', additional=Additional{pageCount=530, size=Size{height=9, width=13, length=2}}, publicationYear=1985}, Book{bookId=1792, bookName='BookName1792', bookLanguage='Ukrainian', bookDescription='goodDescription', additional=Additional{pageCount=756, size=Size{height=10, width=20, length=30}}, publicationYear=2001}, Book{bookId=1835, bookName='Quis dolor inventore', bookLanguage='spanish', bookDescription='Doloribus neque non non aut. Vitae velit porro numquam esse. Est corrupti adipisci consequatur magni. Consequatur consequuntur delectus aspernatur aspernatur beatae qui. Soluta quo a temporibus hic eos soluta.', additional=Additional{pageCount=745, size=Size{height=16, width=28, length=3}}, publicationYear=1994}, Book{bookId=1851, bookName='Dolores voluptatem vitae', bookLanguage='chinese', bookDescription='Neque laborum dolore nulla. Rerum repellendus nihil iure provident veniam atque ducimus. Sunt id similique voluptatem ipsa. Autem iste est.', additional=Additional{pageCount=707, size=Size{height=8, width=25, length=4}}, publicationYear=2018}, Book{bookId=1861, bookName='Asperiores aut ut', bookLanguage='ukrainian', bookDescription='Tempora temporibus voluptas debitis veritatis dolore. Sunt laudantium quis aut eaque. Consectetur culpa id odit.', additional=Additional{pageCount=347, size=Size{height=9, width=11, length=4}}, publicationYear=2016}, Book{bookId=1976, bookName='Molestias animi quod voluptas', bookLanguage='portuguese', bookDescription='Ut beatae quidem et sed temporibus. Non sit harum quis ea delectus. Totam sit iste eos incidunt quasi voluptatem qui. Iusto cupiditate odit facere voluptatibus debitis rerum. Eveniet tempore qui odit aperiam in.', additional=Additional{pageCount=573, size=Size{height=27, width=14, length=3}}, publicationYear=1995}, Book{bookId=2035, bookName='Vitae inventore sequi', bookLanguage='french', bookDescription='Itaque cumque ut voluptate saepe rerum. Sunt praesentium delectus quos totam et deserunt minima. Quis tenetur similique blanditiis. Mollitia perferendis adipisci laborum reiciendis quo. Dolores cupiditate architecto cupiditate et.', additional=Additional{pageCount=762, size=Size{height=5, width=29, length=3}}, publicationYear=1977}, Book{bookId=2083, bookName='Id praesentium eum', bookLanguage='portuguese', bookDescription='Dolor quod velit. Et quia quam qui quae explicabo nulla. Maiores quia occaecati aut itaque dolore. Quia explicabo quo ipsum perspiciatis consequuntur dolores est. Eos at est repudiandae nisi nobis.', additional=Additional{pageCount=274, size=Size{height=33, width=16, length=3}}, publicationYear=1992}, Book{bookId=2166, bookName='Est corrupti qui', bookLanguage='chinese', bookDescription='Aut facere molestiae dolor odio impedit. Eligendi voluptatibus assumenda neque consequuntur et. Unde eos non.', additional=Additional{pageCount=489, size=Size{height=13, width=28, length=3}}, publicationYear=2001}, Book{bookId=2190, bookName='Voluptatem non voluptas consequatur', bookLanguage='polish', bookDescription='Quia modi atque iste est voluptatem laboriosam autem. Earum quia tenetur asperiores perferendis facilis rerum. Quo molestiae et. Voluptatem modi earum cum voluptates.', additional=Additional{pageCount=948, size=Size{height=30, width=18, length=3}}, publicationYear=1973}, Book{bookId=2191, bookName='Consectetur et saepe', bookLanguage='german', bookDescription='Maxime doloremque saepe aspernatur. Et ipsum quia commodi aut temporibus commodi ut. Placeat architecto libero nemo. Blanditiis eos dolor ducimus dolorem eius. Aperiam sunt expedita facilis aspernatur.', additional=Additional{pageCount=963, size=Size{height=33, width=19, length=2}}, publicationYear=2003}, Book{bookId=2205, bookName='Nihil voluptas sed', bookLanguage='portuguese', bookDescription='Et excepturi velit delectus ut commodi et. Id possimus non sit non accusantium maiores magni. Quasi ut distinctio itaque amet pariatur qui.', additional=Additional{pageCount=979, size=Size{height=31, width=5, length=1}}, publicationYear=2010}, Book{bookId=2288, bookName='Voluptatem suscipit non', bookLanguage='polish', bookDescription='Delectus quia voluptatem odio id molestiae voluptates quo. Dolorem numquam minima rerum doloremque pariatur tenetur. Suscipit voluptas voluptatem quam aut.', additional=Additional{pageCount=659, size=Size{height=27, width=24, length=2}}, publicationYear=1983}, Book{bookId=2306, bookName='Ea vel consequatur', bookLanguage='russian', bookDescription='Voluptas officiis debitis dolores. Qui enim dolores harum aspernatur impedit. Suscipit ducimus atque quasi voluptate. Mollitia veniam praesentium voluptas molestiae aut.', additional=Additional{pageCount=467, size=Size{height=9, width=6, length=2}}, publicationYear=2002}, Book{bookId=2331, bookName='Et odio quia', bookLanguage='armenian', bookDescription='Itaque aut sed esse cum quos asperiores culpa. Temporibus est fuga sed quis voluptas quia. Sint aut recusandae voluptas atque.', additional=Additional{pageCount=836, size=Size{height=20, width=5, length=3}}, publicationYear=1987}, Book{bookId=2362, bookName='Eaque enim non', bookLanguage='spanish', bookDescription='Quis temporibus eligendi et. Quis rerum doloremque. Hic veritatis at ipsa eum unde animi. Aut velit praesentium delectus laudantium.', additional=Additional{pageCount=224, size=Size{height=23, width=6, length=4}}, publicationYear=1980}, Book{bookId=2484, bookName='Culpa vitae velit', bookLanguage='portuguese', bookDescription='Voluptas consequatur eos omnis provident. Sed impedit itaque et. Similique voluptas eos qui totam velit et. Doloribus nihil ad ut voluptatem ut quia. Eos iure eum qui laborum corrupti blanditiis mollitia.', additional=Additional{pageCount=609, size=Size{height=15, width=15, length=2}}, publicationYear=2009}, Book{bookId=2522, bookName='BookName2522', bookLanguage='Ukrainian', bookDescription='goodDescription', additional=Additional{pageCount=756, size=Size{height=10, width=20, length=30}}, publicationYear=2001}, Book{bookId=2542, bookName='Sit temporibus ad accusantium', bookLanguage='urdu', bookDescription='Qui aut velit neque odit et est atque. Cum officiis eveniet voluptate similique quasi. Hic dolorum qui alias sit nostrum.', additional=Additional{pageCount=154, size=Size{height=21, width=8, length=3}}, publicationYear=1972}, Book{bookId=2597, bookName='Voluptates culpa hic', bookLanguage='farsi', bookDescription='Suscipit placeat consequatur in qui explicabo dolorem. Ut repellat aut ipsam voluptate. Odio sint aliquam et. Omnis ea quia quos. Vel distinctio et.', additional=Additional{pageCount=473, size=Size{height=30, width=29, length=2}}, publicationYear=1970}, Book{bookId=2628, bookName='Ipsa quos sit aut', bookLanguage='portuguese', bookDescription='Praesentium mollitia voluptatem fuga nam. Et molestiae nisi ipsam. Modi cum dolorem qui. Dolorem cum quaerat. Quis est quaerat veritatis.', additional=Additional{pageCount=520, size=Size{height=18, width=31, length=2}}, publicationYear=1987}, Book{bookId=2673, bookName='Quae quis atque est', bookLanguage='polish', bookDescription='Possimus itaque ut deserunt quidem officia minima non. Voluptatem in sint vero. Molestiae est perferendis odio non accusantium voluptas aut. Beatae illo dolorem voluptates repellendus quia repellat. Nihil blanditiis non.', additional=Additional{pageCount=283, size=Size{height=13, width=15, length=4}}, publicationYear=1970}, Book{bookId=2728, bookName='Omnis quia neque', bookLanguage='polish', bookDescription='Ducimus saepe cupiditate suscipit repudiandae et. Est dolores et fugit. Eligendi alias rerum.', additional=Additional{pageCount=197, size=Size{height=29, width=27, length=2}}, publicationYear=1996}, Book{bookId=2736, bookName='In porro nam', bookLanguage='french', bookDescription='Voluptatem ab animi maiores voluptatem. Impedit repellendus non voluptatem omnis vitae. Nam quidem sunt assumenda sint. Et ut sequi repellat suscipit. Ut deleniti asperiores amet.', additional=Additional{pageCount=546, size=Size{height=28, width=22, length=4}}, publicationYear=2002}, Book{bookId=2909, bookName='Eligendi ad pariatur', bookLanguage='german', bookDescription='Quia et quia iusto quas vel aut. Rerum nostrum molestias voluptatem. Quaerat quia cupiditate et ea possimus earum. Fuga officia eum a voluptas.', additional=Additional{pageCount=872, size=Size{height=17, width=32, length=4}}, publicationYear=1977}, Book{bookId=3049, bookName='Dolores aspernatur omnis', bookLanguage='farsi', bookDescription='Quo blanditiis error aut quia et. Consectetur et sit distinctio est deserunt sed nesciunt. Modi et et. Sint porro sapiente aut eos maxime neque voluptatibus.', additional=Additional{pageCount=927, size=Size{height=9, width=22, length=2}}, publicationYear=2006}, Book{bookId=3150, bookName='Voluptatem et incidunt ducimus', bookLanguage='urdu', bookDescription='Ipsa praesentium nulla quia sed. Magni qui voluptas eaque. Totam quos odit sed molestiae. Architecto amet eligendi.', additional=Additional{pageCount=190, size=Size{height=14, width=5, length=4}}, publicationYear=2001}, Book{bookId=3176, bookName='Id incidunt et', bookLanguage='armenian', bookDescription='Exercitationem omnis velit occaecati delectus. Dolore et eaque iusto quas laudantium reiciendis laudantium. Perferendis eligendi vel ab. A aperiam porro qui maxime ipsa.', additional=Additional{pageCount=427, size=Size{height=22, width=30, length=1}}, publicationYear=2007}, Book{bookId=3282, bookName='Commodi ut praesentium', bookLanguage='spanish', bookDescription='Dicta fugit officiis. Id nisi iste autem ut eveniet adipisci deserunt. Itaque repellat cupiditate. Ut illum neque. Sit eaque consequatur deserunt sint aut quo.', additional=Additional{pageCount=518, size=Size{height=16, width=12, length=2}}, publicationYear=1984}, Book{bookId=3477, bookName='Molestiae in et ut', bookLanguage='farsi', bookDescription='Laborum ut dolores at eveniet ut commodi. Mollitia est aut a eos qui eum et. Nihil aliquam laboriosam animi voluptas doloremque dolorum. Voluptas consectetur sequi eaque voluptas.', additional=Additional{pageCount=732, size=Size{height=12, width=10, length=4}}, publicationYear=1979}, Book{bookId=3550, bookName='Commodi explicabo ratione', bookLanguage='russian', bookDescription='Aut enim molestiae adipisci ipsam neque. Nihil velit error maiores qui eveniet tempora eum. Velit rerum repudiandae ut. Laboriosam corrupti qui repellat voluptatem expedita magnam earum.', additional=Additional{pageCount=10, size=Size{height=27, width=10, length=1}}, publicationYear=2008}, Book{bookId=3576, bookName='Dicta quisquam quia est', bookLanguage='farsi', bookDescription='Doloremque sit animi id adipisci porro aspernatur. Facere aut perspiciatis. Ipsam facilis vel excepturi et error earum quae.', additional=Additional{pageCount=47, size=Size{height=27, width=18, length=4}}, publicationYear=1987}, Book{bookId=3710, bookName='Est aut est voluptatem', bookLanguage='urdu', bookDescription='Qui qui itaque animi eos facere. Est asperiores qui laboriosam qui quidem atque ut. Molestiae nemo dignissimos animi quis tenetur ut porro. Veritatis odit occaecati recusandae ea ut. Voluptas voluptas eos animi.', additional=Additional{pageCount=231, size=Size{height=9, width=7, length=1}}, publicationYear=2018}, Book{bookId=3711, bookName='Accusamus veritatis sed velit', bookLanguage='french', bookDescription='Quibusdam dolorum et inventore hic et. Dolores quis asperiores rerum sit voluptate sunt. Ut soluta qui. Architecto quia minus itaque qui. Quidem quo totam similique debitis vitae et.', additional=Additional{pageCount=293, size=Size{height=27, width=27, length=4}}, publicationYear=1994}, Book{bookId=3733, bookName='Voluptatibus at consequatur', bookLanguage='polish', bookDescription='Animi et qui doloremque voluptas. Et saepe ut aut animi. Doloremque harum tempore magni.', additional=Additional{pageCount=956, size=Size{height=6, width=33, length=2}}, publicationYear=2010}, Book{bookId=3796, bookName='Inventore officia saepe vel', bookLanguage='spanish', bookDescription='Aperiam ad et. Velit et ratione reiciendis nam. Officiis consequatur sed.', additional=Additional{pageCount=927, size=Size{height=24, width=22, length=4}}, publicationYear=1998}, Book{bookId=3804, bookName='At amet adipisci aliquid', bookLanguage='portuguese', bookDescription='Voluptate est rerum nulla praesentium sit maxime nesciunt. Quia asperiores et et et. Non voluptas aut praesentium fugiat ipsa. Omnis sit reprehenderit ipsam non.', additional=Additional{pageCount=709, size=Size{height=33, width=27, length=1}}, publicationYear=1999}, Book{bookId=3851, bookName='Nam non aspernatur', bookLanguage='arabic', bookDescription='Quae vel quis et tempore quasi et quia. Fugiat odit enim soluta est odit. Numquam consequatur minima in. Enim consectetur veritatis qui fuga vero facilis commodi. Et exercitationem aut rerum fuga qui laboriosam praesentium.', additional=Additional{pageCount=234, size=Size{height=21, width=8, length=1}}, publicationYear=2013}, Book{bookId=3868, bookName='Rem repudiandae vero dolores', bookLanguage='spanish', bookDescription='Voluptates esse accusantium autem voluptatem. Labore ullam quis et quos cumque. Sed nam autem explicabo quo ab iusto occaecati. Sed quia ipsum est illo eos repudiandae voluptates. Unde nemo enim tempore praesentium et ut a.', additional=Additional{pageCount=949, size=Size{height=18, width=22, length=5}}, publicationYear=2004}, Book{bookId=3918, bookName='Quas aliquam asperiores', bookLanguage='english', bookDescription='Qui nulla accusamus quo. Nam voluptatem rerum temporibus. Assumenda iusto sint voluptatibus sit aliquid aspernatur. Inventore rerum atque. Praesentium sit animi eos eaque sit ipsum voluptas.', additional=Additional{pageCount=102, size=Size{height=23, width=6, length=3}}, publicationYear=1986}, Book{bookId=3944, bookName='Debitis suscipit nesciunt et', bookLanguage='croatian', bookDescription='Illo nesciunt consequatur distinctio. Esse omnis vel ut enim. Est veritatis aut libero. Vel rerum placeat aperiam voluptatem. Eum odit nihil saepe ipsum ut.', additional=Additional{pageCount=108, size=Size{height=26, width=6, length=2}}, publicationYear=2010}, Book{bookId=4088, bookName='Fuga occaecati voluptatibus', bookLanguage='ukrainian', bookDescription='Enim dolorem autem harum non eum neque ut. Natus aut animi commodi. Cupiditate quo ipsam est.', additional=Additional{pageCount=728, size=Size{height=30, width=12, length=1}}, publicationYear=1992}, Book{bookId=4094, bookName='BookName4094', bookLanguage='Ukrainian', bookDescription='goodDescription', additional=Additional{pageCount=756, size=Size{height=10, width=20, length=30}}, publicationYear=2001}, Book{bookId=4193, bookName='Facilis et et', bookLanguage='portuguese', bookDescription='Aliquid consequatur inventore et. Neque vel atque veniam nemo maxime. Sunt quis id quia.', additional=Additional{pageCount=684, size=Size{height=21, width=14, length=2}}, publicationYear=2006}, Book{bookId=4198, bookName='Aperiam ut rerum', bookLanguage='urdu', bookDescription='Eum quasi nihil. Id inventore sit. Dolores possimus commodi aut facere provident. Adipisci consequatur dolor quas.', additional=Additional{pageCount=547, size=Size{height=6, width=28, length=2}}, publicationYear=2006}, Book{bookId=4372, bookName='BookName4372', bookLanguage='Ukrainian', bookDescription='goodDescription', additional=Additional{pageCount=756, size=Size{height=10, width=20, length=30}}, publicationYear=2001}, Book{bookId=4405, bookName='Facilis molestiae aut quaerat', bookLanguage='farsi', bookDescription='Quidem illum facilis quo. Architecto odit voluptas doloribus quo nulla nihil. Blanditiis mollitia reiciendis vel sit non. Nobis et unde quo beatae quod. Vero possimus ad quas pariatur quam sit necessitatibus.', additional=Additional{pageCount=900, size=Size{height=32, width=6, length=2}}, publicationYear=1984}, Book{bookId=4473, bookName='Et eum sint', bookLanguage='russian', bookDescription='Ut eius ut non. Nihil eum omnis quia perferendis voluptates. Eum et velit odio deserunt omnis.', additional=Additional{pageCount=780, size=Size{height=22, width=9, length=2}}, publicationYear=1987}, Book{bookId=4474, bookName='BookName4474', bookLanguage='Ukrainian', bookDescription='goodDescription', additional=Additional{pageCount=756, size=Size{height=10, width=20, length=30}}, publicationYear=2001}, Book{bookId=4482, bookName='Qui facere quis beatae', bookLanguage='armenian', bookDescription='Rerum pariatur non. Autem culpa animi. Similique ex tenetur et ea est. Quas consequatur praesentium facere temporibus dolorum enim.', additional=Additional{pageCount=743, size=Size{height=29, width=33, length=1}}, publicationYear=1992}, Book{bookId=4486, bookName='Sed nobis sunt dolores', bookLanguage='urdu', bookDescription='Asperiores pariatur rerum autem odit. Est eum ipsam vero dolore et laborum assumenda. Sit consequatur laudantium exercitationem corporis quibusdam saepe doloremque. Quaerat aut non ipsum modi nam consequatur recusandae.', additional=Additional{pageCount=204, size=Size{height=20, width=27, length=4}}, publicationYear=1974}, Book{bookId=4498, bookName='Nobis molestias consequuntur inventore', bookLanguage='croatian', bookDescription='Quo aspernatur voluptas vero. Fugiat eveniet aliquam sunt ea repellat. Maiores dolor architecto facilis cumque vero et corrupti. Ut non deleniti est est. Non et dolorum quaerat.', additional=Additional{pageCount=388, size=Size{height=29, width=16, length=3}}, publicationYear=1972}, Book{bookId=4505, bookName='Ut sed dicta non', bookLanguage='farsi', bookDescription='Magnam et quis suscipit qui. Suscipit dolores et quo ut. Velit rerum aliquid aperiam suscipit eaque eius. Id expedita est assumenda possimus.', additional=Additional{pageCount=612, size=Size{height=23, width=15, length=3}}, publicationYear=1986}, Book{bookId=4518, bookName='Ullam quis assumenda', bookLanguage='croatian', bookDescription='Earum delectus exercitationem labore necessitatibus at dolorem. Nulla porro ipsa impedit. Voluptate eos eligendi nobis repellat corporis.', additional=Additional{pageCount=59, size=Size{height=34, width=15, length=4}}, publicationYear=2002}, Book{bookId=4558, bookName='Dolores ut asperiores', bookLanguage='russian', bookDescription='Et rerum exercitationem est. Aliquam non praesentium quibusdam qui qui consequatur. Eum dolorem neque labore laboriosam.', additional=Additional{pageCount=555, size=Size{height=31, width=21, length=4}}, publicationYear=1977}, Book{bookId=4596, bookName='BookName4596', bookLanguage='Ukrainian', bookDescription='goodDescription', additional=Additional{pageCount=756, size=Size{height=10, width=20, length=30}}, publicationYear=2001}, Book{bookId=4621, bookName='Quos velit omnis', bookLanguage='portuguese', bookDescription='Voluptatem optio dolor. Earum recusandae voluptatibus esse voluptate sit ullam et. Voluptas ipsam voluptatem molestias quis eum voluptate.', additional=Additional{pageCount=815, size=Size{height=29, width=28, length=4}}, publicationYear=1990}, Book{bookId=4733, bookName='Veritatis voluptas sint', bookLanguage='croatian', bookDescription='Laudantium suscipit placeat tenetur odio. Modi doloremque in accusantium iure. Architecto consequatur aut dolore saepe laudantium deserunt mollitia. Aut quisquam eos neque commodi voluptatem sunt.', additional=Additional{pageCount=349, size=Size{height=25, width=13, length=1}}, publicationYear=1970}, Book{bookId=4858, bookName='Enim possimus necessitatibus', bookLanguage='urdu', bookDescription='Natus rerum quis vel ut nesciunt. Sit ratione non nostrum. Porro praesentium enim voluptatem est qui eligendi. Minima perferendis ipsa aut adipisci. Reprehenderit molestiae autem repudiandae fugiat consequatur maxime qui.', additional=Additional{pageCount=568, size=Size{height=14, width=29, length=3}}, publicationYear=2015}, Book{bookId=4930, bookName='BookName4930', bookLanguage='Ukrainian', bookDescription='goodDescription', additional=Additional{pageCount=756, size=Size{height=10, width=20, length=30}}, publicationYear=2001}, Book{bookId=4961, bookName='Deleniti atque temporibus', bookLanguage='spanish', bookDescription='Magni autem debitis voluptatem quaerat dolorem adipisci. Dicta aliquam atque fugit officia alias blanditiis vero. Omnis illum soluta quisquam ut. Qui rerum nemo ipsum est asperiores illo earum. Inventore quo id officiis sint aut odio totam.', additional=Additional{pageCount=618, size=Size{height=18, width=12, length=4}}, publicationYear=2015}, Book{bookId=5079, bookName='Blanditiis fuga quaerat', bookLanguage='armenian', bookDescription='Est quis nemo fuga alias. Officia ab maxime animi placeat voluptas laborum porro. Qui odio voluptas voluptatem. Excepturi ea iste assumenda occaecati. Et aut reiciendis soluta sed est expedita maxime.', additional=Additional{pageCount=336, size=Size{height=16, width=20, length=1}}, publicationYear=2008}, Book{bookId=5215, bookName='Perspiciatis laborum eum adipisci', bookLanguage='croatian', bookDescription='Similique quaerat dicta quas asperiores molestiae voluptatem laboriosam. Laboriosam tempore illo. Placeat distinctio quia beatae ad ad natus. Omnis dolores perspiciatis quas nesciunt necessitatibus blanditiis.', additional=Additional{pageCount=366, size=Size{height=8, width=34, length=4}}, publicationYear=1974}, Book{bookId=5252, bookName='Pariatur voluptatem sunt', bookLanguage='spanish', bookDescription='Totam ut consequatur molestias voluptas magni animi. Reiciendis laborum a ut architecto sunt. Qui et ducimus doloribus maiores et quibusdam. Nam quis provident. Doloribus et molestiae saepe porro sed.', additional=Additional{pageCount=585, size=Size{height=29, width=28, length=2}}, publicationYear=2014}, Book{bookId=5279, bookName='Odio itaque voluptatem', bookLanguage='french', bookDescription='Numquam quod et illum id. Nihil repellat tempore. Soluta optio debitis asperiores rerum cupiditate repudiandae aut. Laborum sit voluptatem. Amet debitis similique rerum omnis expedita.', additional=Additional{pageCount=856, size=Size{height=33, width=23, length=4}}, publicationYear=1988}, Book{bookId=5348, bookName='Quis quasi est nisi', bookLanguage='ukrainian', bookDescription='Ullam sint nihil labore molestiae aut porro. Aut dolorem laborum. Quaerat delectus corporis quo facere non commodi. Est sequi voluptates voluptas maxime. Nam ut atque voluptatibus quidem quidem aut.', additional=Additional{pageCount=911, size=Size{height=10, width=28, length=4}}, publicationYear=2018}, Book{bookId=5371, bookName='BookName5371', bookLanguage='Ukrainian', bookDescription='goodDescription', additional=Additional{pageCount=756, size=Size{height=10, width=20, length=30}}, publicationYear=2001}, Book{bookId=5379, bookName='Ut maiores et', bookLanguage='ukrainian', bookDescription='Aperiam assumenda voluptatum nihil voluptatem. Et odio molestiae rerum eos. Aut sit esse voluptas sed.', additional=Additional{pageCount=899, size=Size{height=26, width=22, length=3}}, publicationYear=1970}, Book{bookId=5407, bookName='Cumque et enim error', bookLanguage='english', bookDescription='Illum dolor maxime. Nihil inventore aliquid. Voluptas vel sit eligendi ut commodi unde. Aut nemo autem nemo distinctio et.', additional=Additional{pageCount=533, size=Size{height=5, width=20, length=2}}, publicationYear=2010}, Book{bookId=5408, bookName='In dolorem rerum ducimus', bookLanguage='english', bookDescription='Aspernatur sed doloremque quis qui. Dolorum et accusamus magnam nobis sed. Odit accusamus dolorem ut aliquam. Impedit distinctio qui labore. Aspernatur quas ad.', additional=Additional{pageCount=80, size=Size{height=12, width=5, length=4}}, publicationYear=2012}, Book{bookId=5500, bookName='Est corrupti veniam', bookLanguage='spanish', bookDescription='Unde quia quis quam minus et repudiandae. Pariatur est voluptate consequatur omnis laboriosam eligendi est. Deleniti culpa nisi. Repellat ipsa dolor alias autem aut. Aspernatur voluptatum incidunt impedit excepturi.', additional=Additional{pageCount=648, size=Size{height=12, width=27, length=4}}, publicationYear=2012}, Book{bookId=5567, bookName='Sequi sed asperiores', bookLanguage='belorussian', bookDescription='Molestias quisquam animi rerum accusamus eum eos. Aperiam molestias cupiditate. Nam repellendus ea quia. Sequi magnam et reprehenderit aperiam exercitationem.', additional=Additional{pageCount=183, size=Size{height=21, width=20, length=1}}, publicationYear=1994}, Book{bookId=5598, bookName='Fugit quo quibusdam', bookLanguage='croatian', bookDescription='Est iure soluta est iure enim placeat. Quia quos sapiente voluptates optio aut. Voluptatum et ea molestiae. Id nobis enim quidem officiis.', additional=Additional{pageCount=796, size=Size{height=10, width=22, length=1}}, publicationYear=2006}, Book{bookId=5654, bookName='Distinctio praesentium magnam ipsum', bookLanguage='spanish', bookDescription='Dolores delectus voluptas saepe. Consectetur qui voluptatem dolor. Sit illo itaque optio ab ipsam voluptatum.', additional=Additional{pageCount=240, size=Size{height=30, width=34, length=4}}, publicationYear=2006}, Book{bookId=5685, bookName='Facilis est recusandae dolorem', bookLanguage='chinese', bookDescription='Deleniti excepturi totam sit. Vitae eos officiis. Maiores sequi qui et reiciendis expedita et. Ducimus eveniet quidem sed non. Laboriosam cupiditate ut eos ipsa.', additional=Additional{pageCount=805, size=Size{height=11, width=18, length=1}}, publicationYear=1979}, Book{bookId=5708, bookName='Voluptatem et omnis', bookLanguage='croatian', bookDescription='Animi ut debitis commodi minima. Praesentium et qui voluptatem nobis occaecati rerum. Sunt est ut porro quia non.', additional=Additional{pageCount=727, size=Size{height=15, width=10, length=2}}, publicationYear=2018}, Book{bookId=5825, bookName='Ducimus esse non officiis', bookLanguage='russian', bookDescription='Veritatis omnis omnis et sint. Aut asperiores cum similique suscipit asperiores eius. Dolor iure minus.', additional=Additional{pageCount=17, size=Size{height=9, width=25, length=5}}, publicationYear=2006}, Book{bookId=5848, bookName='Doloribus exercitationem impedit', bookLanguage='spanish', bookDescription='Ipsa nemo laborum delectus nesciunt necessitatibus. Doloribus deleniti atque et et voluptas officia dolores. Quaerat exercitationem et consectetur corrupti iusto. Et quaerat dignissimos amet saepe incidunt expedita. Vitae quo qui et impedit voluptas et.', additional=Additional{pageCount=449, size=Size{height=30, width=17, length=1}}, publicationYear=2016}, Book{bookId=5990, bookName='Ipsum id a', bookLanguage='russian', bookDescription='Quas dolores et. Dolore voluptas cupiditate. Error in nihil molestiae. Laboriosam exercitationem sunt vero.', additional=Additional{pageCount=87, size=Size{height=19, width=13, length=4}}, publicationYear=1999}, Book{bookId=6067, bookName='Aut sequi ut libero', bookLanguage='portuguese', bookDescription='Ut ratione iure corporis voluptatem. Qui qui neque ab non. Cum veritatis beatae dolore sapiente. Perferendis aut at soluta iste consequatur impedit aliquam.', additional=Additional{pageCount=835, size=Size{height=23, width=23, length=1}}, publicationYear=2017}, Book{bookId=6221, bookName='Dolor totam occaecati', bookLanguage='ukrainian', bookDescription='Deserunt soluta unde ad quia culpa velit sunt. Eos qui earum. Non repellat enim incidunt.', additional=Additional{pageCount=876, size=Size{height=6, width=22, length=2}}, publicationYear=1980}, Book{bookId=6236, bookName='Amet adipisci officiis assumenda', bookLanguage='ukrainian', bookDescription='Rem consequatur enim dignissimos. Nulla autem hic necessitatibus eligendi. In ut fugit. Qui iusto voluptas. Dignissimos dolorem autem vitae.', additional=Additional{pageCount=124, size=Size{height=14, width=31, length=4}}, publicationYear=2004}, Book{bookId=6294, bookName='Et et ea exercitationem', bookLanguage='german', bookDescription='Repellendus voluptatem nesciunt optio aut voluptatem quidem ipsum. Nihil dolor et. Maiores vero enim delectus dignissimos debitis nisi. Id quam vel quos quidem ipsum.', additional=Additional{pageCount=855, size=Size{height=27, width=8, length=2}}, publicationYear=2002}, Book{bookId=6310, bookName='Praesentium aspernatur mollitia', bookLanguage='french', bookDescription='Nesciunt doloribus non beatae qui officiis modi. Culpa velit perspiciatis explicabo in dolor. Iusto dolor reiciendis et cumque et. Est modi enim. Ut aut consequatur voluptatem excepturi.', additional=Additional{pageCount=448, size=Size{height=20, width=29, length=2}}, publicationYear=2016}, Book{bookId=6333, bookName='Illum impedit ratione quae', bookLanguage='chinese', bookDescription='Eum animi ex sapiente ut sed sit odio. Nihil cumque recusandae aliquam quae dolor. Dignissimos ullam natus et consequatur. Ducimus at hic esse qui qui eum. Sint ad id tempora consequatur fugiat.', additional=Additional{pageCount=759, size=Size{height=26, width=19, length=1}}, publicationYear=1990}, Book{bookId=6366, bookName='Magni nesciunt illum', bookLanguage='spanish', bookDescription='Sed quae sit nihil. Facere at voluptates itaque consectetur voluptas officia. Aperiam esse recusandae tempore dolorem repudiandae numquam. Perferendis vero quia ea corrupti sed iusto omnis. Aut vel est iste magnam quae qui.', additional=Additional{pageCount=412, size=Size{height=28, width=13, length=3}}, publicationYear=1970}, Book{bookId=6488, bookName='Ipsa officia at', bookLanguage='arabic', bookDescription='Quos culpa consequatur ut tempora voluptates dignissimos incidunt. Voluptas sequi similique enim velit consequuntur. Aut vitae qui est.', additional=Additional{pageCount=746, size=Size{height=8, width=25, length=1}}, publicationYear=1978}, Book{bookId=6536, bookName='Quisquam nihil velit', bookLanguage='belorussian', bookDescription='Natus esse sed tempore earum modi blanditiis dolor. In ex nulla quas doloremque illo fuga aliquam. Et consequatur architecto cum aut dolor. Alias architecto repudiandae saepe iure.', additional=Additional{pageCount=738, size=Size{height=33, width=13, length=3}}, publicationYear=1975}, Book{bookId=6569, bookName='Autem nihil modi', bookLanguage='arabic', bookDescription='Quod sunt nisi accusantium exercitationem dolor. Adipisci quis et sed exercitationem ea at. Dolore porro voluptas dolores dolores pariatur.', additional=Additional{pageCount=405, size=Size{height=8, width=27, length=5}}, publicationYear=2011}, Book{bookId=6579, bookName='Facere earum accusamus iure', bookLanguage='croatian', bookDescription='Laudantium est impedit debitis consequatur error dolore. Porro dicta illo sunt. Maxime officia distinctio quia nihil quidem sed sit. Nobis cupiditate nisi et repudiandae voluptas assumenda doloremque.', additional=Additional{pageCount=535, size=Size{height=30, width=6, length=3}}, publicationYear=2008}, Book{bookId=6600, bookName='Corrupti aut aut', bookLanguage='english', bookDescription='Architecto laboriosam sed quam. Rerum molestiae est iste maxime. Sunt fuga voluptates impedit totam.', additional=Additional{pageCount=86, size=Size{height=32, width=13, length=3}}, publicationYear=1986}, Book{bookId=6650, bookName='Reprehenderit voluptas accusantium est', bookLanguage='portuguese', bookDescription='Sint ut quisquam nisi. Omnis suscipit et. Veniam ut alias blanditiis voluptatum.', additional=Additional{pageCount=156, size=Size{height=16, width=11, length=2}}, publicationYear=1994}, Book{bookId=6820, bookName='Voluptates labore aut', bookLanguage='polish', bookDescription='Nemo facilis ut est aut error. Molestias delectus est. Cupiditate vel aut consequuntur esse amet. Et corporis aut repudiandae natus autem est delectus.', additional=Additional{pageCount=329, size=Size{height=27, width=5, length=4}}, publicationYear=1994}, Book{bookId=6933, bookName='Nemo vero iste', bookLanguage='polish', bookDescription='Nisi accusamus omnis aut impedit. Ut totam quis id qui sed iure atque. Ea labore et sit ipsam. Dolorem fuga magni dolorem iure.', additional=Additional{pageCount=930, size=Size{height=9, width=18, length=2}}, publicationYear=2000}, Book{bookId=6954, bookName='BookName6954', bookLanguage='Ukrainian', bookDescription='goodDescription', additional=Additional{pageCount=756, size=Size{height=10, width=20, length=30}}, publicationYear=2001}, Book{bookId=6967, bookName='Iusto et qui nulla', bookLanguage='chinese', bookDescription='Et consequatur ut ad voluptatem soluta reprehenderit temporibus. Magnam ea ut expedita necessitatibus sint delectus. Omnis quam sunt sunt et reprehenderit. Placeat nemo nobis sunt. Omnis vel vel qui recusandae in in.', additional=Additional{pageCount=231, size=Size{height=32, width=25, length=4}}, publicationYear=1977}, Book{bookId=7008, bookName='Eveniet et et facilis', bookLanguage='portuguese', bookDescription='Sint officiis eos sit aut aut delectus. Magni velit tempora est. Pariatur voluptatem velit et nam necessitatibus.', additional=Additional{pageCount=204, size=Size{height=26, width=30, length=4}}, publicationYear=2015}, Book{bookId=7067, bookName='In iste est', bookLanguage='arabic', bookDescription='Error quasi doloremque dolorum recusandae modi. Voluptatum numquam eligendi est voluptatibus aliquam. Porro id sint velit ut earum nostrum fuga. Suscipit cumque dolorum ad ex et ab. In quia ipsam accusantium eum quis autem blanditiis.', additional=Additional{pageCount=252, size=Size{height=18, width=23, length=4}}, publicationYear=2001}, Book{bookId=7072, bookName='Aliquam ullam iusto asperiores', bookLanguage='english', bookDescription='Neque deserunt consectetur. Repellat ullam nostrum aut ut dolor aut. Est est omnis quos nisi.', additional=Additional{pageCount=515, size=Size{height=27, width=23, length=2}}, publicationYear=1971}, Book{bookId=7121, bookName='Officiis ut ea', bookLanguage='german', bookDescription='Provident incidunt eos veritatis alias soluta similique veritatis. Non vel deleniti. Error odio autem in aut autem eius. Sint ipsum harum numquam laborum sit sed. Nam hic exercitationem quas earum itaque aspernatur in.', additional=Additional{pageCount=600, size=Size{height=10, width=16, length=2}}, publicationYear=1985}, Book{bookId=7171, bookName='Fugit saepe qui illum', bookLanguage='farsi', bookDescription='Quo qui occaecati soluta incidunt. Magnam quaerat doloremque dolorem et dignissimos nihil perferendis. Nihil libero saepe sint accusantium animi id voluptas. Qui rem deserunt voluptatem inventore perferendis qui illum.', additional=Additional{pageCount=175, size=Size{height=29, width=30, length=4}}, publicationYear=1998}, Book{bookId=7175, bookName='Ipsum corrupti sit', bookLanguage='arabic', bookDescription='Aliquam cumque qui. Repudiandae facilis voluptatum dignissimos ea quasi. Est id eum quibusdam.', additional=Additional{pageCount=353, size=Size{height=18, width=5, length=1}}, publicationYear=1993}, Book{bookId=7213, bookName='Eum porro libero molestias', bookLanguage='farsi', bookDescription='Animi delectus tempore. Impedit mollitia et aut rerum ducimus aliquam exercitationem. Et mollitia iste vel. Enim illo deleniti.', additional=Additional{pageCount=73, size=Size{height=15, width=11, length=3}}, publicationYear=1975}, Book{bookId=7252, bookName='Accusamus nemo optio', bookLanguage='urdu', bookDescription='Voluptatem quasi voluptas dolores eum perspiciatis. Officia explicabo quae ex quasi est. Sapiente suscipit sunt aut similique.', additional=Additional{pageCount=81, size=Size{height=29, width=20, length=1}}, publicationYear=1985}, Book{bookId=7290, bookName='Quia animi ipsa soluta', bookLanguage='russian', bookDescription='Est qui facere voluptatum. Suscipit laborum similique sapiente voluptas perferendis. Rerum a odit non. Nam est sunt rem quos animi voluptas quas.', additional=Additional{pageCount=876, size=Size{height=12, width=8, length=1}}, publicationYear=1987}, Book{bookId=7299, bookName='Rerum quas laboriosam error', bookLanguage='french', bookDescription='Ut placeat illo. Cupiditate veniam nemo et. Qui id quam odit.', additional=Additional{pageCount=788, size=Size{height=16, width=32, length=1}}, publicationYear=2017}, Book{bookId=7317, bookName='Repudiandae minus odit', bookLanguage='german', bookDescription='Praesentium aliquam rerum labore repellat quia quasi commodi. Consequatur in voluptatem et fugiat ad qui exercitationem. Dolore animi sed. Rerum dolorem magnam. Labore dolorem odit omnis architecto aperiam.', additional=Additional{pageCount=254, size=Size{height=14, width=30, length=4}}, publicationYear=2018}, Book{bookId=7388, bookName='Sit quia aliquam', bookLanguage='croatian', bookDescription='Nostrum minima et. Et eius ut quos. Expedita aliquid qui recusandae suscipit numquam. Voluptas sint vitae delectus et id quasi. Et dolor quod.', additional=Additional{pageCount=35, size=Size{height=13, width=29, length=1}}, publicationYear=2016}, Book{bookId=7391, bookName='BookName7391', bookLanguage='Ukrainian', bookDescription='goodDescription', additional=Additional{pageCount=756, size=Size{height=10, width=20, length=30}}, publicationYear=2001}, Book{bookId=7427, bookName='Architecto modi quae', bookLanguage='spanish', bookDescription='Sunt deserunt sint sed consequatur facilis et molestiae. Laborum qui id aut quia dolorem. Dolore eum occaecati odio et hic ut. Pariatur maiores aspernatur rerum. Magni repellat ratione sunt assumenda eum doloribus.', additional=Additional{pageCount=649, size=Size{height=25, width=20, length=3}}, publicationYear=1971}, Book{bookId=7446, bookName='Et dolores praesentium', bookLanguage='belorussian', bookDescription='Repellendus officiis porro rerum voluptates quaerat voluptatem aut. Dolores quis dolorem dolores reiciendis ipsum. Deleniti suscipit tenetur nemo est quasi sunt accusamus. Voluptate voluptatum doloremque optio voluptatibus deleniti.', additional=Additional{pageCount=398, size=Size{height=11, width=31, length=3}}, publicationYear=2015}, Book{bookId=7455, bookName='Quo quia cumque quisquam', bookLanguage='german', bookDescription='Eligendi porro accusantium est dolorum consequatur tempore perferendis. Qui qui qui. Est in inventore totam. Debitis sequi non et veniam labore nisi nobis. Quia non nisi est culpa et et placeat.', additional=Additional{pageCount=301, size=Size{height=29, width=20, length=2}}, publicationYear=1989}, Book{bookId=7464, bookName='Quod rerum maxime accusantium', bookLanguage='ukrainian', bookDescription='Recusandae suscipit quasi aut eveniet. Totam aperiam officia placeat nobis occaecati libero. Quibusdam itaque dignissimos iure. Et consequatur odit ut deserunt.', additional=Additional{pageCount=877, size=Size{height=22, width=6, length=1}}, publicationYear=1988}, Book{bookId=7503, bookName='Et provident quis voluptas', bookLanguage='farsi', bookDescription='Officiis provident sint modi qui et. Facilis occaecati voluptas dignissimos et molestiae recusandae. Quas quibusdam modi ad molestiae.', additional=Additional{pageCount=220, size=Size{height=6, width=30, length=4}}, publicationYear=1980}, Book{bookId=7511, bookName='BookName7511', bookLanguage='Ukrainian', bookDescription='goodDescription', additional=Additional{pageCount=756, size=Size{height=10, width=20, length=30}}, publicationYear=2001}, Book{bookId=7571, bookName='BookName7571', bookLanguage='Ukrainian', bookDescription='goodDescription', additional=Additional{pageCount=756, size=Size{height=10, width=20, length=30}}, publicationYear=2001}, Book{bookId=7581, bookName='Modi sequi consequuntur', bookLanguage='russian', bookDescription='Et quo voluptatem soluta et. Consequuntur dicta molestias maiores libero quae quis ut. Et voluptatem totam laborum. Ea numquam culpa officiis.', additional=Additional{pageCount=852, size=Size{height=16, width=25, length=4}}, publicationYear=1970}, Book{bookId=7622, bookName='Aliquam unde perferendis dolore', bookLanguage='portuguese', bookDescription='Saepe exercitationem autem et aut. Reprehenderit ut fugit reiciendis dignissimos accusamus beatae rerum. Aut ad voluptas in.', additional=Additional{pageCount=783, size=Size{height=9, width=31, length=3}}, publicationYear=1971}, Book{bookId=7656, bookName='Accusamus aliquid qui neque', bookLanguage='chinese', bookDescription='Autem non doloribus necessitatibus. Minima eveniet quia et veniam. Architecto eius et laudantium praesentium.', additional=Additional{pageCount=754, size=Size{height=5, width=33, length=4}}, publicationYear=1994}, Book{bookId=7684, bookName='BookName7684', bookLanguage='Ukrainian', bookDescription='goodDescription', additional=Additional{pageCount=756, size=Size{height=10, width=20, length=30}}, publicationYear=2001}, Book{bookId=7790, bookName='Quidem molestiae harum', bookLanguage='chinese', bookDescription='Fugiat eligendi corporis id. Libero magni corrupti alias non rem. Autem reprehenderit ut ut aliquid velit. Voluptatem tempore in repellendus repellendus nobis quos voluptatem. Cum voluptate accusamus aspernatur itaque saepe aut qui.', additional=Additional{pageCount=962, size=Size{height=30, width=16, length=3}}, publicationYear=2011}, Book{bookId=7805, bookName='Asperiores corporis nemo praesentium', bookLanguage='russian', bookDescription='Iusto quia id reiciendis et. Nulla maxime illo quidem ex dolorem blanditiis. Quisquam laudantium est sequi aliquid reiciendis nisi et. Consequatur eligendi non itaque delectus voluptatem et.', additional=Additional{pageCount=368, size=Size{height=14, width=33, length=2}}, publicationYear=1980}, Book{bookId=7840, bookName='Quia maiores at', bookLanguage='german', bookDescription='Quis eos numquam et dolores. Id quo modi non sed. Dolores iure et illo voluptatem quam. Quaerat quia qui quia expedita esse. Cum nihil aliquid provident non laudantium corporis.', additional=Additional{pageCount=214, size=Size{height=29, width=27, length=4}}, publicationYear=1971}, Book{bookId=7849, bookName='Illum itaque officiis sed', bookLanguage='ukrainian', bookDescription='Soluta rerum et non quisquam quasi iure. Itaque et et eos recusandae beatae. Velit sed excepturi. Temporibus nisi quidem.', additional=Additional{pageCount=624, size=Size{height=23, width=8, length=4}}, publicationYear=2009}, Book{bookId=7863, bookName='Sunt possimus alias sed', bookLanguage='spanish', bookDescription='Fugit cumque beatae error. Et qui exercitationem in error id enim voluptate. Illum sed ea laboriosam atque placeat aut autem.', additional=Additional{pageCount=500, size=Size{height=31, width=32, length=2}}, publicationYear=1976}, Book{bookId=7894, bookName='Occaecati quis placeat ratione', bookLanguage='farsi', bookDescription='Modi labore placeat dolor est neque quo. Voluptatem non consequatur dignissimos dolores consequuntur accusamus esse. Qui ipsum est voluptas quia recusandae beatae.', additional=Additional{pageCount=165, size=Size{height=26, width=6, length=1}}, publicationYear=2012}, Book{bookId=7919, bookName='Quo quia ea expedita', bookLanguage='urdu', bookDescription='Occaecati excepturi et pariatur in. Expedita vel et maxime sed ab nesciunt necessitatibus. Sequi blanditiis in consequatur quis sunt aut magni.', additional=Additional{pageCount=793, size=Size{height=13, width=13, length=2}}, publicationYear=1994}, Book{bookId=7942, bookName='BookName7942', bookLanguage='Ukrainian', bookDescription='goodDescription', additional=Additional{pageCount=756, size=Size{height=10, width=20, length=30}}, publicationYear=2001}, Book{bookId=7993, bookName='Libero pariatur ullam', bookLanguage='croatian', bookDescription='Est deserunt necessitatibus ullam dolore in eum est. Impedit rem quia error asperiores. Sint est eum nihil. Voluptas sit ut accusantium quia voluptatem repudiandae. Veniam possimus sed animi fugit consequatur quas.', additional=Additional{pageCount=705, size=Size{height=25, width=5, length=4}}, publicationYear=1986}, Book{bookId=7999, bookName='Cupiditate totam qui', bookLanguage='spanish', bookDescription='Ea laudantium at possimus molestiae velit voluptate necessitatibus. Eaque nam ullam earum. Commodi molestiae sunt ducimus. Perferendis consequatur optio voluptas.', additional=Additional{pageCount=917, size=Size{height=29, width=6, length=3}}, publicationYear=2000}, Book{bookId=8001, bookName='Et nisi id', bookLanguage='chinese', bookDescription='Officiis est repellat aspernatur facere. Perferendis voluptatem dolore totam dicta. Quia impedit amet enim deleniti doloremque autem.', additional=Additional{pageCount=439, size=Size{height=19, width=24, length=4}}, publicationYear=1980}, Book{bookId=8195, bookName='Est est officiis', bookLanguage='farsi', bookDescription='Quis unde et at. Possimus sit blanditiis. Sunt commodi laudantium ratione eum vero labore repellat. Optio magni et.', additional=Additional{pageCount=885, size=Size{height=11, width=27, length=3}}, publicationYear=2000}, Book{bookId=8224, bookName='Omnis perferendis distinctio', bookLanguage='german', bookDescription='Iure rerum quasi. Corporis aut ipsum minima est est quibusdam voluptatem. Enim totam natus voluptas.', additional=Additional{pageCount=907, size=Size{height=31, width=10, length=4}}, publicationYear=1985}, Book{bookId=8244, bookName='Ipsum vitae dolores', bookLanguage='farsi', bookDescription='Ullam aut nemo neque. Modi quia ab sapiente aut error. Aliquid quae qui quia voluptas adipisci id vitae. Veritatis ut quae cumque sed.', additional=Additional{pageCount=942, size=Size{height=15, width=31, length=4}}, publicationYear=1983}, Book{bookId=8253, bookName='Maiores repudiandae velit', bookLanguage='armenian', bookDescription='Eos harum perspiciatis sequi qui. Et voluptates vero aut vel maiores qui eos. Iusto maiores rerum est esse cumque harum dolorum. Ut nulla tenetur distinctio sed dolores quia. In rem est ut.', additional=Additional{pageCount=499, size=Size{height=28, width=27, length=1}}, publicationYear=2003}, Book{bookId=8276, bookName='Omnis labore veritatis', bookLanguage='portuguese', bookDescription='Optio neque saepe aut laboriosam voluptas iusto excepturi. Non est quia iste. Sapiente libero omnis eum veniam mollitia ut qui.', additional=Additional{pageCount=946, size=Size{height=23, width=16, length=2}}, publicationYear=1989}, Book{bookId=8341, bookName='Ut aspernatur ducimus consectetur', bookLanguage='german', bookDescription='Totam rerum ut quia aut voluptas inventore autem. Facilis inventore quo. Id fuga vel ullam id accusamus enim. Consectetur dolorem quam blanditiis corporis quidem debitis cum.', additional=Additional{pageCount=579, size=Size{height=6, width=15, length=2}}, publicationYear=1997}, Book{bookId=8437, bookName='Labore quidem consequatur tenetur', bookLanguage='chinese', bookDescription='Est voluptate praesentium. Eos recusandae et repellendus. Et ad possimus natus totam maiores ab et. Explicabo enim omnis ut optio quasi. Eum ut minima.', additional=Additional{pageCount=635, size=Size{height=22, width=11, length=4}}, publicationYear=2004}, Book{bookId=8467, bookName='Ipsa ipsa nostrum', bookLanguage='french', bookDescription='Accusamus architecto nisi. Dolorum nihil perferendis in tenetur est esse fugit. Accusantium deleniti quos.', additional=Additional{pageCount=678, size=Size{height=5, width=24, length=3}}, publicationYear=1984}, Book{bookId=8472, bookName='Ad architecto est', bookLanguage='arabic', bookDescription='Deserunt ratione iure iusto. Corrupti dicta consequatur sed nobis error qui facere. Laborum sint omnis dolor et dolor. Aliquid eum maxime eveniet id distinctio.', additional=Additional{pageCount=913, size=Size{height=11, width=19, length=4}}, publicationYear=2006}, Book{bookId=8592, bookName='Excepturi commodi nihil', bookLanguage='french', bookDescription='Minus in voluptates consectetur qui alias excepturi officia. Non non sunt aut. Molestiae amet repellat porro asperiores. Nemo ipsum aut quis velit molestiae ea nam.', additional=Additional{pageCount=836, size=Size{height=7, width=25, length=2}}, publicationYear=2015}, Book{bookId=8600, bookName='Nihil est dolor dolor', bookLanguage='chinese', bookDescription='Voluptatem tenetur tempore perferendis. Asperiores voluptatem doloremque consequatur libero voluptas voluptates fuga. Officia neque illo soluta commodi suscipit iure ipsum.', additional=Additional{pageCount=944, size=Size{height=27, width=13, length=3}}, publicationYear=2007}, Book{bookId=8618, bookName='Pariatur unde sit perferendis', bookLanguage='ukrainian', bookDescription='Non aliquam eos rerum ullam reprehenderit. Autem est minus libero eveniet aut. Veritatis cum quis. Est ipsa velit qui necessitatibus aliquid et.', additional=Additional{pageCount=486, size=Size{height=19, width=19, length=1}}, publicationYear=1976}, Book{bookId=8700, bookName='Iusto adipisci dolorem', bookLanguage='armenian', bookDescription='Blanditiis voluptatum aut quas commodi hic. Ut dignissimos adipisci sed magnam explicabo occaecati tenetur. Enim iusto debitis aspernatur repellat id numquam. Quo inventore nulla quis. Dignissimos tempore quis voluptatem vel blanditiis maiores aliquid.', additional=Additional{pageCount=158, size=Size{height=12, width=19, length=2}}, publicationYear=1994}, Book{bookId=8718, bookName='Sed non error voluptatem', bookLanguage='english', bookDescription='Vel asperiores earum nesciunt est dolores blanditiis. Soluta quia necessitatibus tempora. Eos nisi perspiciatis aut laudantium natus. Sunt ut aspernatur error quidem. Esse veniam veniam voluptatem.', additional=Additional{pageCount=525, size=Size{height=26, width=33, length=3}}, publicationYear=2011}, Book{bookId=8831, bookName='Velit error voluptatem maiores', bookLanguage='arabic', bookDescription='Repudiandae quam recusandae quaerat repellat distinctio. Numquam qui vel esse omnis repellat similique. Sit soluta architecto nulla enim non velit velit. Tenetur repellat a excepturi aut id.', additional=Additional{pageCount=82, size=Size{height=6, width=30, length=4}}, publicationYear=2002}, Book{bookId=8833, bookName='Dicta veritatis vel quas', bookLanguage='polish', bookDescription='Quas dolores provident ut officia et. Consequatur iure aut. Nihil sed nam at. Eum sunt autem. Dolores ab necessitatibus id earum.', additional=Additional{pageCount=859, size=Size{height=30, width=25, length=2}}, publicationYear=2014}, Book{bookId=8844, bookName='Voluptas possimus quae reiciendis', bookLanguage='arabic', bookDescription='Est neque eos. Consectetur doloribus cumque laboriosam aut et in aut. Dolor placeat distinctio magnam alias aut aut.', additional=Additional{pageCount=461, size=Size{height=15, width=25, length=2}}, publicationYear=2006}, Book{bookId=8995, bookName='Ut praesentium natus accusamus', bookLanguage='belorussian', bookDescription='Ut ea magni aliquid consequatur perferendis labore voluptates. Laboriosam fuga eius. Sed nihil occaecati autem delectus suscipit et et. Qui non ullam dolorem.', additional=Additional{pageCount=970, size=Size{height=33, width=29, length=3}}, publicationYear=1982}, Book{bookId=9031, bookName='Maiores harum debitis optio', bookLanguage='croatian', bookDescription='Error voluptatem explicabo ea. Fugiat eum sed. Molestiae autem officiis laborum. Atque est libero quia enim necessitatibus nihil.', additional=Additional{pageCount=270, size=Size{height=24, width=18, length=2}}, publicationYear=1991}, Book{bookId=9057, bookName='Aut aut quae', bookLanguage='spanish', bookDescription='Asperiores dolor et voluptas occaecati reprehenderit velit blanditiis. Laudantium atque cumque eum necessitatibus. Non aliquam nulla omnis. Nisi cupiditate et.', additional=Additional{pageCount=257, size=Size{height=19, width=11, length=3}}, publicationYear=1994}, Book{bookId=9100, bookName='Dignissimos autem exercitationem voluptas', bookLanguage='english', bookDescription='Minima optio culpa quam rerum eos atque. Rerum error debitis nihil eveniet perferendis nostrum. Fuga perspiciatis est et aut alias.', additional=Additional{pageCount=724, size=Size{height=33, width=24, length=3}}, publicationYear=2016}, Book{bookId=9153, bookName='Illo odit iure', bookLanguage='german', bookDescription='Aut eos esse aut est iste quidem. Adipisci vel asperiores saepe et veniam quia. A est culpa alias ut id sint odio.', additional=Additional{pageCount=424, size=Size{height=23, width=6, length=3}}, publicationYear=1993}, Book{bookId=9189, bookName='Magni odit non', bookLanguage='chinese', bookDescription='Voluptas sapiente tenetur assumenda repellendus enim voluptas incidunt. Quisquam illum aut eius et autem molestias aspernatur. Labore impedit sint.', additional=Additional{pageCount=376, size=Size{height=16, width=17, length=4}}, publicationYear=2009}, Book{bookId=9202, bookName='Eaque id culpa deleniti', bookLanguage='belorussian', bookDescription='Odio impedit voluptatem iusto suscipit voluptatibus omnis. Reiciendis dolorem sit. Esse distinctio eveniet quis voluptates. Tenetur consequatur molestiae officiis iste saepe ut tempora. Nulla error temporibus deleniti ullam.', additional=Additional{pageCount=41, size=Size{height=6, width=24, length=1}}, publicationYear=1992}, Book{bookId=9264, bookName='Quisquam dicta laudantium perferendis', bookLanguage='polish', bookDescription='Aut aperiam ea. Autem non sint nobis nihil vel. Qui quasi sequi ut aliquid non. Et quis alias provident voluptate velit optio.', additional=Additional{pageCount=981, size=Size{height=22, width=5, length=3}}, publicationYear=1990}, Book{bookId=9274, bookName='Iusto voluptatibus eligendi nesciunt', bookLanguage='english', bookDescription='Qui et quidem omnis nulla. Assumenda doloribus non omnis vel est quia iusto. Quas et et earum mollitia.', additional=Additional{pageCount=47, size=Size{height=31, width=28, length=3}}, publicationYear=2002}, Book{bookId=9359, bookName='Nihil unde unde', bookLanguage='chinese', bookDescription='Voluptate eos sit. Delectus temporibus consectetur ut ea. Distinctio laborum necessitatibus natus tempore eum quam. Veniam ex soluta consectetur.', additional=Additional{pageCount=407, size=Size{height=28, width=9, length=2}}, publicationYear=1970}, Book{bookId=9365, bookName='Delectus consequatur necessitatibus nemo', bookLanguage='belorussian', bookDescription='Dolore consequatur adipisci consequatur ab est magni possimus. Molestiae quas accusantium optio. Quisquam minima accusantium voluptatibus et voluptatum magnam. Illum id consequatur vero laboriosam voluptatem occaecati. Excepturi corporis libero.', additional=Additional{pageCount=282, size=Size{height=31, width=5, length=3}}, publicationYear=1977}, Book{bookId=9379, bookName='Culpa dolorem illum', bookLanguage='french', bookDescription='Explicabo consequatur et sit. Velit minima id reiciendis. Magni sit doloribus optio tenetur. Incidunt aut soluta maxime sit est sint. Et eum in.', additional=Additional{pageCount=927, size=Size{height=20, width=29, length=3}}, publicationYear=1996}, Book{bookId=9431, bookName='Maiores consequatur magnam', bookLanguage='portuguese', bookDescription='Est vel velit saepe animi. Aspernatur aliquam modi est vel. Nisi quos quo qui repellendus atque.', additional=Additional{pageCount=829, size=Size{height=27, width=22, length=2}}, publicationYear=2003}, Book{bookId=9530, bookName='Nobis dolores explicabo molestias', bookLanguage='chinese', bookDescription='Tenetur eos eos. Ullam voluptate omnis ea. Odio rerum voluptatum esse minus sint ducimus. Sit debitis sit veniam placeat voluptas. Et delectus ut.', additional=Additional{pageCount=561, size=Size{height=6, width=21, length=3}}, publicationYear=2006}, Book{bookId=9550, bookName='Error aut itaque', bookLanguage='ukrainian', bookDescription='Illo perspiciatis ipsum quaerat eos est ut. Eius labore aperiam incidunt eos. Nam veniam sed ut qui possimus et.', additional=Additional{pageCount=344, size=Size{height=33, width=34, length=4}}, publicationYear=2009}, Book{bookId=9551, bookName='Ut dolorem consectetur', bookLanguage='armenian', bookDescription='Id voluptate rerum eius ipsam ab fuga quasi. Et cupiditate eum sapiente nesciunt consequatur. Ea quidem dolorem mollitia. Sunt animi odio libero animi.', additional=Additional{pageCount=431, size=Size{height=31, width=32, length=3}}, publicationYear=1988}, Book{bookId=9686, bookName='Vitae sunt placeat rerum', bookLanguage='belorussian', bookDescription='Doloribus dolor assumenda corporis enim deleniti soluta. Ut et aut aliquid. Nulla nihil voluptate perspiciatis. Voluptatem velit ipsa repellendus id natus.', additional=Additional{pageCount=165, size=Size{height=15, width=23, length=3}}, publicationYear=2001}, Book{bookId=9690, bookName='Eum fugit aliquid', bookLanguage='german', bookDescription='Non et a. Consequatur provident corporis harum sunt. Harum error doloremque.', additional=Additional{pageCount=858, size=Size{height=32, width=19, length=4}}, publicationYear=1976}, Book{bookId=9885, bookName='Voluptate totam quia', bookLanguage='chinese', bookDescription='Repudiandae culpa ducimus sint officia. Eaque cumque ad rerum ex. Officia quae et neque ex sapiente.', additional=Additional{pageCount=507, size=Size{height=20, width=21, length=3}}, publicationYear=2005}, Book{bookId=10623, bookName='BookName10623', bookLanguage='Ukrainian', bookDescription='goodDescription', additional=Additional{pageCount=756, size=Size{height=10, width=20, length=30}}, publicationYear=2001}, Book{bookId=11023, bookName='BookName11023', bookLanguage='Ukrainian', bookDescription='goodDescription', additional=Additional{pageCount=756, size=Size{height=10, width=20, length=30}}, publicationYear=2001}, Book{bookId=11111, bookName='BookName11111', bookLanguage='Ukrainian', bookDescription='badDescription', additional=Additional{pageCount=756, size=Size{height=10, width=20, length=30}}, publicationYear=2001}, Book{bookId=11489, bookName='BookName11489', bookLanguage='Ukrainian', bookDescription='goodDescription', additional=Additional{pageCount=756, size=Size{height=10, width=20, length=30}}, publicationYear=2001}, Book{bookId=11572, bookName='BookName11572', bookLanguage='Ukrainian', bookDescription='goodDescription', additional=Additional{pageCount=756, size=Size{height=10, width=20, length=30}}, publicationYear=2001}, Book{bookId=11733, bookName='BookName11733', bookLanguage='Ukrainian', bookDescription='goodDescription', additional=Additional{pageCount=756, size=Size{height=10, width=20, length=30}}, publicationYear=2001}, Book{bookId=12463, bookName='BookName12463', bookLanguage='Ukrainian', bookDescription='goodDescription', additional=Additional{pageCount=756, size=Size{height=10, width=20, length=30}}, publicationYear=2001}, Book{bookId=12508, bookName='BookName12508', bookLanguage='Ukrainian', bookDescription='goodDescription', additional=Additional{pageCount=756, size=Size{height=10, width=20, length=30}}, publicationYear=2001}, Book{bookId=12611, bookName='BookName12611', bookLanguage='Ukrainian', bookDescription='goodDescription', additional=Additional{pageCount=756, size=Size{height=10, width=20, length=30}}, publicationYear=2001}, Book{bookId=12666, bookName='BookName12666', bookLanguage='Ukrainian', bookDescription='goodDescription', additional=Additional{pageCount=756, size=Size{height=10, width=20, length=30}}, publicationYear=2001}, Book{bookId=12922, bookName='BookName12922', bookLanguage='Ukrainian', bookDescription='goodDescription', additional=Additional{pageCount=756, size=Size{height=10, width=20, length=30}}, publicationYear=2001}, Book{bookId=13236, bookName='BookName13236', bookLanguage='Ukrainian', bookDescription='goodDescription', additional=Additional{pageCount=756, size=Size{height=10, width=20, length=30}}, publicationYear=2001}, Book{bookId=13250, bookName='BookName13250', bookLanguage='Ukrainian', bookDescription='goodDescription', additional=Additional{pageCount=756, size=Size{height=10, width=20, length=30}}, publicationYear=2001}, Book{bookId=13666, bookName='BookName13666', bookLanguage='Ukrainian', bookDescription='goodDescription', additional=Additional{pageCount=756, size=Size{height=10, width=20, length=30}}, publicationYear=2001}, Book{bookId=14304, bookName='BookName14304', bookLanguage='Ukrainian', bookDescription='goodDescription', additional=Additional{pageCount=756, size=Size{height=10, width=20, length=30}}, publicationYear=2001}, Book{bookId=15382, bookName='BookName15382', bookLanguage='Ukrainian', bookDescription='goodDescription', additional=Additional{pageCount=756, size=Size{height=10, width=20, length=30}}, publicationYear=2001}, Book{bookId=15563, bookName='BookName15563', bookLanguage='Ukrainian', bookDescription='goodDescription', additional=Additional{pageCount=756, size=Size{height=10, width=20, length=30}}, publicationYear=2001}, Book{bookId=15758, bookName='BookName15758', bookLanguage='Ukrainian', bookDescription='goodDescription', additional=Additional{pageCount=756, size=Size{height=10, width=20, length=30}}, publicationYear=2001}, Book{bookId=15846, bookName='BookName15846', bookLanguage='Ukrainian', bookDescription='goodDescription', additional=Additional{pageCount=756, size=Size{height=10, width=20, length=30}}, publicationYear=2001}, Book{bookId=15988, bookName='BookName15988', bookLanguage='Ukrainian', bookDescription='goodDescription', additional=Additional{pageCount=756, size=Size{height=10, width=20, length=30}}, publicationYear=2001}, Book{bookId=16373, bookName='BookName16373', bookLanguage='Ukrainian', bookDescription='goodDescription', additional=Additional{pageCount=756, size=Size{height=10, width=20, length=30}}, publicationYear=2001}, Book{bookId=16669, bookName='BookName16669', bookLanguage='Ukrainian', bookDescription='goodDescription', additional=Additional{pageCount=756, size=Size{height=10, width=20, length=30}}, publicationYear=2001}, Book{bookId=16848, bookName='BookName16848', bookLanguage='Ukrainian', bookDescription='goodDescription', additional=Additional{pageCount=756, size=Size{height=10, width=20, length=30}}, publicationYear=2001}, Book{bookId=17329, bookName='BookName17329', bookLanguage='Ukrainian', bookDescription='goodDescription', additional=Additional{pageCount=756, size=Size{height=10, width=20, length=30}}, publicationYear=2001}, Book{bookId=17545, bookName='BookName17545', bookLanguage='Ukrainian', bookDescription='goodDescription', additional=Additional{pageCount=756, size=Size{height=10, width=20, length=30}}, publicationYear=2001}, Book{bookId=18089, bookName='BookName18089', bookLanguage='Ukrainian', bookDescription='goodDescription', additional=Additional{pageCount=756, size=Size{height=10, width=20, length=30}}, publicationYear=2001}, Book{bookId=18929, bookName='BookName18929', bookLanguage='Ukrainian', bookDescription='goodDescription', additional=Additional{pageCount=756, size=Size{height=10, width=20, length=30}}, publicationYear=2001}, Book{bookId=18959, bookName='BookName18959', bookLanguage='Ukrainian', bookDescription='goodDescription', additional=Additional{pageCount=756, size=Size{height=10, width=20, length=30}}, publicationYear=2001}, Book{bookId=19076, bookName='BookName19076', bookLanguage='Ukrainian', bookDescription='goodDescription', additional=Additional{pageCount=756, size=Size{height=10, width=20, length=30}}, publicationYear=2001}, Book{bookId=19716, bookName='BookName19716', bookLanguage='Ukrainian', bookDescription='goodDescription', additional=Additional{pageCount=756, size=Size{height=10, width=20, length=30}}, publicationYear=2001}, Book{bookId=20015, bookName='BookName20015', bookLanguage='Ukrainian', bookDescription='goodDescription', additional=Additional{pageCount=756, size=Size{height=10, width=20, length=30}}, publicationYear=2001}, Book{bookId=20594, bookName='BookName20594', bookLanguage='Ukrainian', bookDescription='goodDescription', additional=Additional{pageCount=756, size=Size{height=10, width=20, length=30}}, publicationYear=2001}, Book{bookId=20669, bookName='BookName20669', bookLanguage='Ukrainian', bookDescription='goodDescription', additional=Additional{pageCount=756, size=Size{height=10, width=20, length=30}}, publicationYear=2001}, Book{bookId=21331, bookName='BookName21331', bookLanguage='Ukrainian', bookDescription='goodDescription', additional=Additional{pageCount=756, size=Size{height=10, width=20, length=30}}, publicationYear=2001}, Book{bookId=21555, bookName='BookName21555', bookLanguage='Ukrainian', bookDescription='goodDescription', additional=Additional{pageCount=756, size=Size{height=10, width=20, length=30}}, publicationYear=2001}, Book{bookId=22069, bookName='BookName22069', bookLanguage='Ukrainian', bookDescription='goodDescription', additional=Additional{pageCount=756, size=Size{height=10, width=20, length=30}}, publicationYear=2001}, Book{bookId=22099, bookName='BookName22099', bookLanguage='Ukrainian', bookDescription='goodDescription', additional=Additional{pageCount=756, size=Size{height=10, width=20, length=30}}, publicationYear=2001}, Book{bookId=22403, bookName='BookName22403', bookLanguage='Ukrainian', bookDescription='goodDescription', additional=Additional{pageCount=756, size=Size{height=10, width=20, length=30}}, publicationYear=2001}, Book{bookId=22460, bookName='BookName22460', bookLanguage='Ukrainian', bookDescription='goodDescription', additional=Additional{pageCount=756, size=Size{height=10, width=20, length=30}}, publicationYear=2001}, Book{bookId=22501, bookName='BookName22501', bookLanguage='Ukrainian', bookDescription='goodDescription', additional=Additional{pageCount=756, size=Size{height=10, width=20, length=30}}, publicationYear=2001}, Book{bookId=24165, bookName='BookName24165', bookLanguage='Ukrainian', bookDescription='goodDescription', additional=Additional{pageCount=756, size=Size{height=10, width=20, length=30}}, publicationYear=2001}, Book{bookId=24277, bookName='BookName24277', bookLanguage='Ukrainian', bookDescription='goodDescription', additional=Additional{pageCount=756, size=Size{height=10, width=20, length=30}}, publicationYear=2001}, Book{bookId=25097, bookName='BookName25097', bookLanguage='Ukrainian', bookDescription='goodDescription', additional=Additional{pageCount=756, size=Size{height=10, width=20, length=30}}, publicationYear=2001}, Book{bookId=25331, bookName='BookName25331', bookLanguage='Ukrainian', bookDescription='goodDescription', additional=Additional{pageCount=756, size=Size{height=10, width=20, length=30}}, publicationYear=2001}, Book{bookId=27025, bookName='BookName27025', bookLanguage='Ukrainian', bookDescription='goodDescription', additional=Additional{pageCount=756, size=Size{height=10, width=20, length=30}}, publicationYear=2001}, Book{bookId=27606, bookName='BookName27606', bookLanguage='Ukrainian', bookDescription='goodDescription', additional=Additional{pageCount=756, size=Size{height=10, width=20, length=30}}, publicationYear=2001}, Book{bookId=28291, bookName='BookName28291', bookLanguage='Ukrainian', bookDescription='goodDescription', additional=Additional{pageCount=756, size=Size{height=10, width=20, length=30}}, publicationYear=2001}, Book{bookId=28638, bookName='BookName28638', bookLanguage='Ukrainian', bookDescription='goodDescription', additional=Additional{pageCount=756, size=Size{height=10, width=20, length=30}}, publicationYear=2001}, Book{bookId=29318, bookName='BookName29318', bookLanguage='Ukrainian', bookDescription='goodDescription', additional=Additional{pageCount=756, size=Size{height=10, width=20, length=30}}, publicationYear=2001}, Book{bookId=29466, bookName='BookName29466', bookLanguage='Ukrainian', bookDescription='goodDescription', additional=Additional{pageCount=756, size=Size{height=10, width=20, length=30}}, publicationYear=2001}, Book{bookId=29485, bookName='BookName29485', bookLanguage='Ukrainian', bookDescription='goodDescription', additional=Additional{pageCount=756, size=Size{height=10, width=20, length=30}}, publicationYear=2001}, Book{bookId=29951, bookName='BookName29951', bookLanguage='Ukrainian', bookDescription='goodDescription', additional=Additional{pageCount=756, size=Size{height=10, width=20, length=30}}, publicationYear=2001}, Book{bookId=30438, bookName='BookName30438', bookLanguage='Ukrainian', bookDescription='goodDescription', additional=Additional{pageCount=756, size=Size{height=10, width=20, length=30}}, publicationYear=2001}, Book{bookId=31042, bookName='BookName31042', bookLanguage='Ukrainian', bookDescription='goodDescription', additional=Additional{pageCount=756, size=Size{height=10, width=20, length=30}}, publicationYear=2001}, Book{bookId=31143, bookName='BookName31143', bookLanguage='Ukrainian', bookDescription='goodDescription', additional=Additional{pageCount=756, size=Size{height=10, width=20, length=30}}, publicationYear=2001}, Book{bookId=31151, bookName='BookName31151', bookLanguage='Ukrainian', bookDescription='goodDescription', additional=Additional{pageCount=756, size=Size{height=10, width=20, length=30}}, publicationYear=2001}, Book{bookId=31655, bookName='BookName31655', bookLanguage='Ukrainian', bookDescription='goodDescription', additional=Additional{pageCount=756, size=Size{height=10, width=20, length=30}}, publicationYear=2001}, Book{bookId=31657, bookName='BookName31657', bookLanguage='Ukrainian', bookDescription='goodDescription', additional=Additional{pageCount=756, size=Size{height=10, width=20, length=30}}, publicationYear=2001}, Book{bookId=32738, bookName='BookName32738', bookLanguage='Ukrainian', bookDescription='goodDescription', additional=Additional{pageCount=756, size=Size{height=10, width=20, length=30}}, publicationYear=2001}, Book{bookId=33253, bookName='BookName33253', bookLanguage='Ukrainian', bookDescription='goodDescription', additional=Additional{pageCount=756, size=Size{height=10, width=20, length=30}}, publicationYear=2001}, Book{bookId=33290, bookName='BookName33290', bookLanguage='Ukrainian', bookDescription='goodDescription', additional=Additional{pageCount=756, size=Size{height=10, width=20, length=30}}, publicationYear=2001}, Book{bookId=33348, bookName='BookName33348', bookLanguage='Ukrainian', bookDescription='goodDescription', additional=Additional{pageCount=756, size=Size{height=10, width=20, length=30}}, publicationYear=2001}, Book{bookId=33429, bookName='BookName33429', bookLanguage='Ukrainian', bookDescription='goodDescription', additional=Additional{pageCount=756, size=Size{height=10, width=20, length=30}}, publicationYear=2001}, Book{bookId=33518, bookName='BookName33518', bookLanguage='Ukrainian', bookDescription='badDescription', additional=Additional{pageCount=756, size=Size{height=10, width=20, length=30}}, publicationYear=2001}, Book{bookId=34128, bookName='BookName34128', bookLanguage='Ukrainian', bookDescription='goodDescription', additional=Additional{pageCount=756, size=Size{height=10, width=20, length=30}}, publicationYear=2001}, Book{bookId=34567, bookName='BookName34567', bookLanguage='Ukrainian', bookDescription='goodDescription', additional=Additional{pageCount=756, size=Size{height=10, width=20, length=30}}, publicationYear=2001}, Book{bookId=34622, bookName='BookName34622', bookLanguage='Ukrainian', bookDescription='goodDescription', additional=Additional{pageCount=756, size=Size{height=10, width=20, length=30}}, publicationYear=2001}, Book{bookId=34824, bookName='BookName34824', bookLanguage='Ukrainian', bookDescription='goodDescription', additional=Additional{pageCount=756, size=Size{height=10, width=20, length=30}}, publicationYear=2001}, Book{bookId=35283, bookName='BookName35283', bookLanguage='Ukrainian', bookDescription='goodDescription', additional=Additional{pageCount=756, size=Size{height=10, width=20, length=30}}, publicationYear=2001}, Book{bookId=35477, bookName='BookName35477', bookLanguage='Ukrainian', bookDescription='goodDescription', additional=Additional{pageCount=756, size=Size{height=10, width=20, length=30}}, publicationYear=2001}, Book{bookId=35595, bookName='BookName35595', bookLanguage='Ukrainian', bookDescription='goodDescription', additional=Additional{pageCount=756, size=Size{height=10, width=20, length=30}}, publicationYear=2001}, Book{bookId=35912, bookName='BookName35912', bookLanguage='Ukrainian', bookDescription='goodDescription', additional=Additional{pageCount=756, size=Size{height=10, width=20, length=30}}, publicationYear=2001}, Book{bookId=36163, bookName='BookName36163', bookLanguage='Ukrainian', bookDescription='goodDescription', additional=Additional{pageCount=756, size=Size{height=10, width=20, length=30}}, publicationYear=2001}, Book{bookId=36921, bookName='BookName36921', bookLanguage='Ukrainian', bookDescription='goodDescription', additional=Additional{pageCount=756, size=Size{height=10, width=20, length=30}}, publicationYear=2001}, Book{bookId=37331, bookName='BookName37331', bookLanguage='Ukrainian', bookDescription='goodDescription', additional=Additional{pageCount=756, size=Size{height=10, width=20, length=30}}, publicationYear=2001}, Book{bookId=37806, bookName='BookName37806', bookLanguage='Ukrainian', bookDescription='goodDescription', additional=Additional{pageCount=756, size=Size{height=10, width=20, length=30}}, publicationYear=2001}, Book{bookId=37911, bookName='BookName37911', bookLanguage='Ukrainian', bookDescription='goodDescription', additional=Additional{pageCount=756, size=Size{height=10, width=20, length=30}}, publicationYear=2001}, Book{bookId=38623, bookName='BookName38623', bookLanguage='Ukrainian', bookDescription='goodDescription', additional=Additional{pageCount=756, size=Size{height=10, width=20, length=30}}, publicationYear=2001}, Book{bookId=38677, bookName='BookName38677', bookLanguage='Ukrainian', bookDescription='goodDescription', additional=Additional{pageCount=756, size=Size{height=10, width=20, length=30}}, publicationYear=2001}, Book{bookId=38718, bookName='BookName38718', bookLanguage='Ukrainian', bookDescription='goodDescription', additional=Additional{pageCount=756, size=Size{height=10, width=20, length=30}}, publicationYear=2001}, Book{bookId=39044, bookName='BookName39044', bookLanguage='Ukrainian', bookDescription='goodDescription', additional=Additional{pageCount=756, size=Size{height=10, width=20, length=30}}, publicationYear=2001}, Book{bookId=39078, bookName='BookName39078', bookLanguage='Ukrainian', bookDescription='goodDescription', additional=Additional{pageCount=756, size=Size{height=10, width=20, length=30}}, publicationYear=2001}, Book{bookId=39525, bookName='BookName39525', bookLanguage='Ukrainian', bookDescription='goodDescription', additional=Additional{pageCount=756, size=Size{height=10, width=20, length=30}}, publicationYear=2001}, Book{bookId=39719, bookName='BookName39719', bookLanguage='Ukrainian', bookDescription='goodDescription', additional=Additional{pageCount=756, size=Size{height=10, width=20, length=30}}, publicationYear=2001}, Book{bookId=39808, bookName='BookName39808', bookLanguage='Ukrainian', bookDescription='goodDescription', additional=Additional{pageCount=756, size=Size{height=10, width=20, length=30}}, publicationYear=2001}, Book{bookId=40659, bookName='BookName40659', bookLanguage='Ukrainian', bookDescription='goodDescription', additional=Additional{pageCount=756, size=Size{height=10, width=20, length=30}}, publicationYear=2001}, Book{bookId=41562, bookName='BookName41562', bookLanguage='Ukrainian', bookDescription='goodDescription', additional=Additional{pageCount=756, size=Size{height=10, width=20, length=30}}, publicationYear=2001}, Book{bookId=42083, bookName='BookName42083', bookLanguage='Ukrainian', bookDescription='goodDescription', additional=Additional{pageCount=756, size=Size{height=10, width=20, length=30}}, publicationYear=2001}, Book{bookId=42438, bookName='BookName42438', bookLanguage='Ukrainian', bookDescription='goodDescription', additional=Additional{pageCount=756, size=Size{height=10, width=20, length=30}}, publicationYear=2001}, Book{bookId=42512, bookName='BookName42512', bookLanguage='Ukrainian', bookDescription='goodDescription', additional=Additional{pageCount=756, size=Size{height=10, width=20, length=30}}, publicationYear=2001}, Book{bookId=43734, bookName='BookName43734', bookLanguage='Ukrainian', bookDescription='goodDescription', additional=Additional{pageCount=756, size=Size{height=10, width=20, length=30}}, publicationYear=2001}, Book{bookId=43790, bookName='BookName43790', bookLanguage='Ukrainian', bookDescription='goodDescription', additional=Additional{pageCount=756, size=Size{height=10, width=20, length=30}}, publicationYear=2001}, Book{bookId=43945, bookName='BookName43945', bookLanguage='Ukrainian', bookDescription='goodDescription', additional=Additional{pageCount=756, size=Size{height=10, width=20, length=30}}, publicationYear=2001}, Book{bookId=44019, bookName='BookName44019', bookLanguage='Ukrainian', bookDescription='goodDescription', additional=Additional{pageCount=756, size=Size{height=10, width=20, length=30}}, publicationYear=2001}, Book{bookId=44547, bookName='BookName44547', bookLanguage='Ukrainian', bookDescription='goodDescription', additional=Additional{pageCount=756, size=Size{height=10, width=20, length=30}}, publicationYear=2001}, Book{bookId=44843, bookName='BookName44843', bookLanguage='Ukrainian', bookDescription='goodDescription', additional=Additional{pageCount=756, size=Size{height=10, width=20, length=30}}, publicationYear=2001}, Book{bookId=45209, bookName='BookName45209', bookLanguage='Ukrainian', bookDescription='goodDescription', additional=Additional{pageCount=756, size=Size{height=10, width=20, length=30}}, publicationYear=2001}, Book{bookId=45337, bookName='BookName45337', bookLanguage='Ukrainian', bookDescription='goodDescription', additional=Additional{pageCount=756, size=Size{height=10, width=20, length=30}}, publicationYear=2001}, Book{bookId=45424, bookName='BookName45424', bookLanguage='Ukrainian', bookDescription='goodDescription', additional=Additional{pageCount=756, size=Size{height=10, width=20, length=30}}, publicationYear=2001}, Book{bookId=45684, bookName='BookName45684', bookLanguage='Ukrainian', bookDescription='goodDescription', additional=Additional{pageCount=756, size=Size{height=10, width=20, length=30}}, publicationYear=2001}, Book{bookId=46469, bookName='BookName46469', bookLanguage='Ukrainian', bookDescription='goodDescription', additional=Additional{pageCount=756, size=Size{height=10, width=20, length=30}}, publicationYear=2001}, Book{bookId=46490, bookName='BookName46490', bookLanguage='Ukrainian', bookDescription='goodDescription', additional=Additional{pageCount=756, size=Size{height=10, width=20, length=30}}, publicationYear=2001}, Book{bookId=46779, bookName='BookName46779', bookLanguage='Ukrainian', bookDescription='goodDescription', additional=Additional{pageCount=756, size=Size{height=10, width=20, length=30}}, publicationYear=2001}, Book{bookId=47116, bookName='BookName47116', bookLanguage='Ukrainian', bookDescription='badDescription', additional=Additional{pageCount=756, size=Size{height=10, width=20, length=30}}, publicationYear=2001}, Book{bookId=47873, bookName='BookName47873', bookLanguage='Ukrainian', bookDescription='goodDescription', additional=Additional{pageCount=756, size=Size{height=10, width=20, length=30}}, publicationYear=2001}, Book{bookId=48195, bookName='BookName48195', bookLanguage='Ukrainian', bookDescription='goodDescription', additional=Additional{pageCount=756, size=Size{height=10, width=20, length=30}}, publicationYear=2001}, Book{bookId=48388, bookName='BookName48388', bookLanguage='Ukrainian', bookDescription='goodDescription', additional=Additional{pageCount=756, size=Size{height=10, width=20, length=30}}, publicationYear=2001}, Book{bookId=49160, bookName='BookName49160', bookLanguage='Ukrainian', bookDescription='goodDescription', additional=Additional{pageCount=756, size=Size{height=10, width=20, length=30}}, publicationYear=2001}, Book{bookId=50113, bookName='BookName50113', bookLanguage='Ukrainian', bookDescription='goodDescription', additional=Additional{pageCount=756, size=Size{height=10, width=20, length=30}}, publicationYear=2001}, Book{bookId=50636, bookName='BookName50636', bookLanguage='Ukrainian', bookDescription='goodDescription', additional=Additional{pageCount=756, size=Size{height=10, width=20, length=30}}, publicationYear=2001}, Book{bookId=51401, bookName='BookName51401', bookLanguage='Ukrainian', bookDescription='goodDescription', additional=Additional{pageCount=756, size=Size{height=10, width=20, length=30}}, publicationYear=2001}, Book{bookId=51656, bookName='BookName51656', bookLanguage='Ukrainian', bookDescription='goodDescription', additional=Additional{pageCount=756, size=Size{height=10, width=20, length=30}}, publicationYear=2001}, Book{bookId=51767, bookName='BookName51767', bookLanguage='Ukrainian', bookDescription='goodDescription', additional=Additional{pageCount=756, size=Size{height=10, width=20, length=30}}, publicationYear=2001}, Book{bookId=51849, bookName='BookName51849', bookLanguage='Ukrainian', bookDescription='goodDescription', additional=Additional{pageCount=756, size=Size{height=10, width=20, length=30}}, publicationYear=2001}, Book{bookId=52809, bookName='BookName52809', bookLanguage='Ukrainian', bookDescription='badDescription', additional=Additional{pageCount=756, size=Size{height=10, width=20, length=30}}, publicationYear=2001}, Book{bookId=53413, bookName='BookName53413', bookLanguage='Ukrainian', bookDescription='goodDescription', additional=Additional{pageCount=756, size=Size{height=10, width=20, length=30}}, publicationYear=2001}, Book{bookId=54344, bookName='BookName54344', bookLanguage='Ukrainian', bookDescription='goodDescription', additional=Additional{pageCount=756, size=Size{height=10, width=20, length=30}}, publicationYear=2001}, Book{bookId=54366, bookName='BookName54366', bookLanguage='Ukrainian', bookDescription='goodDescription', additional=Additional{pageCount=756, size=Size{height=10, width=20, length=30}}, publicationYear=2001}, Book{bookId=54575, bookName='BookName54575', bookLanguage='Ukrainian', bookDescription='goodDescription', additional=Additional{pageCount=756, size=Size{height=10, width=20, length=30}}, publicationYear=2001}, Book{bookId=54584, bookName='BookName54584', bookLanguage='Ukrainian', bookDescription='goodDescription', additional=Additional{pageCount=756, size=Size{height=10, width=20, length=30}}, publicationYear=2001}, Book{bookId=54700, bookName='BookName54700', bookLanguage='Ukrainian', bookDescription='goodDescription', additional=Additional{pageCount=756, size=Size{height=10, width=20, length=30}}, publicationYear=2001}, Book{bookId=54802, bookName='BookName54802', bookLanguage='Ukrainian', bookDescription='goodDescription', additional=Additional{pageCount=756, size=Size{height=10, width=20, length=30}}, publicationYear=2001}, Book{bookId=54917, bookName='BookName54917', bookLanguage='Ukrainian', bookDescription='goodDescription', additional=Additional{pageCount=756, size=Size{height=10, width=20, length=30}}, publicationYear=2001}, Book{bookId=54939, bookName='BookName54939', bookLanguage='Ukrainian', bookDescription='badDescription', additional=Additional{pageCount=756, size=Size{height=10, width=20, length=30}}, publicationYear=2001}, Book{bookId=55031, bookName='BookName55031', bookLanguage='Ukrainian', bookDescription='goodDescription', additional=Additional{pageCount=756, size=Size{height=10, width=20, length=30}}, publicationYear=2001}, Book{bookId=56141, bookName='BookName56141', bookLanguage='Ukrainian', bookDescription='goodDescription', additional=Additional{pageCount=756, size=Size{height=10, width=20, length=30}}, publicationYear=2001}, Book{bookId=56293, bookName='BookName56293', bookLanguage='Ukrainian', bookDescription='goodDescription', additional=Additional{pageCount=756, size=Size{height=10, width=20, length=30}}, publicationYear=2001}, Book{bookId=56529, bookName='BookName56529', bookLanguage='Ukrainian', bookDescription='goodDescription', additional=Additional{pageCount=756, size=Size{height=10, width=20, length=30}}, publicationYear=2001}, Book{bookId=56770, bookName='BookName56770', bookLanguage='Ukrainian', bookDescription='goodDescription', additional=Additional{pageCount=756, size=Size{height=10, width=20, length=30}}, publicationYear=2001}, Book{bookId=57181, bookName='BookName57181', bookLanguage='Ukrainian', bookDescription='goodDescription', additional=Additional{pageCount=756, size=Size{height=10, width=20, length=30}}, publicationYear=2001}, Book{bookId=57344, bookName='BookName57344', bookLanguage='Ukrainian', bookDescription='goodDescription', additional=Additional{pageCount=756, size=Size{height=10, width=20, length=30}}, publicationYear=2001}, Book{bookId=57664, bookName='BookName57664', bookLanguage='Ukrainian', bookDescription='goodDescription', additional=Additional{pageCount=756, size=Size{height=10, width=20, length=30}}, publicationYear=2001}, Book{bookId=57669, bookName='BookName57669', bookLanguage='Ukrainian', bookDescription='goodDescription', additional=Additional{pageCount=756, size=Size{height=10, width=20, length=30}}, publicationYear=2001}, Book{bookId=58349, bookName='BookName58349', bookLanguage='Ukrainian', bookDescription='goodDescription', additional=Additional{pageCount=756, size=Size{height=10, width=20, length=30}}, publicationYear=2001}, Book{bookId=58364, bookName='BookName58364', bookLanguage='Ukrainian', bookDescription='goodDescription', additional=Additional{pageCount=756, size=Size{height=10, width=20, length=30}}, publicationYear=2001}, Book{bookId=58392, bookName='BookName58392', bookLanguage='Ukrainian', bookDescription='goodDescription', additional=Additional{pageCount=756, size=Size{height=10, width=20, length=30}}, publicationYear=2001}, Book{bookId=58544, bookName='BookName58544', bookLanguage='Ukrainian', bookDescription='goodDescription', additional=Additional{pageCount=756, size=Size{height=10, width=20, length=30}}, publicationYear=2001}, Book{bookId=59018, bookName='BookName59018', bookLanguage='Ukrainian', bookDescription='goodDescription', additional=Additional{pageCount=756, size=Size{height=10, width=20, length=30}}, publicationYear=2001}, Book{bookId=60056, bookName='BookName60056', bookLanguage='Ukrainian', bookDescription='goodDescription', additional=Additional{pageCount=756, size=Size{height=10, width=20, length=30}}, publicationYear=2001}, Book{bookId=60202, bookName='BookName60202', bookLanguage='Ukrainian', bookDescription='goodDescription', additional=Additional{pageCount=756, size=Size{height=10, width=20, length=30}}, publicationYear=2001}, Book{bookId=60595, bookName='BookName60595', bookLanguage='Ukrainian', bookDescription='goodDescription', additional=Additional{pageCount=756, size=Size{height=10, width=20, length=30}}, publicationYear=2001}, Book{bookId=60723, bookName='BookName60723', bookLanguage='Ukrainian', bookDescription='goodDescription', additional=Additional{pageCount=756, size=Size{height=10, width=20, length=30}}, publicationYear=2001}, Book{bookId=60926, bookName='BookName60926', bookLanguage='Ukrainian', bookDescription='goodDescription', additional=Additional{pageCount=756, size=Size{height=10, width=20, length=30}}, publicationYear=2001}, Book{bookId=61024, bookName='BookName61024', bookLanguage='Ukrainian', bookDescription='goodDescription', additional=Additional{pageCount=756, size=Size{height=10, width=20, length=30}}, publicationYear=2001}, Book{bookId=61233, bookName='BookName61233', bookLanguage='Ukrainian', bookDescription='goodDescription', additional=Additional{pageCount=756, size=Size{height=10, width=20, length=30}}, publicationYear=2001}, Book{bookId=61668, bookName='BookName61668', bookLanguage='Ukrainian', bookDescription='goodDescription', additional=Additional{pageCount=756, size=Size{height=10, width=20, length=30}}, publicationYear=2001}, Book{bookId=62238, bookName='BookName62238', bookLanguage='Ukrainian', bookDescription='goodDescription', additional=Additional{pageCount=756, size=Size{height=10, width=20, length=30}}, publicationYear=2001}, Book{bookId=62522, bookName='BookName62522', bookLanguage='Ukrainian', bookDescription='goodDescription', additional=Additional{pageCount=756, size=Size{height=10, width=20, length=30}}, publicationYear=2001}, Book{bookId=62788, bookName='BookName62788', bookLanguage='Ukrainian', bookDescription='goodDescription', additional=Additional{pageCount=756, size=Size{height=10, width=20, length=30}}, publicationYear=2001}, Book{bookId=62938, bookName='BookName62938', bookLanguage='Ukrainian', bookDescription='goodDescription', additional=Additional{pageCount=756, size=Size{height=10, width=20, length=30}}, publicationYear=2001}, Book{bookId=63121, bookName='BookName63121', bookLanguage='Ukrainian', bookDescription='goodDescription', additional=Additional{pageCount=756, size=Size{height=10, width=20, length=30}}, publicationYear=2001}, Book{bookId=63225, bookName='BookName63225', bookLanguage='Ukrainian', bookDescription='goodDescription', additional=Additional{pageCount=756, size=Size{height=10, width=20, length=30}}, publicationYear=2001}, Book{bookId=63279, bookName='BookName63279', bookLanguage='Ukrainian', bookDescription='goodDescription', additional=Additional{pageCount=756, size=Size{height=10, width=20, length=30}}, publicationYear=2001}, Book{bookId=63337, bookName='BookName63337', bookLanguage='Ukrainian', bookDescription='goodDescription', additional=Additional{pageCount=756, size=Size{height=10, width=20, length=30}}, publicationYear=2001}, Book{bookId=63421, bookName='BookName63421', bookLanguage='Ukrainian', bookDescription='goodDescription', additional=Additional{pageCount=756, size=Size{height=10, width=20, length=30}}, publicationYear=2001}, Book{bookId=63659, bookName='BookName63659', bookLanguage='Ukrainian', bookDescription='goodDescription', additional=Additional{pageCount=756, size=Size{height=10, width=20, length=30}}, publicationYear=2001}, Book{bookId=64832, bookName='BookName64832', bookLanguage='Ukrainian', bookDescription='goodDescription', additional=Additional{pageCount=756, size=Size{height=10, width=20, length=30}}, publicationYear=2001}, Book{bookId=65093, bookName='BookName65093', bookLanguage='Ukrainian', bookDescription='goodDescription', additional=Additional{pageCount=756, size=Size{height=10, width=20, length=30}}, publicationYear=2001}, Book{bookId=65382, bookName='BookName65382', bookLanguage='Ukrainian', bookDescription='goodDescription', additional=Additional{pageCount=756, size=Size{height=10, width=20, length=30}}, publicationYear=2001}, Book{bookId=65879, bookName='BookName65879', bookLanguage='Ukrainian', bookDescription='goodDescription', additional=Additional{pageCount=756, size=Size{height=10, width=20, length=30}}, publicationYear=2001}, Book{bookId=67524, bookName='BookName67524', bookLanguage='Ukrainian', bookDescription='goodDescription', additional=Additional{pageCount=756, size=Size{height=10, width=20, length=30}}, publicationYear=2001}, Book{bookId=67730, bookName='BookName67730', bookLanguage='Ukrainian', bookDescription='goodDescription', additional=Additional{pageCount=756, size=Size{height=10, width=20, length=30}}, publicationYear=2001}, Book{bookId=67971, bookName='BookName67971', bookLanguage='Ukrainian', bookDescription='goodDescription', additional=Additional{pageCount=756, size=Size{height=10, width=20, length=30}}, publicationYear=2001}, Book{bookId=68044, bookName='BookName68044', bookLanguage='Ukrainian', bookDescription='goodDescription', additional=Additional{pageCount=756, size=Size{height=10, width=20, length=30}}, publicationYear=2001}, Book{bookId=68654, bookName='BookName68654', bookLanguage='Ukrainian', bookDescription='goodDescription', additional=Additional{pageCount=756, size=Size{height=10, width=20, length=30}}, publicationYear=2001}, Book{bookId=69033, bookName='BookName69033', bookLanguage='Ukrainian', bookDescription='goodDescription', additional=Additional{pageCount=756, size=Size{height=10, width=20, length=30}}, publicationYear=2001}, Book{bookId=70039, bookName='BookName70039', bookLanguage='Ukrainian', bookDescription='goodDescription', additional=Additional{pageCount=756, size=Size{height=10, width=20, length=30}}, publicationYear=2001}, Book{bookId=70147, bookName='BookName70147', bookLanguage='Ukrainian', bookDescription='goodDescription', additional=Additional{pageCount=756, size=Size{height=10, width=20, length=30}}, publicationYear=2001}, Book{bookId=72592, bookName='BookName72592', bookLanguage='Ukrainian', bookDescription='goodDescription', additional=Additional{pageCount=756, size=Size{height=10, width=20, length=30}}, publicationYear=2001}, Book{bookId=73616, bookName='BookName73616', bookLanguage='Ukrainian', bookDescription='goodDescription', additional=Additional{pageCount=756, size=Size{height=10, width=20, length=30}}, publicationYear=2001}, Book{bookId=73657, bookName='BookName73657', bookLanguage='Ukrainian', bookDescription='goodDescription', additional=Additional{pageCount=756, size=Size{height=10, width=20, length=30}}, publicationYear=2001}, Book{bookId=74332, bookName='BookName74332', bookLanguage='Ukrainian', bookDescription='goodDescription', additional=Additional{pageCount=756, size=Size{height=10, width=20, length=30}}, publicationYear=2001}, Book{bookId=74733, bookName='BookName74733', bookLanguage='Ukrainian', bookDescription='goodDescription', additional=Additional{pageCount=756, size=Size{height=10, width=20, length=30}}, publicationYear=2001}, Book{bookId=75045, bookName='BookName75045', bookLanguage='Ukrainian', bookDescription='goodDescription', additional=Additional{pageCount=756, size=Size{height=10, width=20, length=30}}, publicationYear=2001}, Book{bookId=75780, bookName='BookName75780', bookLanguage='Ukrainian', bookDescription='goodDescription', additional=Additional{pageCount=756, size=Size{height=10, width=20, length=30}}, publicationYear=2001}, Book{bookId=75855, bookName='BookName75855', bookLanguage='Ukrainian', bookDescription='goodDescription', additional=Additional{pageCount=756, size=Size{height=10, width=20, length=30}}, publicationYear=2001}, Book{bookId=76751, bookName='BookName76751', bookLanguage='Ukrainian', bookDescription='goodDescription', additional=Additional{pageCount=756, size=Size{height=10, width=20, length=30}}, publicationYear=2001}, Book{bookId=77046, bookName='BookName77046', bookLanguage='Ukrainian', bookDescription='goodDescription', additional=Additional{pageCount=756, size=Size{height=10, width=20, length=30}}, publicationYear=2001}, Book{bookId=77353, bookName='BookName77353', bookLanguage='Ukrainian', bookDescription='goodDescription', additional=Additional{pageCount=756, size=Size{height=10, width=20, length=30}}, publicationYear=2001}, Book{bookId=77505, bookName='BookName77505', bookLanguage='Ukrainian', bookDescription='goodDescription', additional=Additional{pageCount=756, size=Size{height=10, width=20, length=30}}, publicationYear=2001}, Book{bookId=77968, bookName='BookName77968', bookLanguage='Ukrainian', bookDescription='goodDescription', additional=Additional{pageCount=756, size=Size{height=10, width=20, length=30}}, publicationYear=2001}, Book{bookId=78620, bookName='BookName78620', bookLanguage='Ukrainian', bookDescription='goodDescription', additional=Additional{pageCount=756, size=Size{height=10, width=20, length=30}}, publicationYear=2001}, Book{bookId=79115, bookName='BookName79115', bookLanguage='Ukrainian', bookDescription='goodDescription', additional=Additional{pageCount=756, size=Size{height=10, width=20, length=30}}, publicationYear=2001}, Book{bookId=79226, bookName='BookName79226', bookLanguage='Ukrainian', bookDescription='goodDescription', additional=Additional{pageCount=756, size=Size{height=10, width=20, length=30}}, publicationYear=2001}, Book{bookId=79609, bookName='BookName79609', bookLanguage='Ukrainian', bookDescription='goodDescription', additional=Additional{pageCount=756, size=Size{height=10, width=20, length=30}}, publicationYear=2001}, Book{bookId=79713, bookName='BookName79713', bookLanguage='Ukrainian', bookDescription='goodDescription', additional=Additional{pageCount=756, size=Size{height=10, width=20, length=30}}, publicationYear=2001}, Book{bookId=79940, bookName='BookName79940', bookLanguage='Ukrainian', bookDescription='goodDescription', additional=Additional{pageCount=756, size=Size{height=10, width=20, length=30}}, publicationYear=2001}, Book{bookId=80000, bookName='BookName80000', bookLanguage='Ukrainian', bookDescription='goodDescription', additional=Additional{pageCount=756, size=Size{height=10, width=20, length=30}}, publicationYear=2001}, Book{bookId=80301, bookName='BookName80301', bookLanguage='Ukrainian', bookDescription='goodDescription', additional=Additional{pageCount=756, size=Size{height=10, width=20, length=30}}, publicationYear=2001}, Book{bookId=80322, bookName='BookName80322', bookLanguage='Ukrainian', bookDescription='goodDescription', additional=Additional{pageCount=756, size=Size{height=10, width=20, length=30}}, publicationYear=2001}, Book{bookId=80865, bookName='BookName80865', bookLanguage='Ukrainian', bookDescription='goodDescription', additional=Additional{pageCount=756, size=Size{height=10, width=20, length=30}}, publicationYear=2001}, Book{bookId=82771, bookName='BookName82771', bookLanguage='Ukrainian', bookDescription='goodDescription', additional=Additional{pageCount=756, size=Size{height=10, width=20, length=30}}, publicationYear=2001}, Book{bookId=82965, bookName='BookName82965', bookLanguage='Ukrainian', bookDescription='goodDescription', additional=Additional{pageCount=756, size=Size{height=10, width=20, length=30}}, publicationYear=2001}, Book{bookId=83687, bookName='BookName83687', bookLanguage='Ukrainian', bookDescription='goodDescription', additional=Additional{pageCount=756, size=Size{height=10, width=20, length=30}}, publicationYear=2001}, Book{bookId=84401, bookName='BookName84401', bookLanguage='Ukrainian', bookDescription='goodDescription', additional=Additional{pageCount=756, size=Size{height=10, width=20, length=30}}, publicationYear=2001}, Book{bookId=84588, bookName='BookName84588', bookLanguage='Ukrainian', bookDescription='goodDescription', additional=Additional{pageCount=756, size=Size{height=10, width=20, length=30}}, publicationYear=2001}, Book{bookId=85325, bookName='BookName85325', bookLanguage='Ukrainian', bookDescription='goodDescription', additional=Additional{pageCount=756, size=Size{height=10, width=20, length=30}}, publicationYear=2001}, Book{bookId=85606, bookName='BookName85606', bookLanguage='Ukrainian', bookDescription='goodDescription', additional=Additional{pageCount=756, size=Size{height=10, width=20, length=30}}, publicationYear=2001}, Book{bookId=85908, bookName='BookName85908', bookLanguage='Ukrainian', bookDescription='goodDescription', additional=Additional{pageCount=756, size=Size{height=10, width=20, length=30}}, publicationYear=2001}, Book{bookId=86461, bookName='BookName86461', bookLanguage='Ukrainian', bookDescription='goodDescription', additional=Additional{pageCount=756, size=Size{height=10, width=20, length=30}}, publicationYear=2001}, Book{bookId=86641, bookName='BookName86641', bookLanguage='Ukrainian', bookDescription='goodDescription', additional=Additional{pageCount=756, size=Size{height=10, width=20, length=30}}, publicationYear=2001}, Book{bookId=86723, bookName='BookName86723', bookLanguage='Ukrainian', bookDescription='goodDescription', additional=Additional{pageCount=756, size=Size{height=10, width=20, length=30}}, publicationYear=2001}, Book{bookId=87144, bookName='BookName87144', bookLanguage='Ukrainian', bookDescription='goodDescription', additional=Additional{pageCount=756, size=Size{height=10, width=20, length=30}}, publicationYear=2001}, Book{bookId=87223, bookName='BookName87223', bookLanguage='Ukrainian', bookDescription='goodDescription', additional=Additional{pageCount=756, size=Size{height=10, width=20, length=30}}, publicationYear=2001}, Book{bookId=87240, bookName='BookName87240', bookLanguage='Ukrainian', bookDescription='goodDescription', additional=Additional{pageCount=756, size=Size{height=10, width=20, length=30}}, publicationYear=2001}, Book{bookId=87249, bookName='BookName87249', bookLanguage='Ukrainian', bookDescription='goodDescription', additional=Additional{pageCount=756, size=Size{height=10, width=20, length=30}}, publicationYear=2001}, Book{bookId=87643, bookName='BookName87643', bookLanguage='Ukrainian', bookDescription='goodDescription', additional=Additional{pageCount=756, size=Size{height=10, width=20, length=30}}, publicationYear=2001}, Book{bookId=87907, bookName='BookName87907', bookLanguage='Ukrainian', bookDescription='goodDescription', additional=Additional{pageCount=756, size=Size{height=10, width=20, length=30}}, publicationYear=2001}, Book{bookId=88931, bookName='BookName88931', bookLanguage='Ukrainian', bookDescription='goodDescription', additional=Additional{pageCount=756, size=Size{height=10, width=20, length=30}}, publicationYear=2001}, Book{bookId=88949, bookName='BookName88949', bookLanguage='Ukrainian', bookDescription='goodDescription', additional=Additional{pageCount=756, size=Size{height=10, width=20, length=30}}, publicationYear=2001}, Book{bookId=89155, bookName='BookName89155', bookLanguage='Ukrainian', bookDescription='goodDescription', additional=Additional{pageCount=756, size=Size{height=10, width=20, length=30}}, publicationYear=2001}, Book{bookId=89190, bookName='BookName89190', bookLanguage='Ukrainian', bookDescription='goodDescription', additional=Additional{pageCount=756, size=Size{height=10, width=20, length=30}}, publicationYear=2001}, Book{bookId=89317, bookName='BookName89317', bookLanguage='Ukrainian', bookDescription='goodDescription', additional=Additional{pageCount=756, size=Size{height=10, width=20, length=30}}, publicationYear=2001}, Book{bookId=89548, bookName='BookName89548', bookLanguage='Ukrainian', bookDescription='goodDescription', additional=Additional{pageCount=756, size=Size{height=10, width=20, length=30}}, publicationYear=2001}, Book{bookId=89975, bookName='BookName89975', bookLanguage='Ukrainian', bookDescription='goodDescription', additional=Additional{pageCount=756, size=Size{height=10, width=20, length=30}}, publicationYear=2001}, Book{bookId=90225, bookName='BookName90225', bookLanguage='Ukrainian', bookDescription='goodDescription', additional=Additional{pageCount=756, size=Size{height=10, width=20, length=30}}, publicationYear=2001}, Book{bookId=90866, bookName='BookName90866', bookLanguage='Ukrainian', bookDescription='goodDescription', additional=Additional{pageCount=756, size=Size{height=10, width=20, length=30}}, publicationYear=2001}, Book{bookId=91665, bookName='BookName91665', bookLanguage='Ukrainian', bookDescription='goodDescription', additional=Additional{pageCount=756, size=Size{height=10, width=20, length=30}}, publicationYear=2001}, Book{bookId=92571, bookName='BookName92571', bookLanguage='Ukrainian', bookDescription='goodDescription', additional=Additional{pageCount=756, size=Size{height=10, width=20, length=30}}, publicationYear=2001}, Book{bookId=92941, bookName='BookName92941', bookLanguage='Ukrainian', bookDescription='goodDescription', additional=Additional{pageCount=756, size=Size{height=10, width=20, length=30}}, publicationYear=2001}, Book{bookId=94610, bookName='BookName94610', bookLanguage='Ukrainian', bookDescription='goodDescription', additional=Additional{pageCount=756, size=Size{height=10, width=20, length=30}}, publicationYear=2001}, Book{bookId=95079, bookName='BookName95079', bookLanguage='Ukrainian', bookDescription='goodDescription', additional=Additional{pageCount=756, size=Size{height=10, width=20, length=30}}, publicationYear=2001}, Book{bookId=96461, bookName='BookName96461', bookLanguage='Ukrainian', bookDescription='goodDescription', additional=Additional{pageCount=756, size=Size{height=10, width=20, length=30}}, publicationYear=2001}, Book{bookId=96711, bookName='BookName96711', bookLanguage='Ukrainian', bookDescription='goodDescription', additional=Additional{pageCount=756, size=Size{height=10, width=20, length=30}}, publicationYear=2001}, Book{bookId=96784, bookName='BookName96784', bookLanguage='Ukrainian', bookDescription='badDescription', additional=Additional{pageCount=756, size=Size{height=10, width=20, length=30}}, publicationYear=2001}, Book{bookId=97580, bookName='BookName97580', bookLanguage='Ukrainian', bookDescription='goodDescription', additional=Additional{pageCount=756, size=Size{height=10, width=20, length=30}}, publicationYear=2001}, Book{bookId=97981, bookName='BookName97981', bookLanguage='Ukrainian', bookDescription='goodDescription', additional=Additional{pageCount=756, size=Size{height=10, width=20, length=30}}, publicationYear=2001}, Book{bookId=98086, bookName='BookName98086', bookLanguage='Ukrainian', bookDescription='goodDescription', additional=Additional{pageCount=756, size=Size{height=10, width=20, length=30}}, publicationYear=2001}, Book{bookId=98257, bookName='BookName98257', bookLanguage='Ukrainian', bookDescription='goodDescription', additional=Additional{pageCount=756, size=Size{height=10, width=20, length=30}}, publicationYear=2001}, Book{bookId=98812, bookName='BookName98812', bookLanguage='Ukrainian', bookDescription='goodDescription', additional=Additional{pageCount=756, size=Size{height=10, width=20, length=30}}, publicationYear=2001}, Book{bookId=99048, bookName='BookName99048', bookLanguage='Ukrainian', bookDescription='goodDescription', additional=Additional{pageCount=756, size=Size{height=10, width=20, length=30}}, publicationYear=2001}, Book{bookId=99396, bookName='BookName99396', bookLanguage='Ukrainian', bookDescription='goodDescription', additional=Additional{pageCount=756, size=Size{height=10, width=20, length=30}}, publicationYear=2001}, Book{bookId=99735, bookName='BookName99735', bookLanguage='Ukrainian', bookDescription='goodDescription', additional=Additional{pageCount=756, size=Size{height=10, width=20, length=30}}, publicationYear=2001}, Book{bookId=99802, bookName='BookName99802', bookLanguage='Ukrainian', bookDescription='goodDescription', additional=Additional{pageCount=756, size=Size{height=10, width=20, length=30}}, publicationYear=2001}, Book{bookId=99810, bookName='BookName99810', bookLanguage='Ukrainian', bookDescription='goodDescription', additional=Additional{pageCount=756, size=Size{height=10, width=20, length=30}}, publicationYear=2001}]
]]></system-out>
  </testcase>
  <testcase name="testGetBooksWithBadPageNumber" classname="book.GetAllBookOfSpecialGenreTest" time="0.001"/>
  <testcase name="testGetBooksWithBadPaginationValue" classname="book.GetAllBookOfSpecialGenreTest" time="0"/>
  <testcase name="testGetBookBadRequest" classname="book.GetBookTest" time="0"/>
  <testcase name="testGetBookById" classname="book.GetBookTest" time="0.015"/>
  <testcase name="testGetBookNotFound" classname="book.GetBookTest" time="0"/>
  <testcase name="testSearchBookByAuthor" classname="book.GetBookByAuthorTest" time="0"/>
  <testcase name="testSearchBookByAuthorBadRequest" classname="book.GetBookByAuthorTest" time="0"/>
  <testcase name="testSearchBookByAuthorThatNotExist" classname="book.GetBookByAuthorTest" time="0"/>
  <testcase name="testGetAllBooks" classname="book.GetAllBooksTest" time="0"/>
  <testcase name="testGetBooksWithBadPageNumber" classname="book.GetAllBooksTest" time="0.006"/>
  <testcase name="testGetBooksWithBadPaginationValue" classname="book.GetAllBooksTest" time="0.004"/>
  <testcase name="testPositiveUpdateBook" classname="book.UpdateBookTest" time="0.015"/>
  <testcase name="testUpdateBookThatNotFound" classname="book.UpdateBookTest" time="0.03"/>
  <testcase name="testUpdateBookWithoutBody" classname="book.UpdateBookTest" time="0.039"/>
  <testcase name="testCreateAuthorWithExistsId" classname="book.CreateBookTest" time="0.046"/>
  <testcase name="testCreateAuthorWithoutBody" classname="book.CreateBookTest" time="0.062"/>
  <testcase name="testPositiveScenario" classname="book.CreateBookTest" time="0.091"/>
  <testcase name="testCreateAuthorWithExistsId" classname="genre.CreateGenreTest" time="0.021"/>
  <testcase name="testCreateAuthorWithoutBody" classname="genre.CreateGenreTest" time="0.023"/>
  <testcase name="testPositiveScenario" classname="genre.CreateGenreTest" time="0.002"/>
  <testcase name="testGetGenreBadRequest" classname="genre.GetGenreTest" time="0.016"/>
  <testcase name="testGetGenreById" classname="genre.GetGenreTest" time="0.021"/>
  <testcase name="testGetGenreNotFound" classname="genre.GetGenreTest" time="0.022"/>
  <testcase name="testDeleteGenreBadRequest" classname="genre.DeleteGenreTest" time="0.019"/>
  <testcase name="testDeleteGenreById" classname="genre.DeleteGenreTest" time="0.023"/>
  <testcase name="testDeleteGenreNotFound" classname="genre.DeleteGenreTest" time="0.029"/>
  <testcase name="testPositiveUpdateGenre" classname="genre.UpdateGenreTest" time="0.014"/>
  <testcase name="testUpdateGenreThatNotFound" classname="genre.UpdateGenreTest" time="0.017"/>
  <testcase name="testUpdateGenreWithoutBody" classname="genre.UpdateGenreTest" time="0.019"/>
  <testcase name="testSearchGenreByAuthor" classname="genre.GetGenreByAuthorTest" time="0.004"/>
  <testcase name="testSearchGenreByAuthorBadRequest" classname="genre.GetGenreByAuthorTest" time="0.019"/>
  <testcase name="testSearchGenreByAuthorThatNotExist" classname="genre.GetGenreByAuthorTest" time="0.025"/>
  <testcase name="testSearchGenreBadRequest" classname="genre.SearchGenreTest" time="0.019"/>
  <testcase name="testSearchGenreByName" classname="genre.SearchGenreTest" time="0.001"/>
  <testcase name="testGetAllGenres" classname="genre.GetAllGenresTest" time="0.014"/>
  <testcase name="testGetGenresWithBadPageNumber" classname="genre.GetAllGenresTest" time="0.018"/>
  <testcase name="testGetGenresWithBadPaginationValue" classname="genre.GetAllGenresTest" time="0.018"/>
  <testcase name="testDeleteAuthorBadRequest" classname="author.DeleteAuthorTest" time="0.022"/>
  <testcase name="testDeleteAuthorById" classname="author.DeleteAuthorTest" time="0.032"/>
  <testcase name="testDeleteAuthorNotFound" classname="author.DeleteAuthorTest" time="0.01"/>
  <testcase name="testSearchAuthorByBook" classname="author.GetAuthorByBookTest" time="0.009"/>
  <testcase name="testSearchAuthorByBookBadRequest" classname="author.GetAuthorByBookTest" time="0.023"/>
  <testcase name="testSearchAuthorByBookThatNotExist" classname="author.GetAuthorByBookTest" time="0.01"/>
  <testcase name="testGetAuthorBadRequest" classname="author.GetAuthorTest" time="0.008"/>
  <testcase name="testGetAuthorById" classname="author.GetAuthorTest" time="0.024"/>
  <testcase name="testGetAuthorNotFound" classname="author.GetAuthorTest" time="0.013"/>
  <testcase name="testCreateAuthorWithExistsId" classname="author.CreateAuthorTest" time="0.028"/>
  <testcase name="testCreateAuthorWithoutBody" classname="author.CreateAuthorTest" time="0.031"/>
  <testcase name="testPositiveScenario" classname="author.CreateAuthorTest" time="0.008"/>
  <testcase name="testSearchAuthorByGenre" classname="author.GetAuthorByGenreTest" time="0.01"/>
  <testcase name="testSearchAuthorByGenreBadRequest" classname="author.GetAuthorByGenreTest" time="0.04"/>
  <testcase name="testSearchAuthorByGenreThatNotExist" classname="author.GetAuthorByGenreTest" time="0.028"/>
  <testcase name="testSearchAuthorBadRequest" classname="author.SearchAuthorTest" time="0.018"/>
  <testcase name="testSearchAuthorByFirstName" classname="author.SearchAuthorTest" time="0.015"/>
  <testcase name="testSearchAuthorByLastName" classname="author.SearchAuthorTest" time="0.012"/>
  <testcase name="testPositiveUpdateAuthor" classname="author.UpdateAuthorTest" time="0.022"/>
  <testcase name="testUpdateAuthorWithoutBody" classname="author.UpdateAuthorTest" time="0.047"/>
  <testcase name="testUpdateUserThatNotFound" classname="author.UpdateAuthorTest" time="0.03"/>
  <testcase name="testGetAllAuthors" classname="author.GetAllAuthorsTest" time="0.047"/>
  <testcase name="testGetAuthorsWithBadPageNumber" classname="author.GetAllAuthorsTest" time="0.015"/>
  <testcase name="testGetAuthorsWithBadPaginationValue" classname="author.GetAllAuthorsTest" time="0.017"/>
</testsuite>