<?xml version="1.0" encoding="UTF-8"?>
<!-- Generated by org.testng.reporters.JUnitReportReporter -->
<testsuite skipped="0" hostname="qa" name="book.SearchBookTest" tests="3" failures="0" timestamp="18 Aug 2021 13:04:41 GMT" time="3.474" errors="0">
  <testcase name="testSearchBookReturn5Results" time="0.533" classname="book.SearchBookTest"/>
  <testcase name="testSearchBookBadRequest" time="2.317" classname="book.SearchBookTest"/>
  <testcase name="testSearchBookByName" time="0.624" classname="book.SearchBookTest"/>
</testsuite> <!-- book.SearchBookTest -->
