<?xml version="1.0" encoding="UTF-8"?>
<!-- Generated by org.testng.reporters.JUnitReportReporter -->
<testsuite skipped="0" hostname="qa" name="book.CreateBookTest" tests="3" failures="0" timestamp="16 Aug 2021 14:51:36 GMT" time="0.183" errors="0">
  <testcase name="testCreateAuthorWithExistsId" time="0.079" classname="book.CreateBookTest"/>
  <testcase name="testCreateAuthorWithoutBody" time="0.051" classname="book.CreateBookTest"/>
  <testcase name="testPositiveScenario" time="0.053" classname="book.CreateBookTest"/>
</testsuite> <!-- book.CreateBookTest -->
