<?xml version="1.0" encoding="UTF-8"?>
<!-- Generated by org.testng.reporters.JUnitReportReporter -->
<testsuite skipped="0" hostname="qa" name="genre.SearchGenreTest" tests="2" failures="0" timestamp="19 Aug 2021 10:15:27 GMT" time="0.052" errors="0">
  <testcase name="testSearchGenreBadRequest" time="0.034" classname="genre.SearchGenreTest"/>
  <testcase name="testSearchGenreByName" time="0.018" classname="genre.SearchGenreTest"/>
</testsuite> <!-- genre.SearchGenreTest -->
