<?xml version="1.0" encoding="UTF-8"?>
<!-- Generated by org.testng.reporters.JUnitReportReporter -->
<testsuite skipped="0" hostname="qa" name="book.UpdateBookTest" tests="3" failures="0" timestamp="17 Aug 2021 14:38:03 GMT" time="0.408" errors="0">
  <testcase name="testUpdateBookThatNotFound" time="0.139" classname="book.UpdateBookTest"/>
  <testcase name="testPositiveUpdateBook" time="0.126" classname="book.UpdateBookTest"/>
  <testcase name="testUpdateBookWithoutBody" time="0.143" classname="book.UpdateBookTest"/>
</testsuite> <!-- book.UpdateBookTest -->
