<?xml version="1.0" encoding="UTF-8"?>
<!-- Generated by org.testng.reporters.JUnitReportReporter -->
<testsuite skipped="0" hostname="qa" name="book.GetBookByAuthorAndGenreTest" tests="5" failures="0" timestamp="18 Aug 2021 13:04:41 GMT" time="0.458" errors="0">
  <testcase name="testSearchBookByGenreBadRequestAndAuthor" time="0.080" classname="book.GetBookByAuthorAndGenreTest"/>
  <testcase name="testSearchBookByGenreThatNotExistAndAuthor" time="0.105" classname="book.GetBookByAuthorAndGenreTest"/>
  <testcase name="testSearchBookByAuthorThatNotExistAndGenre" time="0.102" classname="book.GetBookByAuthorAndGenreTest"/>
  <testcase name="testSearchBookByAuthorBadRequestAndGenre" time="0.080" classname="book.GetBookByAuthorAndGenreTest"/>
  <testcase name="testSearchBookByAuthorAndGenre" time="0.091" classname="book.GetBookByAuthorAndGenreTest"/>
</testsuite> <!-- book.GetBookByAuthorAndGenreTest -->
