<?xml version="1.0" encoding="UTF-8"?>
<!-- Generated by org.testng.reporters.JUnitReportReporter -->
<testsuite skipped="0" hostname="qa" name="book.GetBookByAuthorTest" tests="3" failures="0" timestamp="19 Aug 2021 10:15:27 GMT" time="0.399" errors="0">
  <testcase name="testSearchBookByAuthorThatNotExist" time="0.172" classname="book.GetBookByAuthorTest"/>
  <testcase name="testSearchBookByAuthorBadRequest" time="0.139" classname="book.GetBookByAuthorTest"/>
  <testcase name="testSearchBookByAuthor" time="0.088" classname="book.GetBookByAuthorTest"/>
</testsuite> <!-- book.GetBookByAuthorTest -->
