<?xml version="1.0" encoding="UTF-8"?>
<!-- Generated by org.testng.reporters.JUnitReportReporter -->
<testsuite skipped="0" hostname="qa" name="genre.CreateGenreTest" tests="3" failures="0" timestamp="19 Aug 2021 10:15:27 GMT" time="0.181" errors="0">
  <testcase name="testCreateAuthorWithoutBody" time="0.063" classname="genre.CreateGenreTest"/>
  <testcase name="testCreateAuthorWithExistsId" time="0.088" classname="genre.CreateGenreTest"/>
  <testcase name="testPositiveScenario" time="0.030" classname="genre.CreateGenreTest"/>
</testsuite> <!-- genre.CreateGenreTest -->
