<?xml version="1.0" encoding="UTF-8"?>
<!-- Generated by org.testng.reporters.JUnitReportReporter -->
<testsuite skipped="0" hostname="qa" name="genre.DeleteGenreTest" tests="3" failures="0" timestamp="17 Aug 2021 14:38:03 GMT" time="0.063" errors="0">
  <testcase name="testDeleteGenreNotFound" time="0.025" classname="genre.DeleteGenreTest"/>
  <testcase name="testDeleteGenreBadRequest" time="0.016" classname="genre.DeleteGenreTest"/>
  <testcase name="testDeleteGenreById" time="0.022" classname="genre.DeleteGenreTest"/>
</testsuite> <!-- genre.DeleteGenreTest -->
