<?xml version="1.0" encoding="UTF-8"?>
<!-- Generated by org.testng.reporters.JUnitReportReporter -->
<testsuite skipped="0" hostname="qa" name="genre.GetGenreByAuthorTest" tests="3" failures="0" timestamp="17 Aug 2021 14:38:03 GMT" time="0.263" errors="0">
  <testcase name="testSearchGenreByAuthorBadRequest" time="0.104" classname="genre.GetGenreByAuthorTest"/>
  <testcase name="testSearchGenreByAuthorThatNotExist" time="0.090" classname="genre.GetGenreByAuthorTest"/>
  <testcase name="testSearchGenreByAuthor" time="0.069" classname="genre.GetGenreByAuthorTest"/>
</testsuite> <!-- genre.GetGenreByAuthorTest -->
