<?xml version="1.0" encoding="UTF-8"?>
<!-- Generated by org.testng.reporters.JUnitReportReporter -->
<testsuite skipped="0" hostname="qa" name="book.GetAllBooksTest" tests="3" failures="0" timestamp="19 Aug 2021 10:15:27 GMT" time="0.138" errors="0">
  <testcase name="testGetBooksWithBadPaginationValue" time="0.048" classname="book.GetAllBooksTest"/>
  <testcase name="testGetBooksWithBadPageNumber" time="0.058" classname="book.GetAllBooksTest"/>
  <testcase name="testGetAllBooks" time="0.032" classname="book.GetAllBooksTest"/>
</testsuite> <!-- book.GetAllBooksTest -->
