<?xml version="1.0" encoding="UTF-8"?>
<!-- Generated by org.testng.reporters.JUnitReportReporter -->
<testsuite skipped="0" hostname="qa" name="book.SearchBookTest" tests="3" failures="0" timestamp="17 Aug 2021 14:38:03 GMT" time="3.740" errors="0">
  <testcase name="testSearchBookReturn5Results" time="0.575" classname="book.SearchBookTest"/>
  <testcase name="testSearchBookByName" time="0.594" classname="book.SearchBookTest"/>
  <testcase name="testSearchBookBadRequest" time="2.571" classname="book.SearchBookTest"/>
</testsuite> <!-- book.SearchBookTest -->
