<?xml version="1.0" encoding="UTF-8"?>
<!-- Generated by org.testng.reporters.JUnitReportReporter -->
<testsuite skipped="0" hostname="qa" name="author.CreateAuthorTest" tests="3" failures="0" timestamp="18 Aug 2021 13:04:41 GMT" time="0.113" errors="0">
  <testcase name="testPositiveScenario" time="0.031" classname="author.CreateAuthorTest"/>
  <testcase name="testCreateAuthorWithoutBody" time="0.041" classname="author.CreateAuthorTest"/>
  <testcase name="testCreateAuthorWithExistsId" time="0.041" classname="author.CreateAuthorTest"/>
</testsuite> <!-- author.CreateAuthorTest -->
