<?xml version="1.0" encoding="UTF-8"?>
<!-- Generated by org.testng.reporters.JUnitReportReporter -->
<testsuite skipped="0" hostname="qa" name="author.GetAuthorTest" tests="3" failures="0" timestamp="18 Aug 2021 13:04:41 GMT" time="0.053" errors="0">
  <testcase name="testGetAuthorById" time="0.022" classname="author.GetAuthorTest"/>
  <testcase name="testGetAuthorNotFound" time="0.014" classname="author.GetAuthorTest"/>
  <testcase name="testGetAuthorBadRequest" time="0.017" classname="author.GetAuthorTest"/>
</testsuite> <!-- author.GetAuthorTest -->
