<?xml version="1.0" encoding="UTF-8"?>
<!-- Generated by org.testng.reporters.JUnitReportReporter -->
<testsuite skipped="0" hostname="qa" name="book.GetBookByAuthorAndGenreTest" tests="5" failures="0" timestamp="19 Aug 2021 10:15:27 GMT" time="0.503" errors="0">
  <testcase name="testSearchBookByGenreThatNotExistAndAuthor" time="0.098" classname="book.GetBookByAuthorAndGenreTest"/>
  <testcase name="testSearchBookByAuthorThatNotExistAndGenre" time="0.092" classname="book.GetBookByAuthorAndGenreTest"/>
  <testcase name="testSearchBookByAuthorAndGenre" time="0.115" classname="book.GetBookByAuthorAndGenreTest"/>
  <testcase name="testSearchBookByGenreBadRequestAndAuthor" time="0.112" classname="book.GetBookByAuthorAndGenreTest"/>
  <testcase name="testSearchBookByAuthorBadRequestAndGenre" time="0.086" classname="book.GetBookByAuthorAndGenreTest"/>
</testsuite> <!-- book.GetBookByAuthorAndGenreTest -->
