<?xml version="1.0" encoding="UTF-8"?>
<!-- Generated by org.testng.reporters.JUnitReportReporter -->
<testsuite skipped="0" hostname="qa" name="book.UpdateBookTest" tests="3" failures="0" timestamp="18 Aug 2021 13:04:41 GMT" time="0.323" errors="0">
  <testcase name="testUpdateBookThatNotFound" time="0.130" classname="book.UpdateBookTest"/>
  <testcase name="testUpdateBookWithoutBody" time="0.108" classname="book.UpdateBookTest"/>
  <testcase name="testPositiveUpdateBook" time="0.085" classname="book.UpdateBookTest"/>
</testsuite> <!-- book.UpdateBookTest -->
