<?xml version="1.0" encoding="UTF-8"?>
<!-- Generated by org.testng.reporters.JUnitReportReporter -->
<testsuite skipped="0" hostname="qa" name="book.GetAllBooksTest" tests="3" failures="0" timestamp="16 Aug 2021 14:51:36 GMT" time="0.071" errors="0">
  <testcase name="testGetAllBooks" time="0.031" classname="book.GetAllBooksTest"/>
  <testcase name="testGetBooksWithBadPageNumber" time="0.020" classname="book.GetAllBooksTest"/>
  <testcase name="testGetBooksWithBadPaginationValue" time="0.020" classname="book.GetAllBooksTest"/>
</testsuite> <!-- book.GetAllBooksTest -->
