<?xml version="1.0" encoding="UTF-8"?>
<!-- Generated by org.testng.reporters.JUnitReportReporter -->
<testsuite skipped="0" hostname="qa" name="author.UpdateAuthorTest" tests="3" failures="0" timestamp="19 Aug 2021 10:15:27 GMT" time="0.126" errors="0">
  <testcase name="testPositiveUpdateAuthor" time="0.035" classname="author.UpdateAuthorTest"/>
  <testcase name="testUpdateAuthorWithoutBody" time="0.042" classname="author.UpdateAuthorTest"/>
  <testcase name="testUpdateUserThatNotFound" time="0.049" classname="author.UpdateAuthorTest"/>
</testsuite> <!-- author.UpdateAuthorTest -->
