<?xml version="1.0" encoding="UTF-8"?>
<!-- Generated by org.testng.reporters.JUnitReportReporter -->
<testsuite skipped="0" hostname="qa" name="author.SearchAuthorTest" tests="3" failures="0" timestamp="16 Aug 2021 14:51:36 GMT" time="0.076" errors="0">
  <testcase name="testSearchAuthorByLastName" time="0.023" classname="author.SearchAuthorTest"/>
  <testcase name="testSearchAuthorByFirstName" time="0.022" classname="author.SearchAuthorTest"/>
  <testcase name="testSearchAuthorBadRequest" time="0.031" classname="author.SearchAuthorTest"/>
</testsuite> <!-- author.SearchAuthorTest -->
