<?xml version="1.0" encoding="UTF-8"?>
<!-- Generated by org.testng.reporters.JUnitReportReporter -->
<testsuite skipped="0" hostname="qa" name="book.SearchBookTest" tests="3" failures="0" timestamp="16 Aug 2021 14:51:36 GMT" time="3.430" errors="0">
  <testcase name="testSearchBookByName" time="0.646" classname="book.SearchBookTest"/>
  <testcase name="testSearchBookBadRequest" time="2.308" classname="book.SearchBookTest"/>
  <testcase name="testSearchBookReturn5Results" time="0.476" classname="book.SearchBookTest"/>
</testsuite> <!-- book.SearchBookTest -->
