<?xml version="1.0" encoding="UTF-8"?>
<!-- Generated by org.testng.reporters.JUnitReportReporter -->
<testsuite skipped="0" hostname="qa" name="author.DeleteAuthorTest" tests="3" failures="0" timestamp="17 Aug 2021 14:38:03 GMT" time="0.099" errors="0">
  <testcase name="testDeleteAuthorBadRequest" time="0.037" classname="author.DeleteAuthorTest"/>
  <testcase name="testDeleteAuthorNotFound" time="0.021" classname="author.DeleteAuthorTest"/>
  <testcase name="testDeleteAuthorById" time="0.041" classname="author.DeleteAuthorTest"/>
</testsuite> <!-- author.DeleteAuthorTest -->
