<?xml version="1.0" encoding="UTF-8"?>
<!-- Generated by org.testng.reporters.JUnitReportReporter -->
<testsuite skipped="0" hostname="qa" name="book.GetAllBooksTest" tests="3" failures="0" timestamp="18 Aug 2021 13:04:41 GMT" time="0.087" errors="0">
  <testcase name="testGetBooksWithBadPageNumber" time="0.035" classname="book.GetAllBooksTest"/>
  <testcase name="testGetBooksWithBadPaginationValue" time="0.035" classname="book.GetAllBooksTest"/>
  <testcase name="testGetAllBooks" time="0.017" classname="book.GetAllBooksTest"/>
</testsuite> <!-- book.GetAllBooksTest -->
