<?xml version="1.0" encoding="UTF-8"?>
<!-- Generated by org.testng.reporters.JUnitReportReporter -->
<testsuite skipped="0" hostname="qa" name="genre.SearchGenreTest" tests="2" failures="0" timestamp="18 Aug 2021 13:04:41 GMT" time="0.043" errors="0">
  <testcase name="testSearchGenreByName" time="0.014" classname="genre.SearchGenreTest"/>
  <testcase name="testSearchGenreBadRequest" time="0.029" classname="genre.SearchGenreTest"/>
</testsuite> <!-- genre.SearchGenreTest -->
