<?xml version="1.0" encoding="UTF-8"?>
<!-- Generated by org.testng.reporters.JUnitReportReporter -->
<testsuite skipped="0" hostname="qa" name="book.GetBookTest" tests="3" failures="0" timestamp="19 Aug 2021 10:15:27 GMT" time="0.162" errors="0">
  <testcase name="testGetBookBadRequest" time="0.026" classname="book.GetBookTest"/>
  <testcase name="testGetBookNotFound" time="0.035" classname="book.GetBookTest"/>
  <testcase name="testGetBookById" time="0.101" classname="book.GetBookTest"/>
</testsuite> <!-- book.GetBookTest -->
