<?xml version="1.0" encoding="UTF-8"?>
<!-- Generated by org.testng.reporters.JUnitReportReporter -->
<testsuite skipped="0" hostname="qa" name="genre.UpdateGenreTest" tests="3" failures="0" timestamp="19 Aug 2021 10:15:27 GMT" time="0.134" errors="0">
  <testcase name="testUpdateGenreWithoutBody" time="0.057" classname="genre.UpdateGenreTest"/>
  <testcase name="testUpdateGenreThatNotFound" time="0.044" classname="genre.UpdateGenreTest"/>
  <testcase name="testPositiveUpdateGenre" time="0.033" classname="genre.UpdateGenreTest"/>
</testsuite> <!-- genre.UpdateGenreTest -->
