<?xml version="1.0" encoding="UTF-8"?>
<!-- Generated by org.testng.reporters.JUnitReportReporter -->
<testsuite skipped="0" hostname="qa" name="author.GetAuthorByBookTest" tests="3" failures="0" timestamp="18 Aug 2021 13:04:41 GMT" time="0.217" errors="0">
  <testcase name="testSearchAuthorByBookBadRequest" time="0.066" classname="author.GetAuthorByBookTest"/>
  <testcase name="testSearchAuthorByBook" time="0.078" classname="author.GetAuthorByBookTest"/>
  <testcase name="testSearchAuthorByBookThatNotExist" time="0.073" classname="author.GetAuthorByBookTest"/>
</testsuite> <!-- author.GetAuthorByBookTest -->
