<?xml version="1.0" encoding="UTF-8"?>
<!-- Generated by org.testng.reporters.JUnitReportReporter -->
<testsuite skipped="0" hostname="qa" name="author.GetAuthorByBookTest" tests="3" failures="0" timestamp="17 Aug 2021 14:38:03 GMT" time="0.257" errors="0">
  <testcase name="testSearchAuthorByBookBadRequest" time="0.103" classname="author.GetAuthorByBookTest"/>
  <testcase name="testSearchAuthorByBookThatNotExist" time="0.073" classname="author.GetAuthorByBookTest"/>
  <testcase name="testSearchAuthorByBook" time="0.081" classname="author.GetAuthorByBookTest"/>
</testsuite> <!-- author.GetAuthorByBookTest -->
