<?xml version="1.0" encoding="UTF-8"?>
<!-- Generated by org.testng.reporters.JUnitReportReporter -->
<testsuite skipped="0" hostname="qa" name="author.UpdateAuthorTest" tests="3" failures="0" timestamp="16 Aug 2021 14:51:36 GMT" time="0.082" errors="0">
  <testcase name="testUpdateUserThatNotFound" time="0.033" classname="author.UpdateAuthorTest"/>
  <testcase name="testPositiveUpdateAuthor" time="0.020" classname="author.UpdateAuthorTest"/>
  <testcase name="testUpdateAuthorWithoutBody" time="0.029" classname="author.UpdateAuthorTest"/>
</testsuite> <!-- author.UpdateAuthorTest -->
