<?xml version="1.0" encoding="UTF-8"?>
<!-- Generated by org.testng.reporters.JUnitReportReporter -->
<testsuite skipped="0" hostname="qa" name="book.CreateBookTest" tests="3" failures="0" timestamp="19 Aug 2021 10:15:27 GMT" time="0.443" errors="0">
  <testcase name="testCreateAuthorWithoutBody" time="0.080" classname="book.CreateBookTest"/>
  <testcase name="testCreateAuthorWithExistsId" time="0.181" classname="book.CreateBookTest"/>
  <testcase name="testPositiveScenario" time="0.182" classname="book.CreateBookTest"/>
</testsuite> <!-- book.CreateBookTest -->
