<?xml version="1.0" encoding="UTF-8"?>
<!-- Generated by org.testng.reporters.JUnitReportReporter -->
<testsuite skipped="0" hostname="qa" name="book.UpdateBookTest" tests="3" failures="0" timestamp="19 Aug 2021 10:15:27 GMT" time="0.421" errors="0">
  <testcase name="testPositiveUpdateBook" time="0.095" classname="book.UpdateBookTest"/>
  <testcase name="testUpdateBookWithoutBody" time="0.181" classname="book.UpdateBookTest"/>
  <testcase name="testUpdateBookThatNotFound" time="0.145" classname="book.UpdateBookTest"/>
</testsuite> <!-- book.UpdateBookTest -->
