<?xml version="1.0" encoding="UTF-8"?>
<!-- Generated by org.testng.reporters.JUnitReportReporter -->
<testsuite skipped="0" hostname="qa" name="author.SearchAuthorTest" tests="3" failures="0" timestamp="17 Aug 2021 14:38:03 GMT" time="0.105" errors="0">
  <testcase name="testSearchAuthorBadRequest" time="0.041" classname="author.SearchAuthorTest"/>
  <testcase name="testSearchAuthorByFirstName" time="0.028" classname="author.SearchAuthorTest"/>
  <testcase name="testSearchAuthorByLastName" time="0.036" classname="author.SearchAuthorTest"/>
</testsuite> <!-- author.SearchAuthorTest -->
