<?xml version="1.0" encoding="UTF-8"?>
<!-- Generated by org.testng.reporters.JUnitReportReporter -->
<testsuite skipped="0" hostname="qa" name="genre.GetGenreByAuthorTest" tests="3" failures="0" timestamp="18 Aug 2021 13:04:41 GMT" time="0.187" errors="0">
  <testcase name="testSearchGenreByAuthorThatNotExist" time="0.071" classname="genre.GetGenreByAuthorTest"/>
  <testcase name="testSearchGenreByAuthorBadRequest" time="0.066" classname="genre.GetGenreByAuthorTest"/>
  <testcase name="testSearchGenreByAuthor" time="0.050" classname="genre.GetGenreByAuthorTest"/>
</testsuite> <!-- genre.GetGenreByAuthorTest -->
