<?xml version="1.0" encoding="UTF-8"?>
<!-- Generated by org.testng.reporters.JUnitReportReporter -->
<testsuite skipped="0" hostname="qa" name="book.GetBookByAuthorTest" tests="3" failures="0" timestamp="17 Aug 2021 14:38:03 GMT" time="0.367" errors="0">
  <testcase name="testSearchBookByAuthorBadRequest" time="0.120" classname="book.GetBookByAuthorTest"/>
  <testcase name="testSearchBookByAuthor" time="0.129" classname="book.GetBookByAuthorTest"/>
  <testcase name="testSearchBookByAuthorThatNotExist" time="0.118" classname="book.GetBookByAuthorTest"/>
</testsuite> <!-- book.GetBookByAuthorTest -->
