<?xml version="1.0" encoding="UTF-8"?>
<!-- Generated by org.testng.reporters.JUnitReportReporter -->
<testsuite skipped="0" hostname="qa" name="author.GetAllAuthorsTest" tests="3" failures="0" timestamp="18 Aug 2021 13:04:41 GMT" time="0.092" errors="0">
  <testcase name="testGetAuthorsWithBadPageNumber" time="0.015" classname="author.GetAllAuthorsTest"/>
  <testcase name="testGetAllAuthors" time="0.060" classname="author.GetAllAuthorsTest"/>
  <testcase name="testGetAuthorsWithBadPaginationValue" time="0.017" classname="author.GetAllAuthorsTest"/>
</testsuite> <!-- author.GetAllAuthorsTest -->
