<?xml version="1.0" encoding="UTF-8"?>
<!-- Generated by org.testng.reporters.JUnitReportReporter -->
<testsuite skipped="0" hostname="qa" name="genre.GetGenreByAuthorTest" tests="3" failures="0" timestamp="19 Aug 2021 10:15:27 GMT" time="0.350" errors="0">
  <testcase name="testSearchGenreByAuthor" time="0.112" classname="genre.GetGenreByAuthorTest"/>
  <testcase name="testSearchGenreByAuthorThatNotExist" time="0.099" classname="genre.GetGenreByAuthorTest"/>
  <testcase name="testSearchGenreByAuthorBadRequest" time="0.139" classname="genre.GetGenreByAuthorTest"/>
</testsuite> <!-- genre.GetGenreByAuthorTest -->
