<?xml version="1.0" encoding="UTF-8"?>
<!-- Generated by org.testng.reporters.JUnitReportReporter -->
<testsuite skipped="0" hostname="qa" name="book.UpdateBookTest" tests="3" failures="0" timestamp="16 Aug 2021 14:51:36 GMT" time="0.323" errors="0">
  <testcase name="testUpdateBookThatNotFound" time="0.121" classname="book.UpdateBookTest"/>
  <testcase name="testUpdateBookWithoutBody" time="0.118" classname="book.UpdateBookTest"/>
  <testcase name="testPositiveUpdateBook" time="0.084" classname="book.UpdateBookTest"/>
</testsuite> <!-- book.UpdateBookTest -->
