<?xml version="1.0" encoding="UTF-8"?>
<!-- Generated by org.testng.reporters.JUnitReportReporter -->
<testsuite skipped="0" hostname="qa" name="genre.UpdateGenreTest" tests="3" failures="0" timestamp="18 Aug 2021 13:04:41 GMT" time="0.084" errors="0">
  <testcase name="testPositiveUpdateGenre" time="0.025" classname="genre.UpdateGenreTest"/>
  <testcase name="testUpdateGenreThatNotFound" time="0.029" classname="genre.UpdateGenreTest"/>
  <testcase name="testUpdateGenreWithoutBody" time="0.030" classname="genre.UpdateGenreTest"/>
</testsuite> <!-- genre.UpdateGenreTest -->
