<?xml version="1.0" encoding="UTF-8"?>
<!-- Generated by org.testng.reporters.JUnitReportReporter -->
<testsuite skipped="0" hostname="qa" name="author.GetAuthorTest" tests="3" failures="0" timestamp="19 Aug 2021 10:15:27 GMT" time="0.062" errors="0">
  <testcase name="testGetAuthorNotFound" time="0.018" classname="author.GetAuthorTest"/>
  <testcase name="testGetAuthorById" time="0.025" classname="author.GetAuthorTest"/>
  <testcase name="testGetAuthorBadRequest" time="0.019" classname="author.GetAuthorTest"/>
</testsuite> <!-- author.GetAuthorTest -->
