<?xml version="1.0" encoding="UTF-8"?>
<!-- Generated by org.testng.reporters.JUnitReportReporter -->
<testsuite skipped="0" hostname="qa" name="genre.GetAllGenresTest" tests="3" failures="0" timestamp="19 Aug 2021 10:15:27 GMT" time="0.084" errors="0">
  <testcase name="testGetAllGenres" time="0.013" classname="genre.GetAllGenresTest"/>
  <testcase name="testGetGenresWithBadPaginationValue" time="0.037" classname="genre.GetAllGenresTest"/>
  <testcase name="testGetGenresWithBadPageNumber" time="0.034" classname="genre.GetAllGenresTest"/>
</testsuite> <!-- genre.GetAllGenresTest -->
