<?xml version="1.0" encoding="UTF-8"?>
<!-- Generated by org.testng.reporters.JUnitReportReporter -->
<testsuite skipped="0" hostname="qa" name="genre.GetGenreTest" tests="3" failures="0" timestamp="16 Aug 2021 14:51:36 GMT" time="0.076" errors="0">
  <testcase name="testGetGenreBadRequest" time="0.039" classname="genre.GetGenreTest"/>
  <testcase name="testGetGenreNotFound" time="0.018" classname="genre.GetGenreTest"/>
  <testcase name="testGetGenreById" time="0.019" classname="genre.GetGenreTest"/>
</testsuite> <!-- genre.GetGenreTest -->
