<?xml version="1.0" encoding="UTF-8"?>
<!-- Generated by org.testng.reporters.JUnitReportReporter -->
<testsuite skipped="0" hostname="qa" name="author.CreateAuthorTest" tests="3" failures="0" timestamp="17 Aug 2021 14:38:03 GMT" time="0.099" errors="0">
  <testcase name="testCreateAuthorWithExistsId" time="0.042" classname="author.CreateAuthorTest"/>
  <testcase name="testCreateAuthorWithoutBody" time="0.037" classname="author.CreateAuthorTest"/>
  <testcase name="testPositiveScenario" time="0.020" classname="author.CreateAuthorTest"/>
</testsuite> <!-- author.CreateAuthorTest -->
