<?xml version="1.0" encoding="UTF-8"?>
<!-- Generated by org.testng.reporters.JUnitReportReporter -->
<testsuite skipped="0" hostname="qa" name="author.DeleteAuthorTest" tests="3" failures="0" timestamp="16 Aug 2021 14:51:36 GMT" time="0.065" errors="0">
  <testcase name="testDeleteAuthorById" time="0.025" classname="author.DeleteAuthorTest"/>
  <testcase name="testDeleteAuthorNotFound" time="0.020" classname="author.DeleteAuthorTest"/>
  <testcase name="testDeleteAuthorBadRequest" time="0.020" classname="author.DeleteAuthorTest"/>
</testsuite> <!-- author.DeleteAuthorTest -->
