<?xml version="1.0" encoding="UTF-8"?>
<!-- Generated by org.testng.reporters.JUnitReportReporter -->
<testsuite skipped="0" hostname="qa" name="author.CreateAuthorTest" tests="3" failures="0" timestamp="16 Aug 2021 14:51:36 GMT" time="0.105" errors="0">
  <testcase name="testPositiveScenario" time="0.024" classname="author.CreateAuthorTest"/>
  <testcase name="testCreateAuthorWithoutBody" time="0.035" classname="author.CreateAuthorTest"/>
  <testcase name="testCreateAuthorWithExistsId" time="0.046" classname="author.CreateAuthorTest"/>
</testsuite> <!-- author.CreateAuthorTest -->
