<?xml version="1.0" encoding="UTF-8"?>
<!-- Generated by org.testng.reporters.JUnitReportReporter -->
<testsuite skipped="0" hostname="qa" name="book.GetBookByAuthorTest" tests="3" failures="0" timestamp="18 Aug 2021 13:04:41 GMT" time="0.401" errors="0">
  <testcase name="testSearchBookByAuthorBadRequest" time="0.178" classname="book.GetBookByAuthorTest"/>
  <testcase name="testSearchBookByAuthor" time="0.077" classname="book.GetBookByAuthorTest"/>
  <testcase name="testSearchBookByAuthorThatNotExist" time="0.146" classname="book.GetBookByAuthorTest"/>
</testsuite> <!-- book.GetBookByAuthorTest -->
