<?xml version="1.0" encoding="UTF-8"?>
<!-- Generated by org.testng.reporters.JUnitReportReporter -->
<testsuite skipped="0" hostname="qa" name="book.CreateBookTest" tests="3" failures="0" timestamp="18 Aug 2021 13:04:41 GMT" time="0.381" errors="0">
  <testcase name="testCreateAuthorWithExistsId" time="0.091" classname="book.CreateBookTest"/>
  <testcase name="testPositiveScenario" time="0.162" classname="book.CreateBookTest"/>
  <testcase name="testCreateAuthorWithoutBody" time="0.128" classname="book.CreateBookTest"/>
</testsuite> <!-- book.CreateBookTest -->
