<?xml version="1.0" encoding="UTF-8"?>
<!-- Generated by org.testng.reporters.JUnitReportReporter -->
<testsuite skipped="0" hostname="qa" name="genre.SearchGenreTest" tests="2" failures="0" timestamp="17 Aug 2021 14:38:03 GMT" time="0.049" errors="0">
  <testcase name="testSearchGenreByName" time="0.014" classname="genre.SearchGenreTest"/>
  <testcase name="testSearchGenreBadRequest" time="0.035" classname="genre.SearchGenreTest"/>
</testsuite> <!-- genre.SearchGenreTest -->
