<?xml version="1.0" encoding="UTF-8"?>
<!-- Generated by org.testng.reporters.JUnitReportReporter -->
<testsuite skipped="0" hostname="qa" name="author.GetAuthorTest" tests="3" failures="0" timestamp="17 Aug 2021 14:38:03 GMT" time="0.062" errors="0">
  <testcase name="testGetAuthorById" time="0.028" classname="author.GetAuthorTest"/>
  <testcase name="testGetAuthorNotFound" time="0.017" classname="author.GetAuthorTest"/>
  <testcase name="testGetAuthorBadRequest" time="0.017" classname="author.GetAuthorTest"/>
</testsuite> <!-- author.GetAuthorTest -->
