<?xml version="1.0" encoding="UTF-8"?>
<!-- Generated by org.testng.reporters.JUnitReportReporter -->
<testsuite skipped="0" hostname="qa" name="book.GetBookByAuthorTest" tests="3" failures="0" timestamp="16 Aug 2021 14:51:36 GMT" time="0.253" errors="0">
  <testcase name="testSearchBookByAuthorThatNotExist" time="0.090" classname="book.GetBookByAuthorTest"/>
  <testcase name="testSearchBookByAuthor" time="0.072" classname="book.GetBookByAuthorTest"/>
  <testcase name="testSearchBookByAuthorBadRequest" time="0.091" classname="book.GetBookByAuthorTest"/>
</testsuite> <!-- book.GetBookByAuthorTest -->
