<?xml version="1.0" encoding="UTF-8"?>
<!-- Generated by org.testng.reporters.JUnitReportReporter -->
<testsuite skipped="0" hostname="qa" name="author.GetAuthorByGenreTest" tests="3" failures="0" timestamp="19 Aug 2021 10:15:27 GMT" time="0.287" errors="0">
  <testcase name="testSearchAuthorByGenreThatNotExist" time="0.122" classname="author.GetAuthorByGenreTest"/>
  <testcase name="testSearchAuthorByGenre" time="0.051" classname="author.GetAuthorByGenreTest"/>
  <testcase name="testSearchAuthorByGenreBadRequest" time="0.114" classname="author.GetAuthorByGenreTest"/>
</testsuite> <!-- author.GetAuthorByGenreTest -->
