<?xml version="1.0" encoding="UTF-8"?>
<!-- Generated by org.testng.reporters.JUnitReportReporter -->
<testsuite skipped="0" hostname="qa" name="genre.GetGenreTest" tests="3" failures="0" timestamp="18 Aug 2021 13:04:41 GMT" time="0.058" errors="0">
  <testcase name="testGetGenreBadRequest" time="0.016" classname="genre.GetGenreTest"/>
  <testcase name="testGetGenreById" time="0.020" classname="genre.GetGenreTest"/>
  <testcase name="testGetGenreNotFound" time="0.022" classname="genre.GetGenreTest"/>
</testsuite> <!-- genre.GetGenreTest -->
