<?xml version="1.0" encoding="UTF-8"?>
<!-- Generated by org.testng.reporters.JUnitReportReporter -->
<testsuite skipped="0" hostname="qa" name="genre.GetAllGenresTest" tests="3" failures="0" timestamp="16 Aug 2021 14:51:36 GMT" time="0.057" errors="0">
  <testcase name="testGetGenresWithBadPageNumber" time="0.022" classname="genre.GetAllGenresTest"/>
  <testcase name="testGetAllGenres" time="0.018" classname="genre.GetAllGenresTest"/>
  <testcase name="testGetGenresWithBadPaginationValue" time="0.017" classname="genre.GetAllGenresTest"/>
</testsuite> <!-- genre.GetAllGenresTest -->
