<?xml version="1.0" encoding="UTF-8"?>
<!-- Generated by org.testng.reporters.JUnitReportReporter -->
<testsuite skipped="0" hostname="qa" name="genre.GetAllGenresTest" tests="3" failures="0" timestamp="17 Aug 2021 14:38:03 GMT" time="0.071" errors="0">
  <testcase name="testGetGenresWithBadPageNumber" time="0.026" classname="genre.GetAllGenresTest"/>
  <testcase name="testGetGenresWithBadPaginationValue" time="0.034" classname="genre.GetAllGenresTest"/>
  <testcase name="testGetAllGenres" time="0.011" classname="genre.GetAllGenresTest"/>
</testsuite> <!-- genre.GetAllGenresTest -->
