<?xml version="1.0" encoding="UTF-8"?>
<!-- Generated by org.testng.reporters.JUnitReportReporter -->
<testsuite skipped="0" hostname="qa" name="book.GetBookTest" tests="3" failures="0" timestamp="18 Aug 2021 13:04:41 GMT" time="0.262" errors="0">
  <testcase name="testGetBookNotFound" time="0.034" classname="book.GetBookTest"/>
  <testcase name="testGetBookById" time="0.191" classname="book.GetBookTest"/>
  <testcase name="testGetBookBadRequest" time="0.037" classname="book.GetBookTest"/>
</testsuite> <!-- book.GetBookTest -->
