<?xml version="1.0" encoding="UTF-8"?>
<!-- Generated by org.testng.reporters.JUnitReportReporter -->
<testsuite skipped="0" hostname="qa" name="genre.GetAllGenresTest" tests="3" failures="0" timestamp="18 Aug 2021 13:04:41 GMT" time="0.052" errors="0">
  <testcase name="testGetAllGenres" time="0.016" classname="genre.GetAllGenresTest"/>
  <testcase name="testGetGenresWithBadPageNumber" time="0.018" classname="genre.GetAllGenresTest"/>
  <testcase name="testGetGenresWithBadPaginationValue" time="0.018" classname="genre.GetAllGenresTest"/>
</testsuite> <!-- genre.GetAllGenresTest -->
