<?xml version="1.0" encoding="UTF-8"?>
<!-- Generated by org.testng.reporters.JUnitReportReporter -->
<testsuite skipped="0" hostname="qa" name="genre.UpdateGenreTest" tests="3" failures="0" timestamp="16 Aug 2021 14:51:36 GMT" time="0.166" errors="0">
  <testcase name="testPositiveUpdateGenre" time="0.030" classname="genre.UpdateGenreTest"/>
  <testcase name="testUpdateGenreThatNotFound" time="0.072" classname="genre.UpdateGenreTest"/>
  <testcase name="testUpdateGenreWithoutBody" time="0.064" classname="genre.UpdateGenreTest"/>
</testsuite> <!-- genre.UpdateGenreTest -->
