<?xml version="1.0" encoding="UTF-8"?>
<!-- Generated by org.testng.reporters.JUnitReportReporter -->
<testsuite skipped="0" hostname="qa" name="genre.GetGenreByAuthorTest" tests="3" failures="0" timestamp="16 Aug 2021 14:51:36 GMT" time="0.244" errors="0">
  <testcase name="testSearchGenreByAuthorThatNotExist" time="0.070" classname="genre.GetGenreByAuthorTest"/>
  <testcase name="testSearchGenreByAuthorBadRequest" time="0.097" classname="genre.GetGenreByAuthorTest"/>
  <testcase name="testSearchGenreByAuthor" time="0.077" classname="genre.GetGenreByAuthorTest"/>
</testsuite> <!-- genre.GetGenreByAuthorTest -->
