<?xml version="1.0" encoding="UTF-8"?>
<!-- Generated by org.testng.reporters.JUnitReportReporter -->
<testsuite skipped="0" hostname="qa" name="book.GetBookByAuthorAndGenreTest" tests="5" failures="0" timestamp="17 Aug 2021 14:38:03 GMT" time="0.458" errors="0">
  <testcase name="testSearchBookByGenreThatNotExistAndAuthor" time="0.085" classname="book.GetBookByAuthorAndGenreTest"/>
  <testcase name="testSearchBookByAuthorAndGenre" time="0.064" classname="book.GetBookByAuthorAndGenreTest"/>
  <testcase name="testSearchBookByAuthorBadRequestAndGenre" time="0.116" classname="book.GetBookByAuthorAndGenreTest"/>
  <testcase name="testSearchBookByGenreBadRequestAndAuthor" time="0.088" classname="book.GetBookByAuthorAndGenreTest"/>
  <testcase name="testSearchBookByAuthorThatNotExistAndGenre" time="0.105" classname="book.GetBookByAuthorAndGenreTest"/>
</testsuite> <!-- book.GetBookByAuthorAndGenreTest -->
