<?xml version="1.0" encoding="UTF-8"?>
<!-- Generated by org.testng.reporters.JUnitReportReporter -->
<testsuite skipped="0" hostname="qa" name="genre.CreateGenreTest" tests="3" failures="0" timestamp="18 Aug 2021 13:04:41 GMT" time="0.092" errors="0">
  <testcase name="testCreateAuthorWithExistsId" time="0.036" classname="genre.CreateGenreTest"/>
  <testcase name="testCreateAuthorWithoutBody" time="0.039" classname="genre.CreateGenreTest"/>
  <testcase name="testPositiveScenario" time="0.017" classname="genre.CreateGenreTest"/>
</testsuite> <!-- genre.CreateGenreTest -->
