<?xml version="1.0" encoding="UTF-8"?>
<!-- Generated by org.testng.reporters.JUnitReportReporter -->
<testsuite skipped="0" hostname="qa" name="genre.GetGenreTest" tests="3" failures="0" timestamp="17 Aug 2021 14:38:03 GMT" time="0.066" errors="0">
  <testcase name="testGetGenreBadRequest" time="0.025" classname="genre.GetGenreTest"/>
  <testcase name="testGetGenreNotFound" time="0.018" classname="genre.GetGenreTest"/>
  <testcase name="testGetGenreById" time="0.023" classname="genre.GetGenreTest"/>
</testsuite> <!-- genre.GetGenreTest -->
