<?xml version="1.0" encoding="UTF-8"?>
<!-- Generated by org.testng.reporters.JUnitReportReporter -->
<testsuite skipped="0" hostname="qa" name="author.CreateAuthorTest" tests="3" failures="0" timestamp="19 Aug 2021 10:15:27 GMT" time="0.097" errors="0">
  <testcase name="testCreateAuthorWithExistsId" time="0.033" classname="author.CreateAuthorTest"/>
  <testcase name="testPositiveScenario" time="0.019" classname="author.CreateAuthorTest"/>
  <testcase name="testCreateAuthorWithoutBody" time="0.045" classname="author.CreateAuthorTest"/>
</testsuite> <!-- author.CreateAuthorTest -->
