<?xml version="1.0" encoding="UTF-8"?>
<!-- Generated by org.testng.reporters.JUnitReportReporter -->
<testsuite skipped="0" hostname="qa" name="book.DeleteBookTest" tests="3" failures="0" timestamp="16 Aug 2021 14:51:36 GMT" time="0.774" errors="0">
  <testcase name="testDeleteBookBadRequest" time="0.668" classname="book.DeleteBookTest"/>
  <testcase name="testDeleteBookById" time="0.082" classname="book.DeleteBookTest"/>
  <testcase name="testDeleteBookNotFound" time="0.024" classname="book.DeleteBookTest"/>
</testsuite> <!-- book.DeleteBookTest -->
