<?xml version="1.0" encoding="UTF-8"?>
<!-- Generated by org.testng.reporters.JUnitReportReporter -->
<testsuite skipped="0" hostname="qa" name="author.GetAuthorByGenreTest" tests="3" failures="0" timestamp="16 Aug 2021 14:51:36 GMT" time="0.295" errors="0">
  <testcase name="testSearchAuthorByGenreThatNotExist" time="0.094" classname="author.GetAuthorByGenreTest"/>
  <testcase name="testSearchAuthorByGenreBadRequest" time="0.109" classname="author.GetAuthorByGenreTest"/>
  <testcase name="testSearchAuthorByGenre" time="0.092" classname="author.GetAuthorByGenreTest"/>
</testsuite> <!-- author.GetAuthorByGenreTest -->
