<?xml version="1.0" encoding="UTF-8"?>
<!-- Generated by org.testng.reporters.JUnitReportReporter -->
<testsuite skipped="0" hostname="qa" name="book.CreateBookTest" tests="3" failures="0" timestamp="17 Aug 2021 14:38:03 GMT" time="0.287" errors="0">
  <testcase name="testCreateAuthorWithoutBody" time="0.074" classname="book.CreateBookTest"/>
  <testcase name="testCreateAuthorWithExistsId" time="0.105" classname="book.CreateBookTest"/>
  <testcase name="testPositiveScenario" time="0.108" classname="book.CreateBookTest"/>
</testsuite> <!-- book.CreateBookTest -->
