<?xml version="1.0" encoding="UTF-8"?>
<!-- Generated by org.testng.reporters.JUnitReportReporter -->
<testsuite skipped="0" hostname="qa" name="book.DeleteBookTest" tests="3" failures="0" timestamp="17 Aug 2021 14:38:03 GMT" time="0.637" errors="0">
  <testcase name="testDeleteBookById" time="0.073" classname="book.DeleteBookTest"/>
  <testcase name="testDeleteBookNotFound" time="0.029" classname="book.DeleteBookTest"/>
  <testcase name="testDeleteBookBadRequest" time="0.535" classname="book.DeleteBookTest"/>
</testsuite> <!-- book.DeleteBookTest -->
