<?xml version="1.0" encoding="UTF-8"?>
<!-- Generated by org.testng.reporters.JUnitReportReporter -->
<testsuite skipped="0" hostname="qa" name="book.GetBookByAuthorAndGenreTest" tests="5" failures="0" timestamp="16 Aug 2021 14:51:36 GMT" time="0.522" errors="0">
  <testcase name="testSearchBookByAuthorBadRequestAndGenre" time="0.140" classname="book.GetBookByAuthorAndGenreTest"/>
  <testcase name="testSearchBookByAuthorThatNotExistAndGenre" time="0.090" classname="book.GetBookByAuthorAndGenreTest"/>
  <testcase name="testSearchBookByAuthorAndGenre" time="0.103" classname="book.GetBookByAuthorAndGenreTest"/>
  <testcase name="testSearchBookByGenreBadRequestAndAuthor" time="0.099" classname="book.GetBookByAuthorAndGenreTest"/>
  <testcase name="testSearchBookByGenreThatNotExistAndAuthor" time="0.090" classname="book.GetBookByAuthorAndGenreTest"/>
</testsuite> <!-- book.GetBookByAuthorAndGenreTest -->
