<?xml version="1.0" encoding="UTF-8"?>
<!-- Generated by org.testng.reporters.JUnitReportReporter -->
<testsuite skipped="0" hostname="qa" name="book.SearchBookTest" tests="3" failures="0" timestamp="19 Aug 2021 10:15:27 GMT" time="4.017" errors="0">
  <testcase name="testSearchBookByName" time="0.438" classname="book.SearchBookTest"/>
  <testcase name="testSearchBookBadRequest" time="2.741" classname="book.SearchBookTest"/>
  <testcase name="testSearchBookReturn5Results" time="0.838" classname="book.SearchBookTest"/>
</testsuite> <!-- book.SearchBookTest -->
