<?xml version="1.0" encoding="UTF-8"?>
<!-- Generated by org.testng.reporters.JUnitReportReporter -->
<testsuite skipped="0" hostname="qa" name="author.GetAuthorByGenreTest" tests="3" failures="0" timestamp="18 Aug 2021 13:04:41 GMT" time="0.238" errors="0">
  <testcase name="testSearchAuthorByGenreThatNotExist" time="0.111" classname="author.GetAuthorByGenreTest"/>
  <testcase name="testSearchAuthorByGenreBadRequest" time="0.075" classname="author.GetAuthorByGenreTest"/>
  <testcase name="testSearchAuthorByGenre" time="0.052" classname="author.GetAuthorByGenreTest"/>
</testsuite> <!-- author.GetAuthorByGenreTest -->
