<?xml version="1.0" encoding="UTF-8"?>
<!-- Generated by org.testng.reporters.JUnitReportReporter -->
<testsuite skipped="0" hostname="qa" name="genre.SearchGenreTest" tests="2" failures="0" timestamp="16 Aug 2021 14:51:36 GMT" time="0.052" errors="0">
  <testcase name="testSearchGenreByName" time="0.030" classname="genre.SearchGenreTest"/>
  <testcase name="testSearchGenreBadRequest" time="0.022" classname="genre.SearchGenreTest"/>
</testsuite> <!-- genre.SearchGenreTest -->
