<?xml version="1.0" encoding="UTF-8"?>
<!-- Generated by org.testng.reporters.JUnitReportReporter -->
<testsuite skipped="0" hostname="qa" name="author.UpdateAuthorTest" tests="3" failures="0" timestamp="18 Aug 2021 13:04:41 GMT" time="0.187" errors="0">
  <testcase name="testUpdateUserThatNotFound" time="0.061" classname="author.UpdateAuthorTest"/>
  <testcase name="testUpdateAuthorWithoutBody" time="0.074" classname="author.UpdateAuthorTest"/>
  <testcase name="testPositiveUpdateAuthor" time="0.052" classname="author.UpdateAuthorTest"/>
</testsuite> <!-- author.UpdateAuthorTest -->
