<?xml version="1.0" encoding="UTF-8"?>
<!-- Generated by org.testng.reporters.JUnitReportReporter -->
<testsuite skipped="0" hostname="qa" name="book.GetBookTest" tests="3" failures="0" timestamp="16 Aug 2021 14:51:36 GMT" time="0.146" errors="0">
  <testcase name="testGetBookById" time="0.092" classname="book.GetBookTest"/>
  <testcase name="testGetBookBadRequest" time="0.022" classname="book.GetBookTest"/>
  <testcase name="testGetBookNotFound" time="0.032" classname="book.GetBookTest"/>
</testsuite> <!-- book.GetBookTest -->
