<?xml version="1.0" encoding="UTF-8"?>
<!-- Generated by org.testng.reporters.JUnitReportReporter -->
<testsuite skipped="0" hostname="qa" name="author.GetAllAuthorsTest" tests="3" failures="0" timestamp="17 Aug 2021 14:38:03 GMT" time="0.073" errors="0">
  <testcase name="testGetAllAuthors" time="0.026" classname="author.GetAllAuthorsTest"/>
  <testcase name="testGetAuthorsWithBadPageNumber" time="0.020" classname="author.GetAllAuthorsTest"/>
  <testcase name="testGetAuthorsWithBadPaginationValue" time="0.027" classname="author.GetAllAuthorsTest"/>
</testsuite> <!-- author.GetAllAuthorsTest -->
