<?xml version="1.0" encoding="UTF-8"?>
<!-- Generated by org.testng.reporters.JUnitReportReporter -->
<testsuite skipped="0" hostname="qa" name="book.GetBookTest" tests="3" failures="0" timestamp="17 Aug 2021 14:38:03 GMT" time="0.284" errors="0">
  <testcase name="testGetBookBadRequest" time="0.027" classname="book.GetBookTest"/>
  <testcase name="testGetBookById" time="0.215" classname="book.GetBookTest"/>
  <testcase name="testGetBookNotFound" time="0.042" classname="book.GetBookTest"/>
</testsuite> <!-- book.GetBookTest -->
