<?xml version="1.0" encoding="UTF-8"?>
<!-- Generated by org.testng.reporters.JUnitReportReporter -->
<testsuite skipped="0" hostname="qa" name="genre.CreateGenreTest" tests="3" failures="0" timestamp="17 Aug 2021 14:38:03 GMT" time="0.118" errors="0">
  <testcase name="testCreateAuthorWithExistsId" time="0.042" classname="genre.CreateGenreTest"/>
  <testcase name="testCreateAuthorWithoutBody" time="0.053" classname="genre.CreateGenreTest"/>
  <testcase name="testPositiveScenario" time="0.023" classname="genre.CreateGenreTest"/>
</testsuite> <!-- genre.CreateGenreTest -->
