<?xml version="1.0" encoding="UTF-8"?>
<!-- Generated by org.testng.reporters.JUnitReportReporter -->
<testsuite skipped="0" hostname="qa" name="genre.UpdateGenreTest" tests="3" failures="0" timestamp="17 Aug 2021 14:38:03 GMT" time="0.182" errors="0">
  <testcase name="testPositiveUpdateGenre" time="0.047" classname="genre.UpdateGenreTest"/>
  <testcase name="testUpdateGenreWithoutBody" time="0.066" classname="genre.UpdateGenreTest"/>
  <testcase name="testUpdateGenreThatNotFound" time="0.069" classname="genre.UpdateGenreTest"/>
</testsuite> <!-- genre.UpdateGenreTest -->
