<?xml version="1.0" encoding="UTF-8"?>
<!-- Generated by org.testng.reporters.JUnitReportReporter -->
<testsuite skipped="0" hostname="qa" name="genre.CreateGenreTest" tests="3" failures="0" timestamp="16 Aug 2021 14:51:36 GMT" time="0.095" errors="0">
  <testcase name="testCreateAuthorWithExistsId" time="0.050" classname="genre.CreateGenreTest"/>
  <testcase name="testPositiveScenario" time="0.019" classname="genre.CreateGenreTest"/>
  <testcase name="testCreateAuthorWithoutBody" time="0.026" classname="genre.CreateGenreTest"/>
</testsuite> <!-- genre.CreateGenreTest -->
