<?xml version="1.0" encoding="UTF-8"?>
<!-- Generated by org.testng.reporters.JUnitReportReporter -->
<testsuite skipped="0" hostname="qa" name="author.GetAuthorByBookTest" tests="3" failures="0" timestamp="19 Aug 2021 10:15:27 GMT" time="0.258" errors="0">
  <testcase name="testSearchAuthorByBookThatNotExist" time="0.084" classname="author.GetAuthorByBookTest"/>
  <testcase name="testSearchAuthorByBook" time="0.070" classname="author.GetAuthorByBookTest"/>
  <testcase name="testSearchAuthorByBookBadRequest" time="0.104" classname="author.GetAuthorByBookTest"/>
</testsuite> <!-- author.GetAuthorByBookTest -->
