<?xml version="1.0" encoding="UTF-8"?>
<!-- Generated by org.testng.reporters.JUnitReportReporter -->
<testsuite skipped="0" hostname="qa" name="author.GetAuthorByGenreTest" tests="3" failures="0" timestamp="17 Aug 2021 14:38:03 GMT" time="0.187" errors="0">
  <testcase name="testSearchAuthorByGenreThatNotExist" time="0.060" classname="author.GetAuthorByGenreTest"/>
  <testcase name="testSearchAuthorByGenreBadRequest" time="0.071" classname="author.GetAuthorByGenreTest"/>
  <testcase name="testSearchAuthorByGenre" time="0.056" classname="author.GetAuthorByGenreTest"/>
</testsuite> <!-- author.GetAuthorByGenreTest -->
