<?xml version="1.0" encoding="UTF-8"?>
<!-- Generated by org.testng.reporters.JUnitReportReporter -->
<testsuite skipped="0" hostname="qa" name="genre.GetGenreTest" tests="3" failures="0" timestamp="19 Aug 2021 10:15:27 GMT" time="0.094" errors="0">
  <testcase name="testGetGenreById" time="0.045" classname="genre.GetGenreTest"/>
  <testcase name="testGetGenreNotFound" time="0.028" classname="genre.GetGenreTest"/>
  <testcase name="testGetGenreBadRequest" time="0.021" classname="genre.GetGenreTest"/>
</testsuite> <!-- genre.GetGenreTest -->
