<?xml version="1.0" encoding="UTF-8"?>
<!-- Generated by org.testng.reporters.JUnitReportReporter -->
<testsuite skipped="0" hostname="qa" name="author.UpdateAuthorTest" tests="3" failures="0" timestamp="17 Aug 2021 14:38:03 GMT" time="0.110" errors="0">
  <testcase name="testUpdateUserThatNotFound" time="0.038" classname="author.UpdateAuthorTest"/>
  <testcase name="testPositiveUpdateAuthor" time="0.021" classname="author.UpdateAuthorTest"/>
  <testcase name="testUpdateAuthorWithoutBody" time="0.051" classname="author.UpdateAuthorTest"/>
</testsuite> <!-- author.UpdateAuthorTest -->
