<?xml version="1.0" encoding="UTF-8"?>
<!-- Generated by org.testng.reporters.JUnitReportReporter -->
<testsuite skipped="0" hostname="qa" name="book.DeleteBookTest" tests="3" failures="0" timestamp="19 Aug 2021 10:15:27 GMT" time="0.656" errors="0">
  <testcase name="testDeleteBookNotFound" time="0.024" classname="book.DeleteBookTest"/>
  <testcase name="testDeleteBookBadRequest" time="0.512" classname="book.DeleteBookTest"/>
  <testcase name="testDeleteBookById" time="0.120" classname="book.DeleteBookTest"/>
</testsuite> <!-- book.DeleteBookTest -->
