<?xml version="1.0" encoding="UTF-8"?>
<!-- Generated by org.testng.reporters.JUnitReportReporter -->
<testsuite skipped="0" hostname="qa" name="author.GetAuthorTest" tests="3" failures="0" timestamp="16 Aug 2021 14:51:36 GMT" time="0.091" errors="0">
  <testcase name="testGetAuthorNotFound" time="0.028" classname="author.GetAuthorTest"/>
  <testcase name="testGetAuthorById" time="0.032" classname="author.GetAuthorTest"/>
  <testcase name="testGetAuthorBadRequest" time="0.031" classname="author.GetAuthorTest"/>
</testsuite> <!-- author.GetAuthorTest -->
