<?xml version="1.0" encoding="UTF-8"?>
<!-- Generated by org.testng.reporters.JUnitReportReporter -->
<testsuite skipped="0" hostname="qa" name="genre.DeleteGenreTest" tests="3" failures="0" timestamp="18 Aug 2021 13:04:41 GMT" time="0.062" errors="0">
  <testcase name="testDeleteGenreBadRequest" time="0.019" classname="genre.DeleteGenreTest"/>
  <testcase name="testDeleteGenreNotFound" time="0.019" classname="genre.DeleteGenreTest"/>
  <testcase name="testDeleteGenreById" time="0.024" classname="genre.DeleteGenreTest"/>
</testsuite> <!-- genre.DeleteGenreTest -->
