<?xml version="1.0" encoding="UTF-8"?>
<!-- Generated by org.testng.reporters.JUnitReportReporter -->
<testsuite skipped="0" hostname="qa" name="author.DeleteAuthorTest" tests="3" failures="0" timestamp="19 Aug 2021 10:15:27 GMT" time="0.092" errors="0">
  <testcase name="testDeleteAuthorNotFound" time="0.022" classname="author.DeleteAuthorTest"/>
  <testcase name="testDeleteAuthorBadRequest" time="0.039" classname="author.DeleteAuthorTest"/>
  <testcase name="testDeleteAuthorById" time="0.031" classname="author.DeleteAuthorTest"/>
</testsuite> <!-- author.DeleteAuthorTest -->
